{"C:\\Users\\DELL9\\Videos\\basura\\FULLSTACK\\backend\\app.js": {"path":"C:\\Users\\DELL9\\Videos\\basura\\FULLSTACK\\backend\\app.js","statementMap":{"0":{"start":{"line":1,"column":0},"end":{"line":1,"column":27}},"1":{"start":{"line":2,"column":16},"end":{"line":2,"column":34}},"2":{"start":{"line":3,"column":13},"end":{"line":3,"column":28}},"3":{"start":{"line":4,"column":18},"end":{"line":4,"column":47}},"4":{"start":{"line":5,"column":20},"end":{"line":5,"column":47}},"5":{"start":{"line":7,"column":19},"end":{"line":7,"column":49}},"6":{"start":{"line":8,"column":19},"end":{"line":8,"column":49}},"7":{"start":{"line":9,"column":26},"end":{"line":9,"column":63}},"8":{"start":{"line":10,"column":22},"end":{"line":10,"column":55}},"9":{"start":{"line":11,"column":22},"end":{"line":11,"column":55}},"10":{"start":{"line":12,"column":21},"end":{"line":12,"column":53}},"11":{"start":{"line":13,"column":19},"end":{"line":13,"column":49}},"12":{"start":{"line":14,"column":23},"end":{"line":14,"column":57}},"13":{"start":{"line":15,"column":24},"end":{"line":15,"column":59}},"14":{"start":{"line":16,"column":28},"end":{"line":16,"column":67}},"15":{"start":{"line":17,"column":27},"end":{"line":17,"column":65}},"16":{"start":{"line":19,"column":12},"end":{"line":19,"column":21}},"17":{"start":{"line":21,"column":0},"end":{"line":21,"column":24}},"18":{"start":{"line":24,"column":0},"end":{"line":24,"column":69}},"19":{"start":{"line":27,"column":0},"end":{"line":29,"column":3}},"20":{"start":{"line":28,"column":2},"end":{"line":28,"column":56}},"21":{"start":{"line":32,"column":0},"end":{"line":32,"column":88}},"22":{"start":{"line":33,"column":0},"end":{"line":33,"column":63}},"23":{"start":{"line":33,"column":40},"end":{"line":33,"column":61}},"24":{"start":{"line":39,"column":15},"end":{"line":39,"column":24}},"25":{"start":{"line":40,"column":19},"end":{"line":40,"column":25}},"26":{"start":{"line":42,"column":0},"end":{"line":54,"column":3}},"27":{"start":{"line":43,"column":2},"end":{"line":43,"column":44}},"28":{"start":{"line":44,"column":2},"end":{"line":44,"column":40}},"29":{"start":{"line":45,"column":2},"end":{"line":45,"column":55}},"30":{"start":{"line":46,"column":2},"end":{"line":46,"column":47}},"31":{"start":{"line":47,"column":2},"end":{"line":47,"column":47}},"32":{"start":{"line":48,"column":2},"end":{"line":48,"column":46}},"33":{"start":{"line":49,"column":2},"end":{"line":49,"column":41}},"34":{"start":{"line":50,"column":2},"end":{"line":50,"column":50}},"35":{"start":{"line":51,"column":2},"end":{"line":51,"column":52}},"36":{"start":{"line":52,"column":2},"end":{"line":52,"column":58}},"37":{"start":{"line":53,"column":2},"end":{"line":53,"column":57}},"38":{"start":{"line":56,"column":0},"end":{"line":56,"column":47}},"39":{"start":{"line":58,"column":0},"end":{"line":58,"column":21}}},"fnMap":{"0":{"name":"(anonymous_0)","decl":{"start":{"line":27,"column":13},"end":{"line":27,"column":14}},"loc":{"start":{"line":27,"column":27},"end":{"line":29,"column":1}},"line":27},"1":{"name":"(anonymous_1)","decl":{"start":{"line":33,"column":26},"end":{"line":33,"column":27}},"loc":{"start":{"line":33,"column":40},"end":{"line":33,"column":61}},"line":33},"2":{"name":"(anonymous_2)","decl":{"start":{"line":42,"column":29},"end":{"line":42,"column":30}},"loc":{"start":{"line":42,"column":39},"end":{"line":54,"column":1}},"line":42}},"branchMap":{},"s":{"0":11,"1":11,"2":11,"3":11,"4":11,"5":11,"6":11,"7":11,"8":11,"9":11,"10":11,"11":11,"12":11,"13":11,"14":11,"15":11,"16":11,"17":11,"18":11,"19":11,"20":0,"21":11,"22":11,"23":0,"24":11,"25":11,"26":11,"27":22,"28":22,"29":22,"30":22,"31":22,"32":22,"33":22,"34":22,"35":22,"36":22,"37":22,"38":11,"39":11},"f":{"0":0,"1":0,"2":22},"b":{},"_coverageSchema":"1a1c01bbd47fc00a2c39e90264f33305004495a9","hash":"c432bf72cc4a6718ddd9ad5e44eaf74dc4586324"}
,"C:\\Users\\DELL9\\Videos\\basura\\FULLSTACK\\backend\\index.js": {"path":"C:\\Users\\DELL9\\Videos\\basura\\FULLSTACK\\backend\\index.js","statementMap":{"0":{"start":{"line":1,"column":19},"end":{"line":1,"column":41}},"1":{"start":{"line":4,"column":0},"end":{"line":4,"column":29}},"2":{"start":{"line":6,"column":13},"end":{"line":6,"column":37}},"3":{"start":{"line":7,"column":13},"end":{"line":7,"column":37}},"4":{"start":{"line":8,"column":15},"end":{"line":8,"column":41}},"5":{"start":{"line":9,"column":16},"end":{"line":9,"column":43}},"6":{"start":{"line":10,"column":16},"end":{"line":10,"column":43}},"7":{"start":{"line":11,"column":20},"end":{"line":11,"column":51}},"8":{"start":{"line":12,"column":17},"end":{"line":12,"column":45}},"9":{"start":{"line":19,"column":4},"end":{"line":19,"column":33}},"10":{"start":{"line":21,"column":32},"end":{"line":21,"column":65}},"11":{"start":{"line":22,"column":24},"end":{"line":22,"column":64}},"12":{"start":{"line":23,"column":21},"end":{"line":23,"column":53}},"13":{"start":{"line":25,"column":0},"end":{"line":25,"column":70}},"14":{"start":{"line":26,"column":0},"end":{"line":26,"column":51}},"15":{"start":{"line":28,"column":0},"end":{"line":28,"column":68}},"16":{"start":{"line":29,"column":0},"end":{"line":29,"column":48}},"17":{"start":{"line":31,"column":0},"end":{"line":31,"column":69}},"18":{"start":{"line":32,"column":0},"end":{"line":32,"column":51}},"19":{"start":{"line":34,"column":0},"end":{"line":34,"column":73}},"20":{"start":{"line":35,"column":0},"end":{"line":35,"column":55}},"21":{"start":{"line":37,"column":0},"end":{"line":37,"column":70}},"22":{"start":{"line":38,"column":0},"end":{"line":38,"column":52}},"23":{"start":{"line":40,"column":0},"end":{"line":40,"column":75}},"24":{"start":{"line":41,"column":0},"end":{"line":41,"column":55}},"25":{"start":{"line":43,"column":0},"end":{"line":43,"column":78}},"26":{"start":{"line":44,"column":0},"end":{"line":44,"column":59}},"27":{"start":{"line":46,"column":0},"end":{"line":46,"column":111}},"28":{"start":{"line":47,"column":0},"end":{"line":47,"column":112}},"29":{"start":{"line":48,"column":0},"end":{"line":48,"column":79}},"30":{"start":{"line":49,"column":0},"end":{"line":49,"column":81}},"31":{"start":{"line":51,"column":0},"end":{"line":51,"column":72}},"32":{"start":{"line":52,"column":0},"end":{"line":52,"column":53}},"33":{"start":{"line":54,"column":0},"end":{"line":54,"column":85}},"34":{"start":{"line":55,"column":0},"end":{"line":55,"column":66}},"35":{"start":{"line":57,"column":0},"end":{"line":57,"column":72}},"36":{"start":{"line":58,"column":0},"end":{"line":58,"column":67}},"37":{"start":{"line":60,"column":0},"end":{"line":60,"column":73}},"38":{"start":{"line":61,"column":0},"end":{"line":61,"column":54}},"39":{"start":{"line":63,"column":0},"end":{"line":63,"column":75}},"40":{"start":{"line":64,"column":0},"end":{"line":64,"column":56}},"41":{"start":{"line":66,"column":0},"end":{"line":83,"column":2}}},"fnMap":{},"branchMap":{},"s":{"0":11,"1":11,"2":11,"3":11,"4":11,"5":11,"6":11,"7":11,"8":11,"9":11,"10":11,"11":11,"12":11,"13":11,"14":11,"15":11,"16":11,"17":11,"18":11,"19":11,"20":11,"21":11,"22":11,"23":11,"24":11,"25":11,"26":11,"27":11,"28":11,"29":11,"30":11,"31":11,"32":11,"33":11,"34":11,"35":11,"36":11,"37":11,"38":11,"39":11,"40":11,"41":11},"f":{},"b":{},"_coverageSchema":"1a1c01bbd47fc00a2c39e90264f33305004495a9","hash":"2a7f13e905647dc093b748c38a7f7dadcb406c15"}
,"C:\\Users\\DELL9\\Videos\\basura\\FULLSTACK\\backend\\config\\config.js": {"path":"C:\\Users\\DELL9\\Videos\\basura\\FULLSTACK\\backend\\config\\config.js","statementMap":{"0":{"start":{"line":1,"column":0},"end":{"line":1,"column":27}},"1":{"start":{"line":3,"column":0},"end":{"line":25,"column":2}}},"fnMap":{},"branchMap":{"0":{"loc":{"start":{"line":5,"column":14},"end":{"line":5,"column":43}},"type":"binary-expr","locations":[{"start":{"line":5,"column":14},"end":{"line":5,"column":33}},{"start":{"line":5,"column":37},"end":{"line":5,"column":43}}],"line":5},"1":{"loc":{"start":{"line":6,"column":14},"end":{"line":6,"column":47}},"type":"binary-expr","locations":[{"start":{"line":6,"column":14},"end":{"line":6,"column":37}},{"start":{"line":6,"column":41},"end":{"line":6,"column":47}}],"line":6},"2":{"loc":{"start":{"line":7,"column":14},"end":{"line":7,"column":58}},"type":"binary-expr","locations":[{"start":{"line":7,"column":14},"end":{"line":7,"column":33}},{"start":{"line":7,"column":37},"end":{"line":7,"column":58}}],"line":7},"3":{"loc":{"start":{"line":8,"column":10},"end":{"line":8,"column":44}},"type":"binary-expr","locations":[{"start":{"line":8,"column":10},"end":{"line":8,"column":29}},{"start":{"line":8,"column":33},"end":{"line":8,"column":44}}],"line":8}},"s":{"0":11,"1":11},"f":{},"b":{"0":[11,0],"1":[11,0],"2":[11,0],"3":[11,0]},"_coverageSchema":"1a1c01bbd47fc00a2c39e90264f33305004495a9","hash":"3bfef2adc34ba9312884e2593a2c7e103699c55c"}
,"C:\\Users\\DELL9\\Videos\\basura\\FULLSTACK\\backend\\config\\db.js": {"path":"C:\\Users\\DELL9\\Videos\\basura\\FULLSTACK\\backend\\config\\db.js","statementMap":{"0":{"start":{"line":1,"column":23},"end":{"line":1,"column":43}},"1":{"start":{"line":3,"column":15},"end":{"line":3,"column":73}},"2":{"start":{"line":5,"column":20},"end":{"line":5,"column":61}},"3":{"start":{"line":6,"column":23},"end":{"line":6,"column":71}},"4":{"start":{"line":8,"column":18},"end":{"line":23,"column":1}},"5":{"start":{"line":25,"column":14},"end":{"line":25,"column":69}},"6":{"start":{"line":25,"column":22},"end":{"line":25,"column":69}},"7":{"start":{"line":25,"column":45},"end":{"line":25,"column":68}},"8":{"start":{"line":27,"column":24},"end":{"line":49,"column":1}},"9":{"start":{"line":28,"column":2},"end":{"line":48,"column":3}},"10":{"start":{"line":28,"column":21},"end":{"line":28,"column":22}},"11":{"start":{"line":29,"column":4},"end":{"line":47,"column":5}},"12":{"start":{"line":30,"column":6},"end":{"line":30,"column":37}},"13":{"start":{"line":31,"column":6},"end":{"line":34,"column":7}},"14":{"start":{"line":32,"column":24},"end":{"line":32,"column":46}},"15":{"start":{"line":33,"column":8},"end":{"line":33,"column":54}},"16":{"start":{"line":35,"column":6},"end":{"line":35,"column":13}},"17":{"start":{"line":37,"column":6},"end":{"line":42,"column":7}},"18":{"start":{"line":38,"column":8},"end":{"line":38,"column":94}},"19":{"start":{"line":39,"column":8},"end":{"line":39,"column":114}},"20":{"start":{"line":40,"column":8},"end":{"line":40,"column":96}},"21":{"start":{"line":41,"column":8},"end":{"line":41,"column":84}},"22":{"start":{"line":43,"column":6},"end":{"line":45,"column":7}},"23":{"start":{"line":44,"column":8},"end":{"line":44,"column":106}},"24":{"start":{"line":46,"column":6},"end":{"line":46,"column":34}},"25":{"start":{"line":51,"column":0},"end":{"line":51,"column":18}},"26":{"start":{"line":53,"column":0},"end":{"line":53,"column":27}}},"fnMap":{"0":{"name":"(anonymous_0)","decl":{"start":{"line":25,"column":14},"end":{"line":25,"column":15}},"loc":{"start":{"line":25,"column":22},"end":{"line":25,"column":69}},"line":25},"1":{"name":"(anonymous_1)","decl":{"start":{"line":25,"column":34},"end":{"line":25,"column":35}},"loc":{"start":{"line":25,"column":45},"end":{"line":25,"column":68}},"line":25},"2":{"name":"(anonymous_2)","decl":{"start":{"line":27,"column":24},"end":{"line":27,"column":25}},"loc":{"start":{"line":27,"column":57},"end":{"line":49,"column":1}},"line":27}},"branchMap":{"0":{"loc":{"start":{"line":3,"column":35},"end":{"line":3,"column":72}},"type":"binary-expr","locations":[{"start":{"line":3,"column":35},"end":{"line":3,"column":55}},{"start":{"line":3,"column":59},"end":{"line":3,"column":72}}],"line":3},"1":{"loc":{"start":{"line":5,"column":20},"end":{"line":5,"column":61}},"type":"binary-expr","locations":[{"start":{"line":5,"column":20},"end":{"line":5,"column":56}},{"start":{"line":5,"column":60},"end":{"line":5,"column":61}}],"line":5},"2":{"loc":{"start":{"line":6,"column":23},"end":{"line":6,"column":71}},"type":"binary-expr","locations":[{"start":{"line":6,"column":23},"end":{"line":6,"column":63}},{"start":{"line":6,"column":67},"end":{"line":6,"column":71}}],"line":6},"3":{"loc":{"start":{"line":27,"column":31},"end":{"line":27,"column":52}},"type":"default-arg","locations":[{"start":{"line":27,"column":41},"end":{"line":27,"column":52}}],"line":27},"4":{"loc":{"start":{"line":31,"column":6},"end":{"line":34,"column":7}},"type":"if","locations":[{"start":{"line":31,"column":6},"end":{"line":34,"column":7}},{"start":{},"end":{}}],"line":31},"5":{"loc":{"start":{"line":37,"column":6},"end":{"line":42,"column":7}},"type":"if","locations":[{"start":{"line":37,"column":6},"end":{"line":42,"column":7}},{"start":{},"end":{}}],"line":37},"6":{"loc":{"start":{"line":43,"column":6},"end":{"line":45,"column":7}},"type":"if","locations":[{"start":{"line":43,"column":6},"end":{"line":45,"column":7}},{"start":{},"end":{}}],"line":43}},"s":{"0":11,"1":11,"2":11,"3":11,"4":11,"5":11,"6":0,"7":0,"8":11,"9":11,"10":11,"11":11,"12":11,"13":11,"14":0,"15":0,"16":11,"17":0,"18":0,"19":0,"20":0,"21":0,"22":0,"23":0,"24":0,"25":11,"26":11},"f":{"0":0,"1":0,"2":11},"b":{"0":[11,0],"1":[11,11],"2":[11,11],"3":[11],"4":[0,11],"5":[0,0],"6":[0,0]},"_coverageSchema":"1a1c01bbd47fc00a2c39e90264f33305004495a9","hash":"d99190f7b8a629053a0504b64c82e027dace9930"}
,"C:\\Users\\DELL9\\Videos\\basura\\FULLSTACK\\backend\\config\\swagger.js": {"path":"C:\\Users\\DELL9\\Videos\\basura\\FULLSTACK\\backend\\config\\swagger.js","statementMap":{"0":{"start":{"line":1,"column":21},"end":{"line":1,"column":45}},"1":{"start":{"line":3,"column":16},"end":{"line":414,"column":1}},"2":{"start":{"line":416,"column":0},"end":{"line":416,"column":39}}},"fnMap":{},"branchMap":{},"s":{"0":11,"1":11,"2":11},"f":{},"b":{},"_coverageSchema":"1a1c01bbd47fc00a2c39e90264f33305004495a9","hash":"0047191aef78e2601814b3676a83e9e4f515f8d5"}
,"C:\\Users\\DELL9\\Videos\\basura\\FULLSTACK\\backend\\controllers\\AceleradoraController.js": {"path":"C:\\Users\\DELL9\\Videos\\basura\\FULLSTACK\\backend\\controllers\\AceleradoraController.js","statementMap":{"0":{"start":{"line":1,"column":27},"end":{"line":1,"column":68}},"1":{"start":{"line":2,"column":25},"end":{"line":2,"column":71}},"2":{"start":{"line":2,"column":37},"end":{"line":2,"column":71}},"3":{"start":{"line":4,"column":25},"end":{"line":11,"column":1}},"4":{"start":{"line":5,"column":4},"end":{"line":10,"column":5}},"5":{"start":{"line":6,"column":28},"end":{"line":6,"column":79}},"6":{"start":{"line":7,"column":8},"end":{"line":7,"column":90}},"7":{"start":{"line":9,"column":8},"end":{"line":9,"column":97}},"8":{"start":{"line":13,"column":28},"end":{"line":20,"column":1}},"9":{"start":{"line":14,"column":4},"end":{"line":19,"column":5}},"10":{"start":{"line":15,"column":26},"end":{"line":15,"column":81}},"11":{"start":{"line":16,"column":8},"end":{"line":16,"column":40}},"12":{"start":{"line":18,"column":8},"end":{"line":18,"column":101}},"13":{"start":{"line":22,"column":28},"end":{"line":32,"column":1}},"14":{"start":{"line":23,"column":4},"end":{"line":31,"column":5}},"15":{"start":{"line":24,"column":8},"end":{"line":24,"column":83}},"16":{"start":{"line":25,"column":8},"end":{"line":25,"column":81}},"17":{"start":{"line":27,"column":8},"end":{"line":29,"column":9}},"18":{"start":{"line":28,"column":12},"end":{"line":28,"column":68}},"19":{"start":{"line":30,"column":8},"end":{"line":30,"column":100}},"20":{"start":{"line":34,"column":26},"end":{"line":44,"column":1}},"21":{"start":{"line":35,"column":4},"end":{"line":43,"column":5}},"22":{"start":{"line":36,"column":35},"end":{"line":36,"column":117}},"23":{"start":{"line":37,"column":8},"end":{"line":37,"column":49}},"24":{"start":{"line":39,"column":8},"end":{"line":41,"column":9}},"25":{"start":{"line":40,"column":12},"end":{"line":40,"column":68}},"26":{"start":{"line":42,"column":8},"end":{"line":42,"column":98}},"27":{"start":{"line":46,"column":0},"end":{"line":51,"column":1}}},"fnMap":{"0":{"name":"(anonymous_0)","decl":{"start":{"line":2,"column":25},"end":{"line":2,"column":26}},"loc":{"start":{"line":2,"column":37},"end":{"line":2,"column":71}},"line":2},"1":{"name":"(anonymous_1)","decl":{"start":{"line":4,"column":25},"end":{"line":4,"column":26}},"loc":{"start":{"line":4,"column":45},"end":{"line":11,"column":1}},"line":4},"2":{"name":"(anonymous_2)","decl":{"start":{"line":13,"column":28},"end":{"line":13,"column":29}},"loc":{"start":{"line":13,"column":48},"end":{"line":20,"column":1}},"line":13},"3":{"name":"(anonymous_3)","decl":{"start":{"line":22,"column":28},"end":{"line":22,"column":29}},"loc":{"start":{"line":22,"column":48},"end":{"line":32,"column":1}},"line":22},"4":{"name":"(anonymous_4)","decl":{"start":{"line":34,"column":26},"end":{"line":34,"column":27}},"loc":{"start":{"line":34,"column":46},"end":{"line":44,"column":1}},"line":34}},"branchMap":{"0":{"loc":{"start":{"line":2,"column":37},"end":{"line":2,"column":71}},"type":"binary-expr","locations":[{"start":{"line":2,"column":37},"end":{"line":2,"column":46}},{"start":{"line":2,"column":50},"end":{"line":2,"column":71}}],"line":2},"1":{"loc":{"start":{"line":27,"column":8},"end":{"line":29,"column":9}},"type":"if","locations":[{"start":{"line":27,"column":8},"end":{"line":29,"column":9}},{"start":{},"end":{}}],"line":27},"2":{"loc":{"start":{"line":39,"column":8},"end":{"line":41,"column":9}},"type":"if","locations":[{"start":{"line":39,"column":8},"end":{"line":41,"column":9}},{"start":{},"end":{}}],"line":39}},"s":{"0":11,"1":11,"2":2,"3":11,"4":1,"5":1,"6":1,"7":0,"8":11,"9":2,"10":2,"11":2,"12":0,"13":11,"14":1,"15":1,"16":1,"17":0,"18":0,"19":0,"20":11,"21":1,"22":1,"23":1,"24":0,"25":0,"26":0,"27":11},"f":{"0":2,"1":1,"2":2,"3":1,"4":1},"b":{"0":[2,2],"1":[0,0],"2":[0,0]},"_coverageSchema":"1a1c01bbd47fc00a2c39e90264f33305004495a9","hash":"44310ce0e00e8ef15ec2b595a42913b26ad46154"}
,"C:\\Users\\DELL9\\Videos\\basura\\FULLSTACK\\backend\\controllers\\AuthController.js": {"path":"C:\\Users\\DELL9\\Videos\\basura\\FULLSTACK\\backend\\controllers\\AuthController.js","statementMap":{"0":{"start":{"line":34,"column":20},"end":{"line":34,"column":54}},"1":{"start":{"line":39,"column":14},"end":{"line":62,"column":1}},"2":{"start":{"line":40,"column":2},"end":{"line":61,"column":3}},"3":{"start":{"line":41,"column":32},"end":{"line":41,"column":40}},"4":{"start":{"line":42,"column":21},"end":{"line":42,"column":61}},"5":{"start":{"line":44,"column":4},"end":{"line":48,"column":7}},"6":{"start":{"line":51,"column":4},"end":{"line":53,"column":5}},"7":{"start":{"line":52,"column":6},"end":{"line":52,"column":62}},"8":{"start":{"line":54,"column":4},"end":{"line":56,"column":5}},"9":{"start":{"line":55,"column":6},"end":{"line":55,"column":62}},"10":{"start":{"line":57,"column":4},"end":{"line":60,"column":7}},"11":{"start":{"line":67,"column":15},"end":{"line":85,"column":1}},"12":{"start":{"line":68,"column":2},"end":{"line":84,"column":3}},"13":{"start":{"line":70,"column":23},"end":{"line":70,"column":51}},"14":{"start":{"line":71,"column":18},"end":{"line":71,"column":56}},"15":{"start":{"line":73,"column":4},"end":{"line":73,"column":36}},"16":{"start":{"line":74,"column":4},"end":{"line":74,"column":75}},"17":{"start":{"line":76,"column":4},"end":{"line":79,"column":5}},"18":{"start":{"line":78,"column":6},"end":{"line":78,"column":62}},"19":{"start":{"line":80,"column":4},"end":{"line":83,"column":7}},"20":{"start":{"line":90,"column":14},"end":{"line":104,"column":1}},"21":{"start":{"line":91,"column":2},"end":{"line":103,"column":3}},"22":{"start":{"line":93,"column":20},"end":{"line":93,"column":56}},"23":{"start":{"line":94,"column":4},"end":{"line":97,"column":7}},"24":{"start":{"line":99,"column":4},"end":{"line":101,"column":5}},"25":{"start":{"line":100,"column":6},"end":{"line":100,"column":62}},"26":{"start":{"line":102,"column":4},"end":{"line":102,"column":98}},"27":{"start":{"line":106,"column":0},"end":{"line":106,"column":42}}},"fnMap":{"0":{"name":"(anonymous_0)","decl":{"start":{"line":39,"column":14},"end":{"line":39,"column":15}},"loc":{"start":{"line":39,"column":34},"end":{"line":62,"column":1}},"line":39},"1":{"name":"(anonymous_1)","decl":{"start":{"line":67,"column":15},"end":{"line":67,"column":16}},"loc":{"start":{"line":67,"column":35},"end":{"line":85,"column":1}},"line":67},"2":{"name":"(anonymous_2)","decl":{"start":{"line":90,"column":14},"end":{"line":90,"column":15}},"loc":{"start":{"line":90,"column":34},"end":{"line":104,"column":1}},"line":90}},"branchMap":{"0":{"loc":{"start":{"line":51,"column":4},"end":{"line":53,"column":5}},"type":"if","locations":[{"start":{"line":51,"column":4},"end":{"line":53,"column":5}},{"start":{},"end":{}}],"line":51},"1":{"loc":{"start":{"line":54,"column":4},"end":{"line":56,"column":5}},"type":"if","locations":[{"start":{"line":54,"column":4},"end":{"line":56,"column":5}},{"start":{},"end":{}}],"line":54},"2":{"loc":{"start":{"line":71,"column":18},"end":{"line":71,"column":56}},"type":"binary-expr","locations":[{"start":{"line":71,"column":18},"end":{"line":71,"column":28}},{"start":{"line":71,"column":32},"end":{"line":71,"column":56}}],"line":71},"3":{"loc":{"start":{"line":76,"column":4},"end":{"line":79,"column":5}},"type":"if","locations":[{"start":{"line":76,"column":4},"end":{"line":79,"column":5}},{"start":{},"end":{}}],"line":76},"4":{"loc":{"start":{"line":76,"column":8},"end":{"line":77,"column":63}},"type":"binary-expr","locations":[{"start":{"line":76,"column":8},"end":{"line":76,"column":56}},{"start":{"line":77,"column":8},"end":{"line":77,"column":63}}],"line":76},"5":{"loc":{"start":{"line":99,"column":4},"end":{"line":101,"column":5}},"type":"if","locations":[{"start":{"line":99,"column":4},"end":{"line":101,"column":5}},{"start":{},"end":{}}],"line":99}},"s":{"0":11,"1":11,"2":12,"3":12,"4":12,"5":11,"6":1,"7":0,"8":1,"9":1,"10":0,"11":11,"12":1,"13":1,"14":1,"15":1,"16":1,"17":0,"18":0,"19":0,"20":11,"21":1,"22":1,"23":1,"24":0,"25":0,"26":0,"27":11},"f":{"0":12,"1":1,"2":1},"b":{"0":[0,1],"1":[1,0],"2":[1,1],"3":[0,0],"4":[0,0],"5":[0,0]},"_coverageSchema":"1a1c01bbd47fc00a2c39e90264f33305004495a9","hash":"75db6c51f7e4b4140d2aaeec1d9b54f836a8601a"}
,"C:\\Users\\DELL9\\Videos\\basura\\FULLSTACK\\backend\\controllers\\CommunicationController.js": {"path":"C:\\Users\\DELL9\\Videos\\basura\\FULLSTACK\\backend\\controllers\\CommunicationController.js","statementMap":{"0":{"start":{"line":1,"column":29},"end":{"line":1,"column":72}},"1":{"start":{"line":3,"column":21},"end":{"line":10,"column":1}},"2":{"start":{"line":4,"column":4},"end":{"line":9,"column":5}},"3":{"start":{"line":5,"column":24},"end":{"line":5,"column":73}},"4":{"start":{"line":6,"column":8},"end":{"line":6,"column":82}},"5":{"start":{"line":8,"column":8},"end":{"line":8,"column":93}},"6":{"start":{"line":12,"column":24},"end":{"line":19,"column":1}},"7":{"start":{"line":13,"column":4},"end":{"line":18,"column":5}},"8":{"start":{"line":14,"column":26},"end":{"line":14,"column":79}},"9":{"start":{"line":15,"column":8},"end":{"line":15,"column":40}},"10":{"start":{"line":17,"column":8},"end":{"line":17,"column":97}},"11":{"start":{"line":21,"column":20},"end":{"line":28,"column":1}},"12":{"start":{"line":22,"column":4},"end":{"line":27,"column":5}},"13":{"start":{"line":23,"column":22},"end":{"line":23,"column":62}},"14":{"start":{"line":24,"column":8},"end":{"line":24,"column":36}},"15":{"start":{"line":26,"column":8},"end":{"line":26,"column":94}},"16":{"start":{"line":30,"column":36},"end":{"line":37,"column":1}},"17":{"start":{"line":31,"column":4},"end":{"line":36,"column":5}},"18":{"start":{"line":32,"column":24},"end":{"line":32,"column":88}},"19":{"start":{"line":33,"column":8},"end":{"line":33,"column":102}},"20":{"start":{"line":35,"column":8},"end":{"line":35,"column":113}},"21":{"start":{"line":39,"column":38},"end":{"line":46,"column":1}},"22":{"start":{"line":40,"column":4},"end":{"line":45,"column":5}},"23":{"start":{"line":41,"column":26},"end":{"line":41,"column":94}},"24":{"start":{"line":42,"column":8},"end":{"line":42,"column":40}},"25":{"start":{"line":44,"column":8},"end":{"line":44,"column":117}},"26":{"start":{"line":48,"column":18},"end":{"line":55,"column":1}},"27":{"start":{"line":49,"column":4},"end":{"line":54,"column":5}},"28":{"start":{"line":50,"column":21},"end":{"line":50,"column":59}},"29":{"start":{"line":51,"column":8},"end":{"line":51,"column":76}},"30":{"start":{"line":53,"column":8},"end":{"line":53,"column":90}},"31":{"start":{"line":57,"column":31},"end":{"line":65,"column":1}},"32":{"start":{"line":58,"column":4},"end":{"line":64,"column":5}},"33":{"start":{"line":59,"column":24},"end":{"line":59,"column":50}},"34":{"start":{"line":60,"column":25},"end":{"line":60,"column":83}},"35":{"start":{"line":61,"column":8},"end":{"line":61,"column":39}},"36":{"start":{"line":63,"column":8},"end":{"line":63,"column":102}},"37":{"start":{"line":67,"column":28},"end":{"line":75,"column":1}},"38":{"start":{"line":68,"column":4},"end":{"line":74,"column":5}},"39":{"start":{"line":69,"column":24},"end":{"line":69,"column":50}},"40":{"start":{"line":70,"column":24},"end":{"line":70,"column":89}},"41":{"start":{"line":71,"column":8},"end":{"line":71,"column":91}},"42":{"start":{"line":73,"column":8},"end":{"line":73,"column":99}},"43":{"start":{"line":77,"column":24},"end":{"line":87,"column":1}},"44":{"start":{"line":78,"column":4},"end":{"line":86,"column":5}},"45":{"start":{"line":79,"column":8},"end":{"line":79,"column":74}},"46":{"start":{"line":80,"column":8},"end":{"line":80,"column":77}},"47":{"start":{"line":82,"column":8},"end":{"line":84,"column":9}},"48":{"start":{"line":83,"column":12},"end":{"line":83,"column":68}},"49":{"start":{"line":85,"column":8},"end":{"line":85,"column":96}},"50":{"start":{"line":89,"column":22},"end":{"line":99,"column":1}},"51":{"start":{"line":90,"column":4},"end":{"line":98,"column":5}},"52":{"start":{"line":91,"column":31},"end":{"line":91,"column":104}},"53":{"start":{"line":92,"column":8},"end":{"line":92,"column":45}},"54":{"start":{"line":94,"column":8},"end":{"line":96,"column":9}},"55":{"start":{"line":95,"column":12},"end":{"line":95,"column":68}},"56":{"start":{"line":97,"column":8},"end":{"line":97,"column":94}},"57":{"start":{"line":101,"column":31},"end":{"line":111,"column":1}},"58":{"start":{"line":102,"column":4},"end":{"line":110,"column":5}},"59":{"start":{"line":103,"column":24},"end":{"line":103,"column":96}},"60":{"start":{"line":104,"column":8},"end":{"line":104,"column":81}},"61":{"start":{"line":106,"column":8},"end":{"line":108,"column":9}},"62":{"start":{"line":107,"column":12},"end":{"line":107,"column":68}},"63":{"start":{"line":109,"column":8},"end":{"line":109,"column":105}},"64":{"start":{"line":113,"column":37},"end":{"line":124,"column":1}},"65":{"start":{"line":114,"column":4},"end":{"line":123,"column":5}},"66":{"start":{"line":115,"column":28},"end":{"line":115,"column":36}},"67":{"start":{"line":116,"column":8},"end":{"line":118,"column":9}},"68":{"start":{"line":117,"column":12},"end":{"line":117,"column":77}},"69":{"start":{"line":119,"column":26},"end":{"line":119,"column":90}},"70":{"start":{"line":120,"column":8},"end":{"line":120,"column":40}},"71":{"start":{"line":122,"column":8},"end":{"line":122,"column":113}},"72":{"start":{"line":126,"column":24},"end":{"line":133,"column":1}},"73":{"start":{"line":127,"column":4},"end":{"line":132,"column":5}},"74":{"start":{"line":128,"column":27},"end":{"line":128,"column":79}},"75":{"start":{"line":129,"column":8},"end":{"line":129,"column":89}},"76":{"start":{"line":131,"column":8},"end":{"line":131,"column":97}},"77":{"start":{"line":135,"column":27},"end":{"line":142,"column":1}},"78":{"start":{"line":136,"column":4},"end":{"line":141,"column":5}},"79":{"start":{"line":137,"column":26},"end":{"line":137,"column":82}},"80":{"start":{"line":138,"column":8},"end":{"line":138,"column":40}},"81":{"start":{"line":140,"column":8},"end":{"line":140,"column":101}},"82":{"start":{"line":144,"column":27},"end":{"line":154,"column":1}},"83":{"start":{"line":145,"column":4},"end":{"line":153,"column":5}},"84":{"start":{"line":146,"column":8},"end":{"line":146,"column":80}},"85":{"start":{"line":147,"column":8},"end":{"line":147,"column":81}},"86":{"start":{"line":149,"column":8},"end":{"line":151,"column":9}},"87":{"start":{"line":150,"column":12},"end":{"line":150,"column":68}},"88":{"start":{"line":152,"column":8},"end":{"line":152,"column":100}},"89":{"start":{"line":156,"column":25},"end":{"line":166,"column":1}},"90":{"start":{"line":157,"column":4},"end":{"line":165,"column":5}},"91":{"start":{"line":158,"column":34},"end":{"line":158,"column":113}},"92":{"start":{"line":159,"column":8},"end":{"line":159,"column":48}},"93":{"start":{"line":161,"column":8},"end":{"line":163,"column":9}},"94":{"start":{"line":162,"column":12},"end":{"line":162,"column":68}},"95":{"start":{"line":164,"column":8},"end":{"line":164,"column":98}},"96":{"start":{"line":168,"column":0},"end":{"line":185,"column":1}}},"fnMap":{"0":{"name":"(anonymous_0)","decl":{"start":{"line":3,"column":21},"end":{"line":3,"column":22}},"loc":{"start":{"line":3,"column":41},"end":{"line":10,"column":1}},"line":3},"1":{"name":"(anonymous_1)","decl":{"start":{"line":12,"column":24},"end":{"line":12,"column":25}},"loc":{"start":{"line":12,"column":44},"end":{"line":19,"column":1}},"line":12},"2":{"name":"(anonymous_2)","decl":{"start":{"line":21,"column":20},"end":{"line":21,"column":21}},"loc":{"start":{"line":21,"column":40},"end":{"line":28,"column":1}},"line":21},"3":{"name":"(anonymous_3)","decl":{"start":{"line":30,"column":36},"end":{"line":30,"column":37}},"loc":{"start":{"line":30,"column":56},"end":{"line":37,"column":1}},"line":30},"4":{"name":"(anonymous_4)","decl":{"start":{"line":39,"column":38},"end":{"line":39,"column":39}},"loc":{"start":{"line":39,"column":58},"end":{"line":46,"column":1}},"line":39},"5":{"name":"(anonymous_5)","decl":{"start":{"line":48,"column":18},"end":{"line":48,"column":19}},"loc":{"start":{"line":48,"column":38},"end":{"line":55,"column":1}},"line":48},"6":{"name":"(anonymous_6)","decl":{"start":{"line":57,"column":31},"end":{"line":57,"column":32}},"loc":{"start":{"line":57,"column":51},"end":{"line":65,"column":1}},"line":57},"7":{"name":"(anonymous_7)","decl":{"start":{"line":67,"column":28},"end":{"line":67,"column":29}},"loc":{"start":{"line":67,"column":48},"end":{"line":75,"column":1}},"line":67},"8":{"name":"(anonymous_8)","decl":{"start":{"line":77,"column":24},"end":{"line":77,"column":25}},"loc":{"start":{"line":77,"column":44},"end":{"line":87,"column":1}},"line":77},"9":{"name":"(anonymous_9)","decl":{"start":{"line":89,"column":22},"end":{"line":89,"column":23}},"loc":{"start":{"line":89,"column":42},"end":{"line":99,"column":1}},"line":89},"10":{"name":"(anonymous_10)","decl":{"start":{"line":101,"column":31},"end":{"line":101,"column":32}},"loc":{"start":{"line":101,"column":51},"end":{"line":111,"column":1}},"line":101},"11":{"name":"(anonymous_11)","decl":{"start":{"line":113,"column":37},"end":{"line":113,"column":38}},"loc":{"start":{"line":113,"column":57},"end":{"line":124,"column":1}},"line":113},"12":{"name":"(anonymous_12)","decl":{"start":{"line":126,"column":24},"end":{"line":126,"column":25}},"loc":{"start":{"line":126,"column":44},"end":{"line":133,"column":1}},"line":126},"13":{"name":"(anonymous_13)","decl":{"start":{"line":135,"column":27},"end":{"line":135,"column":28}},"loc":{"start":{"line":135,"column":47},"end":{"line":142,"column":1}},"line":135},"14":{"name":"(anonymous_14)","decl":{"start":{"line":144,"column":27},"end":{"line":144,"column":28}},"loc":{"start":{"line":144,"column":47},"end":{"line":154,"column":1}},"line":144},"15":{"name":"(anonymous_15)","decl":{"start":{"line":156,"column":25},"end":{"line":156,"column":26}},"loc":{"start":{"line":156,"column":45},"end":{"line":166,"column":1}},"line":156}},"branchMap":{"0":{"loc":{"start":{"line":82,"column":8},"end":{"line":84,"column":9}},"type":"if","locations":[{"start":{"line":82,"column":8},"end":{"line":84,"column":9}},{"start":{},"end":{}}],"line":82},"1":{"loc":{"start":{"line":94,"column":8},"end":{"line":96,"column":9}},"type":"if","locations":[{"start":{"line":94,"column":8},"end":{"line":96,"column":9}},{"start":{},"end":{}}],"line":94},"2":{"loc":{"start":{"line":106,"column":8},"end":{"line":108,"column":9}},"type":"if","locations":[{"start":{"line":106,"column":8},"end":{"line":108,"column":9}},{"start":{},"end":{}}],"line":106},"3":{"loc":{"start":{"line":116,"column":8},"end":{"line":118,"column":9}},"type":"if","locations":[{"start":{"line":116,"column":8},"end":{"line":118,"column":9}},{"start":{},"end":{}}],"line":116},"4":{"loc":{"start":{"line":149,"column":8},"end":{"line":151,"column":9}},"type":"if","locations":[{"start":{"line":149,"column":8},"end":{"line":151,"column":9}},{"start":{},"end":{}}],"line":149},"5":{"loc":{"start":{"line":161,"column":8},"end":{"line":163,"column":9}},"type":"if","locations":[{"start":{"line":161,"column":8},"end":{"line":163,"column":9}},{"start":{},"end":{}}],"line":161}},"s":{"0":11,"1":11,"2":0,"3":0,"4":0,"5":0,"6":11,"7":1,"8":1,"9":1,"10":0,"11":11,"12":1,"13":1,"14":1,"15":0,"16":11,"17":2,"18":2,"19":2,"20":0,"21":11,"22":1,"23":1,"24":1,"25":0,"26":11,"27":9,"28":9,"29":9,"30":0,"31":11,"32":1,"33":1,"34":1,"35":1,"36":0,"37":11,"38":9,"39":9,"40":9,"41":9,"42":0,"43":11,"44":1,"45":1,"46":1,"47":0,"48":0,"49":0,"50":11,"51":1,"52":1,"53":1,"54":0,"55":0,"56":0,"57":11,"58":2,"59":2,"60":1,"61":1,"62":1,"63":0,"64":11,"65":2,"66":2,"67":2,"68":1,"69":1,"70":1,"71":0,"72":11,"73":3,"74":3,"75":3,"76":0,"77":11,"78":1,"79":1,"80":1,"81":0,"82":11,"83":1,"84":1,"85":1,"86":0,"87":0,"88":0,"89":11,"90":0,"91":0,"92":0,"93":0,"94":0,"95":0,"96":11},"f":{"0":0,"1":1,"2":1,"3":2,"4":1,"5":9,"6":1,"7":9,"8":1,"9":1,"10":2,"11":2,"12":3,"13":1,"14":1,"15":0},"b":{"0":[0,0],"1":[0,0],"2":[1,0],"3":[1,1],"4":[0,0],"5":[0,0]},"_coverageSchema":"1a1c01bbd47fc00a2c39e90264f33305004495a9","hash":"94ce3fa3f98ed52f38711ebf68a4aa456088a877"}
,"C:\\Users\\DELL9\\Videos\\basura\\FULLSTACK\\backend\\controllers\\EcosystemController.js": {"path":"C:\\Users\\DELL9\\Videos\\basura\\FULLSTACK\\backend\\controllers\\EcosystemController.js","statementMap":{"0":{"start":{"line":41,"column":25},"end":{"line":41,"column":64}},"1":{"start":{"line":46,"column":29},"end":{"line":53,"column":1}},"2":{"start":{"line":47,"column":2},"end":{"line":52,"column":3}},"3":{"start":{"line":48,"column":16},"end":{"line":48,"column":69}},"4":{"start":{"line":49,"column":4},"end":{"line":49,"column":99}},"5":{"start":{"line":51,"column":4},"end":{"line":51,"column":97}},"6":{"start":{"line":56,"column":33},"end":{"line":63,"column":1}},"7":{"start":{"line":57,"column":2},"end":{"line":62,"column":3}},"8":{"start":{"line":58,"column":22},"end":{"line":58,"column":80}},"9":{"start":{"line":59,"column":4},"end":{"line":59,"column":36}},"10":{"start":{"line":61,"column":4},"end":{"line":61,"column":102}},"11":{"start":{"line":66,"column":32},"end":{"line":74,"column":1}},"12":{"start":{"line":67,"column":2},"end":{"line":73,"column":3}},"13":{"start":{"line":68,"column":4},"end":{"line":68,"column":82}},"14":{"start":{"line":69,"column":4},"end":{"line":69,"column":81}},"15":{"start":{"line":71,"column":4},"end":{"line":71,"column":115}},"16":{"start":{"line":71,"column":59},"end":{"line":71,"column":115}},"17":{"start":{"line":72,"column":4},"end":{"line":72,"column":100}},"18":{"start":{"line":77,"column":30},"end":{"line":85,"column":1}},"19":{"start":{"line":78,"column":2},"end":{"line":84,"column":3}},"20":{"start":{"line":79,"column":20},"end":{"line":79,"column":105}},"21":{"start":{"line":80,"column":4},"end":{"line":80,"column":34}},"22":{"start":{"line":82,"column":4},"end":{"line":82,"column":115}},"23":{"start":{"line":82,"column":59},"end":{"line":82,"column":115}},"24":{"start":{"line":83,"column":4},"end":{"line":83,"column":98}},"25":{"start":{"line":90,"column":27},"end":{"line":97,"column":1}},"26":{"start":{"line":91,"column":2},"end":{"line":96,"column":3}},"27":{"start":{"line":92,"column":21},"end":{"line":92,"column":72}},"28":{"start":{"line":93,"column":4},"end":{"line":93,"column":100}},"29":{"start":{"line":95,"column":4},"end":{"line":95,"column":95}},"30":{"start":{"line":100,"column":31},"end":{"line":107,"column":1}},"31":{"start":{"line":101,"column":2},"end":{"line":106,"column":3}},"32":{"start":{"line":102,"column":22},"end":{"line":102,"column":78}},"33":{"start":{"line":103,"column":4},"end":{"line":103,"column":36}},"34":{"start":{"line":105,"column":4},"end":{"line":105,"column":100}},"35":{"start":{"line":110,"column":30},"end":{"line":118,"column":1}},"36":{"start":{"line":111,"column":2},"end":{"line":117,"column":3}},"37":{"start":{"line":112,"column":4},"end":{"line":112,"column":78}},"38":{"start":{"line":113,"column":4},"end":{"line":113,"column":79}},"39":{"start":{"line":115,"column":4},"end":{"line":115,"column":113}},"40":{"start":{"line":115,"column":57},"end":{"line":115,"column":113}},"41":{"start":{"line":116,"column":4},"end":{"line":116,"column":98}},"42":{"start":{"line":121,"column":28},"end":{"line":129,"column":1}},"43":{"start":{"line":122,"column":2},"end":{"line":128,"column":3}},"44":{"start":{"line":123,"column":20},"end":{"line":123,"column":101}},"45":{"start":{"line":124,"column":4},"end":{"line":124,"column":34}},"46":{"start":{"line":126,"column":4},"end":{"line":126,"column":113}},"47":{"start":{"line":126,"column":57},"end":{"line":126,"column":113}},"48":{"start":{"line":127,"column":4},"end":{"line":127,"column":96}},"49":{"start":{"line":134,"column":23},"end":{"line":141,"column":1}},"50":{"start":{"line":135,"column":2},"end":{"line":140,"column":3}},"51":{"start":{"line":136,"column":22},"end":{"line":136,"column":69}},"52":{"start":{"line":137,"column":4},"end":{"line":137,"column":82}},"53":{"start":{"line":139,"column":4},"end":{"line":139,"column":91}},"54":{"start":{"line":144,"column":27},"end":{"line":151,"column":1}},"55":{"start":{"line":145,"column":2},"end":{"line":150,"column":3}},"56":{"start":{"line":146,"column":22},"end":{"line":146,"column":74}},"57":{"start":{"line":147,"column":4},"end":{"line":147,"column":36}},"58":{"start":{"line":149,"column":4},"end":{"line":149,"column":96}},"59":{"start":{"line":154,"column":28},"end":{"line":162,"column":1}},"60":{"start":{"line":155,"column":2},"end":{"line":161,"column":3}},"61":{"start":{"line":156,"column":20},"end":{"line":156,"column":97}},"62":{"start":{"line":157,"column":4},"end":{"line":157,"column":34}},"63":{"start":{"line":159,"column":4},"end":{"line":159,"column":109}},"64":{"start":{"line":159,"column":53},"end":{"line":159,"column":109}},"65":{"start":{"line":160,"column":4},"end":{"line":160,"column":92}},"66":{"start":{"line":165,"column":26},"end":{"line":173,"column":1}},"67":{"start":{"line":166,"column":2},"end":{"line":172,"column":3}},"68":{"start":{"line":167,"column":4},"end":{"line":167,"column":70}},"69":{"start":{"line":168,"column":4},"end":{"line":168,"column":75}},"70":{"start":{"line":170,"column":4},"end":{"line":170,"column":109}},"71":{"start":{"line":170,"column":53},"end":{"line":170,"column":109}},"72":{"start":{"line":171,"column":4},"end":{"line":171,"column":94}},"73":{"start":{"line":176,"column":25},"end":{"line":184,"column":1}},"74":{"start":{"line":177,"column":2},"end":{"line":183,"column":3}},"75":{"start":{"line":178,"column":21},"end":{"line":178,"column":85}},"76":{"start":{"line":179,"column":4},"end":{"line":179,"column":81}},"77":{"start":{"line":181,"column":4},"end":{"line":181,"column":109}},"78":{"start":{"line":181,"column":53},"end":{"line":181,"column":109}},"79":{"start":{"line":182,"column":4},"end":{"line":182,"column":93}},"80":{"start":{"line":187,"column":26},"end":{"line":195,"column":1}},"81":{"start":{"line":188,"column":2},"end":{"line":194,"column":3}},"82":{"start":{"line":189,"column":22},"end":{"line":189,"column":87}},"83":{"start":{"line":190,"column":4},"end":{"line":190,"column":83}},"84":{"start":{"line":192,"column":4},"end":{"line":192,"column":109}},"85":{"start":{"line":192,"column":53},"end":{"line":192,"column":109}},"86":{"start":{"line":193,"column":4},"end":{"line":193,"column":94}},"87":{"start":{"line":200,"column":30},"end":{"line":207,"column":1}},"88":{"start":{"line":201,"column":2},"end":{"line":206,"column":3}},"89":{"start":{"line":202,"column":20},"end":{"line":202,"column":74}},"90":{"start":{"line":203,"column":4},"end":{"line":203,"column":105}},"91":{"start":{"line":205,"column":4},"end":{"line":205,"column":98}},"92":{"start":{"line":210,"column":34},"end":{"line":217,"column":1}},"93":{"start":{"line":211,"column":2},"end":{"line":216,"column":3}},"94":{"start":{"line":212,"column":22},"end":{"line":212,"column":81}},"95":{"start":{"line":213,"column":4},"end":{"line":213,"column":36}},"96":{"start":{"line":215,"column":4},"end":{"line":215,"column":103}},"97":{"start":{"line":220,"column":35},"end":{"line":228,"column":1}},"98":{"start":{"line":221,"column":2},"end":{"line":227,"column":3}},"99":{"start":{"line":222,"column":20},"end":{"line":222,"column":111}},"100":{"start":{"line":223,"column":4},"end":{"line":223,"column":34}},"101":{"start":{"line":225,"column":4},"end":{"line":225,"column":116}},"102":{"start":{"line":225,"column":60},"end":{"line":225,"column":116}},"103":{"start":{"line":226,"column":4},"end":{"line":226,"column":99}},"104":{"start":{"line":231,"column":33},"end":{"line":239,"column":1}},"105":{"start":{"line":232,"column":2},"end":{"line":238,"column":3}},"106":{"start":{"line":233,"column":4},"end":{"line":233,"column":84}},"107":{"start":{"line":234,"column":4},"end":{"line":234,"column":82}},"108":{"start":{"line":236,"column":4},"end":{"line":236,"column":116}},"109":{"start":{"line":236,"column":60},"end":{"line":236,"column":116}},"110":{"start":{"line":237,"column":4},"end":{"line":237,"column":101}},"111":{"start":{"line":241,"column":0},"end":{"line":260,"column":2}}},"fnMap":{"0":{"name":"(anonymous_0)","decl":{"start":{"line":46,"column":29},"end":{"line":46,"column":30}},"loc":{"start":{"line":46,"column":49},"end":{"line":53,"column":1}},"line":46},"1":{"name":"(anonymous_1)","decl":{"start":{"line":56,"column":33},"end":{"line":56,"column":34}},"loc":{"start":{"line":56,"column":53},"end":{"line":63,"column":1}},"line":56},"2":{"name":"(anonymous_2)","decl":{"start":{"line":66,"column":32},"end":{"line":66,"column":33}},"loc":{"start":{"line":66,"column":52},"end":{"line":74,"column":1}},"line":66},"3":{"name":"(anonymous_3)","decl":{"start":{"line":77,"column":30},"end":{"line":77,"column":31}},"loc":{"start":{"line":77,"column":50},"end":{"line":85,"column":1}},"line":77},"4":{"name":"(anonymous_4)","decl":{"start":{"line":90,"column":27},"end":{"line":90,"column":28}},"loc":{"start":{"line":90,"column":47},"end":{"line":97,"column":1}},"line":90},"5":{"name":"(anonymous_5)","decl":{"start":{"line":100,"column":31},"end":{"line":100,"column":32}},"loc":{"start":{"line":100,"column":51},"end":{"line":107,"column":1}},"line":100},"6":{"name":"(anonymous_6)","decl":{"start":{"line":110,"column":30},"end":{"line":110,"column":31}},"loc":{"start":{"line":110,"column":50},"end":{"line":118,"column":1}},"line":110},"7":{"name":"(anonymous_7)","decl":{"start":{"line":121,"column":28},"end":{"line":121,"column":29}},"loc":{"start":{"line":121,"column":48},"end":{"line":129,"column":1}},"line":121},"8":{"name":"(anonymous_8)","decl":{"start":{"line":134,"column":23},"end":{"line":134,"column":24}},"loc":{"start":{"line":134,"column":43},"end":{"line":141,"column":1}},"line":134},"9":{"name":"(anonymous_9)","decl":{"start":{"line":144,"column":27},"end":{"line":144,"column":28}},"loc":{"start":{"line":144,"column":47},"end":{"line":151,"column":1}},"line":144},"10":{"name":"(anonymous_10)","decl":{"start":{"line":154,"column":28},"end":{"line":154,"column":29}},"loc":{"start":{"line":154,"column":48},"end":{"line":162,"column":1}},"line":154},"11":{"name":"(anonymous_11)","decl":{"start":{"line":165,"column":26},"end":{"line":165,"column":27}},"loc":{"start":{"line":165,"column":46},"end":{"line":173,"column":1}},"line":165},"12":{"name":"(anonymous_12)","decl":{"start":{"line":176,"column":25},"end":{"line":176,"column":26}},"loc":{"start":{"line":176,"column":45},"end":{"line":184,"column":1}},"line":176},"13":{"name":"(anonymous_13)","decl":{"start":{"line":187,"column":26},"end":{"line":187,"column":27}},"loc":{"start":{"line":187,"column":46},"end":{"line":195,"column":1}},"line":187},"14":{"name":"(anonymous_14)","decl":{"start":{"line":200,"column":30},"end":{"line":200,"column":31}},"loc":{"start":{"line":200,"column":50},"end":{"line":207,"column":1}},"line":200},"15":{"name":"(anonymous_15)","decl":{"start":{"line":210,"column":34},"end":{"line":210,"column":35}},"loc":{"start":{"line":210,"column":54},"end":{"line":217,"column":1}},"line":210},"16":{"name":"(anonymous_16)","decl":{"start":{"line":220,"column":35},"end":{"line":220,"column":36}},"loc":{"start":{"line":220,"column":55},"end":{"line":228,"column":1}},"line":220},"17":{"name":"(anonymous_17)","decl":{"start":{"line":231,"column":33},"end":{"line":231,"column":34}},"loc":{"start":{"line":231,"column":53},"end":{"line":239,"column":1}},"line":231}},"branchMap":{"0":{"loc":{"start":{"line":71,"column":4},"end":{"line":71,"column":115}},"type":"if","locations":[{"start":{"line":71,"column":4},"end":{"line":71,"column":115}},{"start":{},"end":{}}],"line":71},"1":{"loc":{"start":{"line":82,"column":4},"end":{"line":82,"column":115}},"type":"if","locations":[{"start":{"line":82,"column":4},"end":{"line":82,"column":115}},{"start":{},"end":{}}],"line":82},"2":{"loc":{"start":{"line":115,"column":4},"end":{"line":115,"column":113}},"type":"if","locations":[{"start":{"line":115,"column":4},"end":{"line":115,"column":113}},{"start":{},"end":{}}],"line":115},"3":{"loc":{"start":{"line":126,"column":4},"end":{"line":126,"column":113}},"type":"if","locations":[{"start":{"line":126,"column":4},"end":{"line":126,"column":113}},{"start":{},"end":{}}],"line":126},"4":{"loc":{"start":{"line":159,"column":4},"end":{"line":159,"column":109}},"type":"if","locations":[{"start":{"line":159,"column":4},"end":{"line":159,"column":109}},{"start":{},"end":{}}],"line":159},"5":{"loc":{"start":{"line":170,"column":4},"end":{"line":170,"column":109}},"type":"if","locations":[{"start":{"line":170,"column":4},"end":{"line":170,"column":109}},{"start":{},"end":{}}],"line":170},"6":{"loc":{"start":{"line":181,"column":4},"end":{"line":181,"column":109}},"type":"if","locations":[{"start":{"line":181,"column":4},"end":{"line":181,"column":109}},{"start":{},"end":{}}],"line":181},"7":{"loc":{"start":{"line":192,"column":4},"end":{"line":192,"column":109}},"type":"if","locations":[{"start":{"line":192,"column":4},"end":{"line":192,"column":109}},{"start":{},"end":{}}],"line":192},"8":{"loc":{"start":{"line":225,"column":4},"end":{"line":225,"column":116}},"type":"if","locations":[{"start":{"line":225,"column":4},"end":{"line":225,"column":116}},{"start":{},"end":{}}],"line":225},"9":{"loc":{"start":{"line":236,"column":4},"end":{"line":236,"column":116}},"type":"if","locations":[{"start":{"line":236,"column":4},"end":{"line":236,"column":116}},{"start":{},"end":{}}],"line":236}},"s":{"0":11,"1":11,"2":1,"3":1,"4":1,"5":0,"6":11,"7":1,"8":1,"9":1,"10":0,"11":11,"12":1,"13":1,"14":1,"15":0,"16":0,"17":0,"18":11,"19":1,"20":1,"21":1,"22":0,"23":0,"24":0,"25":11,"26":1,"27":1,"28":1,"29":0,"30":11,"31":1,"32":1,"33":1,"34":0,"35":11,"36":1,"37":1,"38":1,"39":0,"40":0,"41":0,"42":11,"43":0,"44":0,"45":0,"46":0,"47":0,"48":0,"49":11,"50":1,"51":1,"52":1,"53":0,"54":11,"55":1,"56":1,"57":1,"58":0,"59":11,"60":1,"61":1,"62":1,"63":0,"64":0,"65":0,"66":11,"67":1,"68":1,"69":1,"70":0,"71":0,"72":0,"73":11,"74":1,"75":1,"76":1,"77":0,"78":0,"79":0,"80":11,"81":1,"82":1,"83":1,"84":0,"85":0,"86":0,"87":11,"88":1,"89":1,"90":1,"91":0,"92":11,"93":1,"94":1,"95":1,"96":0,"97":11,"98":0,"99":0,"100":0,"101":0,"102":0,"103":0,"104":11,"105":1,"106":1,"107":1,"108":0,"109":0,"110":0,"111":11},"f":{"0":1,"1":1,"2":1,"3":1,"4":1,"5":1,"6":1,"7":0,"8":1,"9":1,"10":1,"11":1,"12":1,"13":1,"14":1,"15":1,"16":0,"17":1},"b":{"0":[0,0],"1":[0,0],"2":[0,0],"3":[0,0],"4":[0,0],"5":[0,0],"6":[0,0],"7":[0,0],"8":[0,0],"9":[0,0]},"_coverageSchema":"1a1c01bbd47fc00a2c39e90264f33305004495a9","hash":"53f8d04e4012e054ad266ac9992fc1ff2b2adbc7"}
,"C:\\Users\\DELL9\\Videos\\basura\\FULLSTACK\\backend\\controllers\\InversorController.js": {"path":"C:\\Users\\DELL9\\Videos\\basura\\FULLSTACK\\backend\\controllers\\InversorController.js","statementMap":{"0":{"start":{"line":1,"column":24},"end":{"line":1,"column":62}},"1":{"start":{"line":2,"column":22},"end":{"line":2,"column":65}},"2":{"start":{"line":2,"column":34},"end":{"line":2,"column":65}},"3":{"start":{"line":4,"column":22},"end":{"line":11,"column":1}},"4":{"start":{"line":5,"column":4},"end":{"line":10,"column":5}},"5":{"start":{"line":6,"column":25},"end":{"line":6,"column":70}},"6":{"start":{"line":7,"column":8},"end":{"line":7,"column":84}},"7":{"start":{"line":9,"column":8},"end":{"line":9,"column":94}},"8":{"start":{"line":13,"column":26},"end":{"line":20,"column":1}},"9":{"start":{"line":14,"column":4},"end":{"line":19,"column":5}},"10":{"start":{"line":15,"column":26},"end":{"line":15,"column":76}},"11":{"start":{"line":16,"column":8},"end":{"line":16,"column":40}},"12":{"start":{"line":18,"column":8},"end":{"line":18,"column":99}},"13":{"start":{"line":22,"column":25},"end":{"line":32,"column":1}},"14":{"start":{"line":23,"column":4},"end":{"line":31,"column":5}},"15":{"start":{"line":24,"column":8},"end":{"line":24,"column":74}},"16":{"start":{"line":25,"column":8},"end":{"line":25,"column":78}},"17":{"start":{"line":27,"column":8},"end":{"line":29,"column":9}},"18":{"start":{"line":28,"column":12},"end":{"line":28,"column":68}},"19":{"start":{"line":30,"column":8},"end":{"line":30,"column":97}},"20":{"start":{"line":34,"column":23},"end":{"line":44,"column":1}},"21":{"start":{"line":35,"column":4},"end":{"line":43,"column":5}},"22":{"start":{"line":36,"column":32},"end":{"line":36,"column":105}},"23":{"start":{"line":37,"column":8},"end":{"line":37,"column":46}},"24":{"start":{"line":39,"column":8},"end":{"line":41,"column":9}},"25":{"start":{"line":40,"column":12},"end":{"line":40,"column":68}},"26":{"start":{"line":42,"column":8},"end":{"line":42,"column":95}},"27":{"start":{"line":46,"column":0},"end":{"line":51,"column":1}}},"fnMap":{"0":{"name":"(anonymous_0)","decl":{"start":{"line":2,"column":22},"end":{"line":2,"column":23}},"loc":{"start":{"line":2,"column":34},"end":{"line":2,"column":65}},"line":2},"1":{"name":"(anonymous_1)","decl":{"start":{"line":4,"column":22},"end":{"line":4,"column":23}},"loc":{"start":{"line":4,"column":42},"end":{"line":11,"column":1}},"line":4},"2":{"name":"(anonymous_2)","decl":{"start":{"line":13,"column":26},"end":{"line":13,"column":27}},"loc":{"start":{"line":13,"column":46},"end":{"line":20,"column":1}},"line":13},"3":{"name":"(anonymous_3)","decl":{"start":{"line":22,"column":25},"end":{"line":22,"column":26}},"loc":{"start":{"line":22,"column":45},"end":{"line":32,"column":1}},"line":22},"4":{"name":"(anonymous_4)","decl":{"start":{"line":34,"column":23},"end":{"line":34,"column":24}},"loc":{"start":{"line":34,"column":43},"end":{"line":44,"column":1}},"line":34}},"branchMap":{"0":{"loc":{"start":{"line":2,"column":34},"end":{"line":2,"column":65}},"type":"binary-expr","locations":[{"start":{"line":2,"column":34},"end":{"line":2,"column":43}},{"start":{"line":2,"column":47},"end":{"line":2,"column":65}}],"line":2},"1":{"loc":{"start":{"line":27,"column":8},"end":{"line":29,"column":9}},"type":"if","locations":[{"start":{"line":27,"column":8},"end":{"line":29,"column":9}},{"start":{},"end":{}}],"line":27},"2":{"loc":{"start":{"line":39,"column":8},"end":{"line":41,"column":9}},"type":"if","locations":[{"start":{"line":39,"column":8},"end":{"line":41,"column":9}},{"start":{},"end":{}}],"line":39}},"s":{"0":11,"1":11,"2":2,"3":11,"4":1,"5":1,"6":1,"7":0,"8":11,"9":1,"10":1,"11":1,"12":0,"13":11,"14":1,"15":1,"16":1,"17":0,"18":0,"19":0,"20":11,"21":1,"22":1,"23":1,"24":0,"25":0,"26":0,"27":11},"f":{"0":2,"1":1,"2":1,"3":1,"4":1},"b":{"0":[2,2],"1":[0,0],"2":[0,0]},"_coverageSchema":"1a1c01bbd47fc00a2c39e90264f33305004495a9","hash":"cabf4b40f54587da9ccc1b63b7ed548826fa2538"}
,"C:\\Users\\DELL9\\Videos\\basura\\FULLSTACK\\backend\\controllers\\NotificationController.js": {"path":"C:\\Users\\DELL9\\Videos\\basura\\FULLSTACK\\backend\\controllers\\NotificationController.js","statementMap":{"0":{"start":{"line":1,"column":28},"end":{"line":1,"column":70}},"1":{"start":{"line":3,"column":37},"end":{"line":11,"column":1}},"2":{"start":{"line":4,"column":2},"end":{"line":10,"column":3}},"3":{"start":{"line":5,"column":19},"end":{"line":5,"column":30}},"4":{"start":{"line":6,"column":27},"end":{"line":6,"column":89}},"5":{"start":{"line":7,"column":4},"end":{"line":7,"column":41}},"6":{"start":{"line":9,"column":4},"end":{"line":9,"column":111}},"7":{"start":{"line":13,"column":23},"end":{"line":21,"column":1}},"8":{"start":{"line":14,"column":2},"end":{"line":20,"column":3}},"9":{"start":{"line":15,"column":19},"end":{"line":15,"column":30}},"10":{"start":{"line":16,"column":22},"end":{"line":16,"column":70}},"11":{"start":{"line":17,"column":4},"end":{"line":17,"column":36}},"12":{"start":{"line":19,"column":4},"end":{"line":19,"column":104}},"13":{"start":{"line":23,"column":24},"end":{"line":34,"column":1}},"14":{"start":{"line":24,"column":2},"end":{"line":33,"column":3}},"15":{"start":{"line":25,"column":19},"end":{"line":25,"column":30}},"16":{"start":{"line":26,"column":25},"end":{"line":26,"column":89}},"17":{"start":{"line":27,"column":4},"end":{"line":27,"column":39}},"18":{"start":{"line":29,"column":4},"end":{"line":31,"column":5}},"19":{"start":{"line":30,"column":6},"end":{"line":30,"column":62}},"20":{"start":{"line":32,"column":4},"end":{"line":32,"column":106}},"21":{"start":{"line":36,"column":30},"end":{"line":44,"column":1}},"22":{"start":{"line":37,"column":2},"end":{"line":43,"column":3}},"23":{"start":{"line":38,"column":19},"end":{"line":38,"column":30}},"24":{"start":{"line":39,"column":22},"end":{"line":39,"column":77}},"25":{"start":{"line":40,"column":4},"end":{"line":40,"column":36}},"26":{"start":{"line":42,"column":4},"end":{"line":42,"column":97}},"27":{"start":{"line":46,"column":29},"end":{"line":57,"column":1}},"28":{"start":{"line":47,"column":2},"end":{"line":56,"column":3}},"29":{"start":{"line":48,"column":19},"end":{"line":48,"column":30}},"30":{"start":{"line":49,"column":4},"end":{"line":49,"column":74}},"31":{"start":{"line":50,"column":4},"end":{"line":50,"column":78}},"32":{"start":{"line":52,"column":4},"end":{"line":54,"column":5}},"33":{"start":{"line":53,"column":6},"end":{"line":53,"column":62}},"34":{"start":{"line":55,"column":4},"end":{"line":55,"column":97}},"35":{"start":{"line":59,"column":0},"end":{"line":65,"column":2}}},"fnMap":{"0":{"name":"(anonymous_0)","decl":{"start":{"line":3,"column":37},"end":{"line":3,"column":38}},"loc":{"start":{"line":3,"column":57},"end":{"line":11,"column":1}},"line":3},"1":{"name":"(anonymous_1)","decl":{"start":{"line":13,"column":23},"end":{"line":13,"column":24}},"loc":{"start":{"line":13,"column":43},"end":{"line":21,"column":1}},"line":13},"2":{"name":"(anonymous_2)","decl":{"start":{"line":23,"column":24},"end":{"line":23,"column":25}},"loc":{"start":{"line":23,"column":44},"end":{"line":34,"column":1}},"line":23},"3":{"name":"(anonymous_3)","decl":{"start":{"line":36,"column":30},"end":{"line":36,"column":31}},"loc":{"start":{"line":36,"column":50},"end":{"line":44,"column":1}},"line":36},"4":{"name":"(anonymous_4)","decl":{"start":{"line":46,"column":29},"end":{"line":46,"column":30}},"loc":{"start":{"line":46,"column":49},"end":{"line":57,"column":1}},"line":46}},"branchMap":{"0":{"loc":{"start":{"line":29,"column":4},"end":{"line":31,"column":5}},"type":"if","locations":[{"start":{"line":29,"column":4},"end":{"line":31,"column":5}},{"start":{},"end":{}}],"line":29},"1":{"loc":{"start":{"line":52,"column":4},"end":{"line":54,"column":5}},"type":"if","locations":[{"start":{"line":52,"column":4},"end":{"line":54,"column":5}},{"start":{},"end":{}}],"line":52}},"s":{"0":11,"1":11,"2":1,"3":1,"4":1,"5":1,"6":0,"7":11,"8":2,"9":2,"10":2,"11":2,"12":0,"13":11,"14":2,"15":2,"16":2,"17":1,"18":1,"19":1,"20":0,"21":11,"22":1,"23":1,"24":1,"25":1,"26":0,"27":11,"28":2,"29":2,"30":2,"31":1,"32":1,"33":1,"34":0,"35":11},"f":{"0":1,"1":2,"2":2,"3":1,"4":2},"b":{"0":[1,0],"1":[1,0]},"_coverageSchema":"1a1c01bbd47fc00a2c39e90264f33305004495a9","hash":"2b19ec1bf3aa98c1ab221a85ea1d478ab31db52a"}
,"C:\\Users\\DELL9\\Videos\\basura\\FULLSTACK\\backend\\controllers\\RoleController.js": {"path":"C:\\Users\\DELL9\\Videos\\basura\\FULLSTACK\\backend\\controllers\\RoleController.js","statementMap":{"0":{"start":{"line":1,"column":20},"end":{"line":1,"column":54}},"1":{"start":{"line":2,"column":18},"end":{"line":2,"column":57}},"2":{"start":{"line":2,"column":30},"end":{"line":2,"column":57}},"3":{"start":{"line":4,"column":18},"end":{"line":11,"column":1}},"4":{"start":{"line":5,"column":4},"end":{"line":10,"column":5}},"5":{"start":{"line":6,"column":21},"end":{"line":6,"column":58}},"6":{"start":{"line":7,"column":8},"end":{"line":7,"column":76}},"7":{"start":{"line":9,"column":8},"end":{"line":9,"column":90}},"8":{"start":{"line":13,"column":21},"end":{"line":20,"column":1}},"9":{"start":{"line":14,"column":4},"end":{"line":19,"column":5}},"10":{"start":{"line":15,"column":22},"end":{"line":15,"column":54}},"11":{"start":{"line":16,"column":8},"end":{"line":16,"column":36}},"12":{"start":{"line":18,"column":8},"end":{"line":18,"column":94}},"13":{"start":{"line":22,"column":21},"end":{"line":32,"column":1}},"14":{"start":{"line":23,"column":4},"end":{"line":31,"column":5}},"15":{"start":{"line":24,"column":8},"end":{"line":24,"column":62}},"16":{"start":{"line":25,"column":8},"end":{"line":25,"column":74}},"17":{"start":{"line":27,"column":8},"end":{"line":29,"column":9}},"18":{"start":{"line":28,"column":12},"end":{"line":28,"column":68}},"19":{"start":{"line":30,"column":8},"end":{"line":30,"column":93}},"20":{"start":{"line":34,"column":19},"end":{"line":44,"column":1}},"21":{"start":{"line":35,"column":4},"end":{"line":43,"column":5}},"22":{"start":{"line":36,"column":28},"end":{"line":36,"column":89}},"23":{"start":{"line":37,"column":8},"end":{"line":37,"column":42}},"24":{"start":{"line":39,"column":8},"end":{"line":41,"column":9}},"25":{"start":{"line":40,"column":12},"end":{"line":40,"column":68}},"26":{"start":{"line":42,"column":8},"end":{"line":42,"column":91}},"27":{"start":{"line":46,"column":0},"end":{"line":51,"column":1}}},"fnMap":{"0":{"name":"(anonymous_0)","decl":{"start":{"line":2,"column":18},"end":{"line":2,"column":19}},"loc":{"start":{"line":2,"column":30},"end":{"line":2,"column":57}},"line":2},"1":{"name":"(anonymous_1)","decl":{"start":{"line":4,"column":18},"end":{"line":4,"column":19}},"loc":{"start":{"line":4,"column":38},"end":{"line":11,"column":1}},"line":4},"2":{"name":"(anonymous_2)","decl":{"start":{"line":13,"column":21},"end":{"line":13,"column":22}},"loc":{"start":{"line":13,"column":41},"end":{"line":20,"column":1}},"line":13},"3":{"name":"(anonymous_3)","decl":{"start":{"line":22,"column":21},"end":{"line":22,"column":22}},"loc":{"start":{"line":22,"column":41},"end":{"line":32,"column":1}},"line":22},"4":{"name":"(anonymous_4)","decl":{"start":{"line":34,"column":19},"end":{"line":34,"column":20}},"loc":{"start":{"line":34,"column":39},"end":{"line":44,"column":1}},"line":34}},"branchMap":{"0":{"loc":{"start":{"line":2,"column":30},"end":{"line":2,"column":57}},"type":"binary-expr","locations":[{"start":{"line":2,"column":30},"end":{"line":2,"column":39}},{"start":{"line":2,"column":43},"end":{"line":2,"column":57}}],"line":2},"1":{"loc":{"start":{"line":27,"column":8},"end":{"line":29,"column":9}},"type":"if","locations":[{"start":{"line":27,"column":8},"end":{"line":29,"column":9}},{"start":{},"end":{}}],"line":27},"2":{"loc":{"start":{"line":39,"column":8},"end":{"line":41,"column":9}},"type":"if","locations":[{"start":{"line":39,"column":8},"end":{"line":41,"column":9}},{"start":{},"end":{}}],"line":39}},"s":{"0":11,"1":11,"2":2,"3":11,"4":3,"5":3,"6":3,"7":0,"8":11,"9":1,"10":1,"11":1,"12":0,"13":11,"14":1,"15":1,"16":1,"17":0,"18":0,"19":0,"20":11,"21":1,"22":1,"23":1,"24":0,"25":0,"26":0,"27":11},"f":{"0":2,"1":3,"2":1,"3":1,"4":1},"b":{"0":[2,2],"1":[0,0],"2":[0,0]},"_coverageSchema":"1a1c01bbd47fc00a2c39e90264f33305004495a9","hash":"d03066dd6a99789d7b1f27acf49b735eb985fcb9"}
,"C:\\Users\\DELL9\\Videos\\basura\\FULLSTACK\\backend\\controllers\\SectorController.js": {"path":"C:\\Users\\DELL9\\Videos\\basura\\FULLSTACK\\backend\\controllers\\SectorController.js","statementMap":{"0":{"start":{"line":1,"column":22},"end":{"line":1,"column":58}},"1":{"start":{"line":2,"column":20},"end":{"line":2,"column":61}},"2":{"start":{"line":2,"column":32},"end":{"line":2,"column":61}},"3":{"start":{"line":4,"column":20},"end":{"line":11,"column":1}},"4":{"start":{"line":5,"column":4},"end":{"line":10,"column":5}},"5":{"start":{"line":6,"column":23},"end":{"line":6,"column":64}},"6":{"start":{"line":7,"column":8},"end":{"line":7,"column":80}},"7":{"start":{"line":9,"column":8},"end":{"line":9,"column":92}},"8":{"start":{"line":13,"column":24},"end":{"line":20,"column":1}},"9":{"start":{"line":14,"column":4},"end":{"line":19,"column":5}},"10":{"start":{"line":15,"column":25},"end":{"line":15,"column":62}},"11":{"start":{"line":16,"column":8},"end":{"line":16,"column":39}},"12":{"start":{"line":18,"column":8},"end":{"line":18,"column":97}},"13":{"start":{"line":22,"column":23},"end":{"line":32,"column":1}},"14":{"start":{"line":23,"column":4},"end":{"line":31,"column":5}},"15":{"start":{"line":24,"column":8},"end":{"line":24,"column":68}},"16":{"start":{"line":25,"column":8},"end":{"line":25,"column":76}},"17":{"start":{"line":27,"column":8},"end":{"line":29,"column":9}},"18":{"start":{"line":28,"column":12},"end":{"line":28,"column":68}},"19":{"start":{"line":30,"column":8},"end":{"line":30,"column":95}},"20":{"start":{"line":34,"column":21},"end":{"line":44,"column":1}},"21":{"start":{"line":35,"column":4},"end":{"line":43,"column":5}},"22":{"start":{"line":36,"column":30},"end":{"line":36,"column":97}},"23":{"start":{"line":37,"column":8},"end":{"line":37,"column":44}},"24":{"start":{"line":39,"column":8},"end":{"line":41,"column":9}},"25":{"start":{"line":40,"column":12},"end":{"line":40,"column":68}},"26":{"start":{"line":42,"column":8},"end":{"line":42,"column":93}},"27":{"start":{"line":46,"column":0},"end":{"line":51,"column":1}}},"fnMap":{"0":{"name":"(anonymous_0)","decl":{"start":{"line":2,"column":20},"end":{"line":2,"column":21}},"loc":{"start":{"line":2,"column":32},"end":{"line":2,"column":61}},"line":2},"1":{"name":"(anonymous_1)","decl":{"start":{"line":4,"column":20},"end":{"line":4,"column":21}},"loc":{"start":{"line":4,"column":40},"end":{"line":11,"column":1}},"line":4},"2":{"name":"(anonymous_2)","decl":{"start":{"line":13,"column":24},"end":{"line":13,"column":25}},"loc":{"start":{"line":13,"column":44},"end":{"line":20,"column":1}},"line":13},"3":{"name":"(anonymous_3)","decl":{"start":{"line":22,"column":23},"end":{"line":22,"column":24}},"loc":{"start":{"line":22,"column":43},"end":{"line":32,"column":1}},"line":22},"4":{"name":"(anonymous_4)","decl":{"start":{"line":34,"column":21},"end":{"line":34,"column":22}},"loc":{"start":{"line":34,"column":41},"end":{"line":44,"column":1}},"line":34}},"branchMap":{"0":{"loc":{"start":{"line":2,"column":32},"end":{"line":2,"column":61}},"type":"binary-expr","locations":[{"start":{"line":2,"column":32},"end":{"line":2,"column":41}},{"start":{"line":2,"column":45},"end":{"line":2,"column":61}}],"line":2},"1":{"loc":{"start":{"line":27,"column":8},"end":{"line":29,"column":9}},"type":"if","locations":[{"start":{"line":27,"column":8},"end":{"line":29,"column":9}},{"start":{},"end":{}}],"line":27},"2":{"loc":{"start":{"line":39,"column":8},"end":{"line":41,"column":9}},"type":"if","locations":[{"start":{"line":39,"column":8},"end":{"line":41,"column":9}},{"start":{},"end":{}}],"line":39}},"s":{"0":11,"1":11,"2":2,"3":11,"4":3,"5":3,"6":3,"7":0,"8":11,"9":1,"10":1,"11":1,"12":0,"13":11,"14":1,"15":1,"16":1,"17":0,"18":0,"19":0,"20":11,"21":1,"22":1,"23":1,"24":0,"25":0,"26":0,"27":11},"f":{"0":2,"1":3,"2":1,"3":1,"4":1},"b":{"0":[2,2],"1":[0,0],"2":[0,0]},"_coverageSchema":"1a1c01bbd47fc00a2c39e90264f33305004495a9","hash":"f663c977c1bd4f5f725fe39e48ea04e9cb0937b5"}
,"C:\\Users\\DELL9\\Videos\\basura\\FULLSTACK\\backend\\controllers\\SessionController.js": {"path":"C:\\Users\\DELL9\\Videos\\basura\\FULLSTACK\\backend\\controllers\\SessionController.js","statementMap":{"0":{"start":{"line":1,"column":23},"end":{"line":1,"column":60}},"1":{"start":{"line":2,"column":21},"end":{"line":2,"column":63}},"2":{"start":{"line":2,"column":33},"end":{"line":2,"column":63}},"3":{"start":{"line":4,"column":21},"end":{"line":11,"column":1}},"4":{"start":{"line":5,"column":4},"end":{"line":10,"column":5}},"5":{"start":{"line":6,"column":24},"end":{"line":6,"column":67}},"6":{"start":{"line":7,"column":8},"end":{"line":7,"column":82}},"7":{"start":{"line":9,"column":8},"end":{"line":9,"column":93}},"8":{"start":{"line":13,"column":24},"end":{"line":20,"column":1}},"9":{"start":{"line":14,"column":4},"end":{"line":19,"column":5}},"10":{"start":{"line":15,"column":25},"end":{"line":15,"column":63}},"11":{"start":{"line":16,"column":8},"end":{"line":16,"column":39}},"12":{"start":{"line":18,"column":8},"end":{"line":18,"column":97}},"13":{"start":{"line":22,"column":24},"end":{"line":32,"column":1}},"14":{"start":{"line":23,"column":4},"end":{"line":31,"column":5}},"15":{"start":{"line":24,"column":8},"end":{"line":24,"column":71}},"16":{"start":{"line":25,"column":8},"end":{"line":25,"column":77}},"17":{"start":{"line":27,"column":8},"end":{"line":29,"column":9}},"18":{"start":{"line":28,"column":12},"end":{"line":28,"column":68}},"19":{"start":{"line":30,"column":8},"end":{"line":30,"column":96}},"20":{"start":{"line":34,"column":22},"end":{"line":44,"column":1}},"21":{"start":{"line":35,"column":4},"end":{"line":43,"column":5}},"22":{"start":{"line":36,"column":31},"end":{"line":36,"column":101}},"23":{"start":{"line":37,"column":8},"end":{"line":37,"column":45}},"24":{"start":{"line":39,"column":8},"end":{"line":41,"column":9}},"25":{"start":{"line":40,"column":12},"end":{"line":40,"column":68}},"26":{"start":{"line":42,"column":8},"end":{"line":42,"column":94}},"27":{"start":{"line":46,"column":0},"end":{"line":51,"column":1}}},"fnMap":{"0":{"name":"(anonymous_0)","decl":{"start":{"line":2,"column":21},"end":{"line":2,"column":22}},"loc":{"start":{"line":2,"column":33},"end":{"line":2,"column":63}},"line":2},"1":{"name":"(anonymous_1)","decl":{"start":{"line":4,"column":21},"end":{"line":4,"column":22}},"loc":{"start":{"line":4,"column":41},"end":{"line":11,"column":1}},"line":4},"2":{"name":"(anonymous_2)","decl":{"start":{"line":13,"column":24},"end":{"line":13,"column":25}},"loc":{"start":{"line":13,"column":44},"end":{"line":20,"column":1}},"line":13},"3":{"name":"(anonymous_3)","decl":{"start":{"line":22,"column":24},"end":{"line":22,"column":25}},"loc":{"start":{"line":22,"column":44},"end":{"line":32,"column":1}},"line":22},"4":{"name":"(anonymous_4)","decl":{"start":{"line":34,"column":22},"end":{"line":34,"column":23}},"loc":{"start":{"line":34,"column":42},"end":{"line":44,"column":1}},"line":34}},"branchMap":{"0":{"loc":{"start":{"line":2,"column":33},"end":{"line":2,"column":63}},"type":"binary-expr","locations":[{"start":{"line":2,"column":33},"end":{"line":2,"column":42}},{"start":{"line":2,"column":46},"end":{"line":2,"column":63}}],"line":2},"1":{"loc":{"start":{"line":27,"column":8},"end":{"line":29,"column":9}},"type":"if","locations":[{"start":{"line":27,"column":8},"end":{"line":29,"column":9}},{"start":{},"end":{}}],"line":27},"2":{"loc":{"start":{"line":39,"column":8},"end":{"line":41,"column":9}},"type":"if","locations":[{"start":{"line":39,"column":8},"end":{"line":41,"column":9}},{"start":{},"end":{}}],"line":39}},"s":{"0":11,"1":11,"2":2,"3":11,"4":3,"5":3,"6":3,"7":0,"8":11,"9":1,"10":1,"11":1,"12":0,"13":11,"14":1,"15":1,"16":1,"17":0,"18":0,"19":0,"20":11,"21":1,"22":1,"23":1,"24":0,"25":0,"26":0,"27":11},"f":{"0":2,"1":3,"2":1,"3":1,"4":1},"b":{"0":[2,2],"1":[0,0],"2":[0,0]},"_coverageSchema":"1a1c01bbd47fc00a2c39e90264f33305004495a9","hash":"4851278498fe8d8dc85f87b0eeed551ca367c19b"}
,"C:\\Users\\DELL9\\Videos\\basura\\FULLSTACK\\backend\\controllers\\StartupController.js": {"path":"C:\\Users\\DELL9\\Videos\\basura\\FULLSTACK\\backend\\controllers\\StartupController.js","statementMap":{"0":{"start":{"line":1,"column":23},"end":{"line":1,"column":60}},"1":{"start":{"line":2,"column":21},"end":{"line":2,"column":63}},"2":{"start":{"line":2,"column":33},"end":{"line":2,"column":63}},"3":{"start":{"line":4,"column":21},"end":{"line":11,"column":1}},"4":{"start":{"line":5,"column":4},"end":{"line":10,"column":5}},"5":{"start":{"line":6,"column":24},"end":{"line":6,"column":67}},"6":{"start":{"line":7,"column":8},"end":{"line":7,"column":82}},"7":{"start":{"line":9,"column":8},"end":{"line":9,"column":93}},"8":{"start":{"line":13,"column":24},"end":{"line":20,"column":1}},"9":{"start":{"line":14,"column":4},"end":{"line":19,"column":5}},"10":{"start":{"line":15,"column":26},"end":{"line":15,"column":73}},"11":{"start":{"line":16,"column":8},"end":{"line":16,"column":40}},"12":{"start":{"line":18,"column":8},"end":{"line":18,"column":97}},"13":{"start":{"line":22,"column":24},"end":{"line":32,"column":1}},"14":{"start":{"line":23,"column":4},"end":{"line":31,"column":5}},"15":{"start":{"line":24,"column":8},"end":{"line":24,"column":71}},"16":{"start":{"line":25,"column":8},"end":{"line":25,"column":77}},"17":{"start":{"line":27,"column":8},"end":{"line":29,"column":9}},"18":{"start":{"line":28,"column":12},"end":{"line":28,"column":68}},"19":{"start":{"line":30,"column":8},"end":{"line":30,"column":96}},"20":{"start":{"line":34,"column":22},"end":{"line":44,"column":1}},"21":{"start":{"line":35,"column":4},"end":{"line":43,"column":5}},"22":{"start":{"line":36,"column":31},"end":{"line":36,"column":101}},"23":{"start":{"line":37,"column":8},"end":{"line":37,"column":45}},"24":{"start":{"line":39,"column":8},"end":{"line":41,"column":9}},"25":{"start":{"line":40,"column":12},"end":{"line":40,"column":68}},"26":{"start":{"line":42,"column":8},"end":{"line":42,"column":94}},"27":{"start":{"line":46,"column":0},"end":{"line":51,"column":1}}},"fnMap":{"0":{"name":"(anonymous_0)","decl":{"start":{"line":2,"column":21},"end":{"line":2,"column":22}},"loc":{"start":{"line":2,"column":33},"end":{"line":2,"column":63}},"line":2},"1":{"name":"(anonymous_1)","decl":{"start":{"line":4,"column":21},"end":{"line":4,"column":22}},"loc":{"start":{"line":4,"column":41},"end":{"line":11,"column":1}},"line":4},"2":{"name":"(anonymous_2)","decl":{"start":{"line":13,"column":24},"end":{"line":13,"column":25}},"loc":{"start":{"line":13,"column":44},"end":{"line":20,"column":1}},"line":13},"3":{"name":"(anonymous_3)","decl":{"start":{"line":22,"column":24},"end":{"line":22,"column":25}},"loc":{"start":{"line":22,"column":44},"end":{"line":32,"column":1}},"line":22},"4":{"name":"(anonymous_4)","decl":{"start":{"line":34,"column":22},"end":{"line":34,"column":23}},"loc":{"start":{"line":34,"column":42},"end":{"line":44,"column":1}},"line":34}},"branchMap":{"0":{"loc":{"start":{"line":2,"column":33},"end":{"line":2,"column":63}},"type":"binary-expr","locations":[{"start":{"line":2,"column":33},"end":{"line":2,"column":42}},{"start":{"line":2,"column":46},"end":{"line":2,"column":63}}],"line":2},"1":{"loc":{"start":{"line":27,"column":8},"end":{"line":29,"column":9}},"type":"if","locations":[{"start":{"line":27,"column":8},"end":{"line":29,"column":9}},{"start":{},"end":{}}],"line":27},"2":{"loc":{"start":{"line":39,"column":8},"end":{"line":41,"column":9}},"type":"if","locations":[{"start":{"line":39,"column":8},"end":{"line":41,"column":9}},{"start":{},"end":{}}],"line":39}},"s":{"0":11,"1":11,"2":2,"3":11,"4":1,"5":1,"6":1,"7":0,"8":11,"9":2,"10":2,"11":2,"12":0,"13":11,"14":1,"15":1,"16":1,"17":0,"18":0,"19":0,"20":11,"21":1,"22":1,"23":1,"24":0,"25":0,"26":0,"27":11},"f":{"0":2,"1":1,"2":2,"3":1,"4":1},"b":{"0":[2,2],"1":[0,0],"2":[0,0]},"_coverageSchema":"1a1c01bbd47fc00a2c39e90264f33305004495a9","hash":"6b7d6e1e90b03b4ac7ee6d9a86f2f99d5a6d1676"}
,"C:\\Users\\DELL9\\Videos\\basura\\FULLSTACK\\backend\\controllers\\UploadController.js": {"path":"C:\\Users\\DELL9\\Videos\\basura\\FULLSTACK\\backend\\controllers\\UploadController.js","statementMap":{"0":{"start":{"line":1,"column":23},"end":{"line":1,"column":60}},"1":{"start":{"line":2,"column":23},"end":{"line":2,"column":59}},"2":{"start":{"line":4,"column":25},"end":{"line":19,"column":1}},"3":{"start":{"line":5,"column":2},"end":{"line":18,"column":3}},"4":{"start":{"line":6,"column":4},"end":{"line":8,"column":5}},"5":{"start":{"line":7,"column":6},"end":{"line":7,"column":78}},"6":{"start":{"line":9,"column":22},"end":{"line":9,"column":60}},"7":{"start":{"line":10,"column":20},"end":{"line":10,"column":46}},"8":{"start":{"line":11,"column":20},"end":{"line":11,"column":88}},"9":{"start":{"line":12,"column":4},"end":{"line":12,"column":94}},"10":{"start":{"line":14,"column":4},"end":{"line":16,"column":5}},"11":{"start":{"line":15,"column":6},"end":{"line":15,"column":62}},"12":{"start":{"line":17,"column":4},"end":{"line":17,"column":86}},"13":{"start":{"line":21,"column":0},"end":{"line":21,"column":38}}},"fnMap":{"0":{"name":"(anonymous_0)","decl":{"start":{"line":4,"column":25},"end":{"line":4,"column":26}},"loc":{"start":{"line":4,"column":45},"end":{"line":19,"column":1}},"line":4}},"branchMap":{"0":{"loc":{"start":{"line":6,"column":4},"end":{"line":8,"column":5}},"type":"if","locations":[{"start":{"line":6,"column":4},"end":{"line":8,"column":5}},{"start":{},"end":{}}],"line":6},"1":{"loc":{"start":{"line":9,"column":22},"end":{"line":9,"column":60}},"type":"binary-expr","locations":[{"start":{"line":9,"column":22},"end":{"line":9,"column":35}},{"start":{"line":9,"column":39},"end":{"line":9,"column":60}}],"line":9},"2":{"loc":{"start":{"line":14,"column":4},"end":{"line":16,"column":5}},"type":"if","locations":[{"start":{"line":14,"column":4},"end":{"line":16,"column":5}},{"start":{},"end":{}}],"line":14}},"s":{"0":11,"1":11,"2":11,"3":0,"4":0,"5":0,"6":0,"7":0,"8":0,"9":0,"10":0,"11":0,"12":0,"13":11},"f":{"0":0},"b":{"0":[0,0],"1":[0,0],"2":[0,0]},"_coverageSchema":"1a1c01bbd47fc00a2c39e90264f33305004495a9","hash":"dfde69bcbbb7f5cafd21ed1e76ab825da16f4dea"}
,"C:\\Users\\DELL9\\Videos\\basura\\FULLSTACK\\backend\\controllers\\UserController.js": {"path":"C:\\Users\\DELL9\\Videos\\basura\\FULLSTACK\\backend\\controllers\\UserController.js","statementMap":{"0":{"start":{"line":33,"column":20},"end":{"line":33,"column":54}},"1":{"start":{"line":34,"column":18},"end":{"line":34,"column":60}},"2":{"start":{"line":34,"column":30},"end":{"line":34,"column":60}},"3":{"start":{"line":36,"column":21},"end":{"line":49,"column":1}},"4":{"start":{"line":37,"column":2},"end":{"line":48,"column":3}},"5":{"start":{"line":38,"column":20},"end":{"line":38,"column":60}},"6":{"start":{"line":39,"column":4},"end":{"line":42,"column":7}},"7":{"start":{"line":44,"column":4},"end":{"line":47,"column":7}},"8":{"start":{"line":51,"column":24},"end":{"line":58,"column":1}},"9":{"start":{"line":52,"column":2},"end":{"line":57,"column":3}},"10":{"start":{"line":53,"column":21},"end":{"line":53,"column":56}},"11":{"start":{"line":54,"column":4},"end":{"line":54,"column":35}},"12":{"start":{"line":56,"column":4},"end":{"line":56,"column":93}},"13":{"start":{"line":64,"column":24},"end":{"line":74,"column":1}},"14":{"start":{"line":65,"column":2},"end":{"line":73,"column":3}},"15":{"start":{"line":66,"column":4},"end":{"line":66,"column":61}},"16":{"start":{"line":67,"column":4},"end":{"line":67,"column":73}},"17":{"start":{"line":69,"column":4},"end":{"line":71,"column":5}},"18":{"start":{"line":70,"column":6},"end":{"line":70,"column":62}},"19":{"start":{"line":72,"column":4},"end":{"line":72,"column":92}},"20":{"start":{"line":79,"column":26},"end":{"line":93,"column":1}},"21":{"start":{"line":80,"column":2},"end":{"line":92,"column":3}},"22":{"start":{"line":81,"column":27},"end":{"line":81,"column":95}},"23":{"start":{"line":82,"column":4},"end":{"line":82,"column":41}},"24":{"start":{"line":84,"column":4},"end":{"line":86,"column":5}},"25":{"start":{"line":85,"column":6},"end":{"line":85,"column":62}},"26":{"start":{"line":88,"column":4},"end":{"line":90,"column":5}},"27":{"start":{"line":89,"column":6},"end":{"line":89,"column":62}},"28":{"start":{"line":91,"column":4},"end":{"line":91,"column":90}},"29":{"start":{"line":95,"column":0},"end":{"line":95,"column":87}}},"fnMap":{"0":{"name":"(anonymous_0)","decl":{"start":{"line":34,"column":18},"end":{"line":34,"column":19}},"loc":{"start":{"line":34,"column":30},"end":{"line":34,"column":60}},"line":34},"1":{"name":"(anonymous_1)","decl":{"start":{"line":36,"column":21},"end":{"line":36,"column":22}},"loc":{"start":{"line":36,"column":41},"end":{"line":49,"column":1}},"line":36},"2":{"name":"(anonymous_2)","decl":{"start":{"line":51,"column":24},"end":{"line":51,"column":25}},"loc":{"start":{"line":51,"column":44},"end":{"line":58,"column":1}},"line":51},"3":{"name":"(anonymous_3)","decl":{"start":{"line":64,"column":24},"end":{"line":64,"column":25}},"loc":{"start":{"line":64,"column":44},"end":{"line":74,"column":1}},"line":64},"4":{"name":"(anonymous_4)","decl":{"start":{"line":79,"column":26},"end":{"line":79,"column":27}},"loc":{"start":{"line":79,"column":46},"end":{"line":93,"column":1}},"line":79}},"branchMap":{"0":{"loc":{"start":{"line":34,"column":30},"end":{"line":34,"column":60}},"type":"binary-expr","locations":[{"start":{"line":34,"column":30},"end":{"line":34,"column":39}},{"start":{"line":34,"column":43},"end":{"line":34,"column":60}}],"line":34},"1":{"loc":{"start":{"line":69,"column":4},"end":{"line":71,"column":5}},"type":"if","locations":[{"start":{"line":69,"column":4},"end":{"line":71,"column":5}},{"start":{},"end":{}}],"line":69},"2":{"loc":{"start":{"line":84,"column":4},"end":{"line":86,"column":5}},"type":"if","locations":[{"start":{"line":84,"column":4},"end":{"line":86,"column":5}},{"start":{},"end":{}}],"line":84},"3":{"loc":{"start":{"line":88,"column":4},"end":{"line":90,"column":5}},"type":"if","locations":[{"start":{"line":88,"column":4},"end":{"line":90,"column":5}},{"start":{},"end":{}}],"line":88}},"s":{"0":11,"1":11,"2":3,"3":11,"4":5,"5":5,"6":5,"7":0,"8":11,"9":1,"10":1,"11":1,"12":0,"13":11,"14":1,"15":1,"16":1,"17":0,"18":0,"19":0,"20":11,"21":2,"22":2,"23":1,"24":1,"25":0,"26":1,"27":1,"28":0,"29":11},"f":{"0":3,"1":5,"2":1,"3":1,"4":2},"b":{"0":[3,3],"1":[0,0],"2":[0,1],"3":[1,0]},"_coverageSchema":"1a1c01bbd47fc00a2c39e90264f33305004495a9","hash":"619686f95b8192b1dfb13cd1fe963c0d0ac826c4"}
[...]
,"C:\\Users\\DELL9\\Videos\\basura\\FULLSTACK\\backend\\services\\SectorService.js": {"path":"C:\\Users\\DELL9\\Videos\\basura\\FULLSTACK\\backend\\services\\SectorService.js","statementMap":{"0":{"start":{"line":1,"column":19},"end":{"line":1,"column":39}},"1":{"start":{"line":5,"column":8},"end":{"line":5,"column":41}},"2":{"start":{"line":9,"column":8},"end":{"line":9,"column":38}},"3":{"start":{"line":13,"column":23},"end":{"line":13,"column":48}},"4":{"start":{"line":14,"column":8},"end":{"line":14,"column":61}},"5":{"start":{"line":14,"column":21},"end":{"line":14,"column":61}},"6":{"start":{"line":15,"column":8},"end":{"line":15,"column":22}},"7":{"start":{"line":19,"column":23},"end":{"line":19,"column":56}},"8":{"start":{"line":20,"column":8},"end":{"line":20,"column":41}},"9":{"start":{"line":24,"column":23},"end":{"line":24,"column":56}},"10":{"start":{"line":25,"column":8},"end":{"line":25,"column":31}},"11":{"start":{"line":26,"column":8},"end":{"line":26,"column":20}},"12":{"start":{"line":30,"column":0},"end":{"line":30,"column":31}}},"fnMap":{"0":{"name":"(anonymous_0)","decl":{"start":{"line":4,"column":4},"end":{"line":4,"column":5}},"loc":{"start":{"line":4,"column":35},"end":{"line":6,"column":5}},"line":4},"1":{"name":"(anonymous_1)","decl":{"start":{"line":8,"column":4},"end":{"line":8,"column":5}},"loc":{"start":{"line":8,"column":35},"end":{"line":10,"column":5}},"line":8},"2":{"name":"(anonymous_2)","decl":{"start":{"line":12,"column":4},"end":{"line":12,"column":5}},"loc":{"start":{"line":12,"column":40},"end":{"line":16,"column":5}},"line":12},"3":{"name":"(anonymous_3)","decl":{"start":{"line":18,"column":4},"end":{"line":18,"column":5}},"loc":{"start":{"line":18,"column":40},"end":{"line":21,"column":5}},"line":18},"4":{"name":"(anonymous_4)","decl":{"start":{"line":23,"column":4},"end":{"line":23,"column":5}},"loc":{"start":{"line":23,"column":36},"end":{"line":27,"column":5}},"line":23}},"branchMap":{"0":{"loc":{"start":{"line":14,"column":8},"end":{"line":14,"column":61}},"type":"if","locations":[{"start":{"line":14,"column":8},"end":{"line":14,"column":61}},{"start":{},"end":{}}],"line":14}},"s":{"0":11,"1":3,"2":1,"3":2,"4":2,"5":0,"6":2,"7":1,"8":1,"9":1,"10":1,"11":1,"12":11},"f":{"0":3,"1":1,"2":2,"3":1,"4":1},"b":{"0":[0,2]},"_coverageSchema":"1a1c01bbd47fc00a2c39e90264f33305004495a9","hash":"86ee29a2d51114448ff189184b6ced636594e443"}
,"C:\\Users\\DELL9\\Videos\\basura\\FULLSTACK\\backend\\services\\SessionService.js": {"path":"C:\\Users\\DELL9\\Videos\\basura\\FULLSTACK\\backend\\services\\SessionService.js","statementMap":{"0":{"start":{"line":1,"column":20},"end":{"line":1,"column":40}},"1":{"start":{"line":5,"column":8},"end":{"line":5,"column":42}},"2":{"start":{"line":9,"column":8},"end":{"line":9,"column":39}},"3":{"start":{"line":13,"column":24},"end":{"line":13,"column":50}},"4":{"start":{"line":14,"column":8},"end":{"line":14,"column":63}},"5":{"start":{"line":14,"column":22},"end":{"line":14,"column":63}},"6":{"start":{"line":15,"column":8},"end":{"line":15,"column":23}},"7":{"start":{"line":19,"column":24},"end":{"line":19,"column":58}},"8":{"start":{"line":20,"column":8},"end":{"line":20,"column":42}},"9":{"start":{"line":24,"column":24},"end":{"line":24,"column":58}},"10":{"start":{"line":25,"column":8},"end":{"line":25,"column":32}},"11":{"start":{"line":26,"column":8},"end":{"line":26,"column":20}},"12":{"start":{"line":30,"column":0},"end":{"line":30,"column":32}}},"fnMap":{"0":{"name":"(anonymous_0)","decl":{"start":{"line":4,"column":4},"end":{"line":4,"column":5}},"loc":{"start":{"line":4,"column":36},"end":{"line":6,"column":5}},"line":4},"1":{"name":"(anonymous_1)","decl":{"start":{"line":8,"column":4},"end":{"line":8,"column":5}},"loc":{"start":{"line":8,"column":35},"end":{"line":10,"column":5}},"line":8},"2":{"name":"(anonymous_2)","decl":{"start":{"line":12,"column":4},"end":{"line":12,"column":5}},"loc":{"start":{"line":12,"column":41},"end":{"line":16,"column":5}},"line":12},"3":{"name":"(anonymous_3)","decl":{"start":{"line":18,"column":4},"end":{"line":18,"column":5}},"loc":{"start":{"line":18,"column":41},"end":{"line":21,"column":5}},"line":18},"4":{"name":"(anonymous_4)","decl":{"start":{"line":23,"column":4},"end":{"line":23,"column":5}},"loc":{"start":{"line":23,"column":37},"end":{"line":27,"column":5}},"line":23}},"branchMap":{"0":{"loc":{"start":{"line":14,"column":8},"end":{"line":14,"column":63}},"type":"if","locations":[{"start":{"line":14,"column":8},"end":{"line":14,"column":63}},{"start":{},"end":{}}],"line":14}},"s":{"0":11,"1":3,"2":1,"3":2,"4":2,"5":0,"6":2,"7":1,"8":1,"9":1,"10":1,"11":1,"12":11},"f":{"0":3,"1":1,"2":2,"3":1,"4":1},"b":{"0":[0,2]},"_coverageSchema":"1a1c01bbd47fc00a2c39e90264f33305004495a9","hash":"7ae4fe1eb644eda786bc994dcbcbdd2f77146fe2"}
,"C:\\Users\\DELL9\\Videos\\basura\\FULLSTACK\\backend\\services\\StartupService.js": {"path":"C:\\Users\\DELL9\\Videos\\basura\\FULLSTACK\\backend\\services\\StartupService.js","statementMap":{"0":{"start":{"line":31,"column":15},"end":{"line":31,"column":35}},"1":{"start":{"line":32,"column":20},"end":{"line":32,"column":40}},"2":{"start":{"line":43,"column":4},"end":{"line":43,"column":38}},"3":{"start":{"line":58,"column":93},"end":{"line":58,"column":98}},"4":{"start":{"line":59,"column":19},"end":{"line":59,"column":37}},"5":{"start":{"line":62,"column":18},"end":{"line":62,"column":20}},"6":{"start":{"line":63,"column":4},"end":{"line":63,"column":47}},"7":{"start":{"line":63,"column":19},"end":{"line":63,"column":47}},"8":{"start":{"line":64,"column":4},"end":{"line":64,"column":42}},"9":{"start":{"line":64,"column":19},"end":{"line":64,"column":42}},"10":{"start":{"line":65,"column":4},"end":{"line":68,"column":6}},"11":{"start":{"line":65,"column":19},"end":{"line":68,"column":6}},"12":{"start":{"line":71,"column":21},"end":{"line":76,"column":6}},"13":{"start":{"line":78,"column":4},"end":{"line":83,"column":6}},"14":{"start":{"line":93,"column":20},"end":{"line":93,"column":46}},"15":{"start":{"line":94,"column":4},"end":{"line":94,"column":59}},"16":{"start":{"line":94,"column":18},"end":{"line":94,"column":59}},"17":{"start":{"line":95,"column":4},"end":{"line":95,"column":19}},"18":{"start":{"line":105,"column":20},"end":{"line":105,"column":54}},"19":{"start":{"line":106,"column":4},"end":{"line":106,"column":38}},"20":{"start":{"line":115,"column":20},"end":{"line":115,"column":54}},"21":{"start":{"line":116,"column":4},"end":{"line":116,"column":28}},"22":{"start":{"line":117,"column":4},"end":{"line":117,"column":16}},"23":{"start":{"line":121,"column":0},"end":{"line":121,"column":32}}},"fnMap":{"0":{"name":"(anonymous_0)","decl":{"start":{"line":42,"column":2},"end":{"line":42,"column":3}},"loc":{"start":{"line":42,"column":34},"end":{"line":44,"column":3}},"line":42},"1":{"name":"(anonymous_1)","decl":{"start":{"line":57,"column":2},"end":{"line":57,"column":3}},"loc":{"start":{"line":57,"column":38},"end":{"line":84,"column":3}},"line":57},"2":{"name":"(anonymous_2)","decl":{"start":{"line":92,"column":2},"end":{"line":92,"column":3}},"loc":{"start":{"line":92,"column":39},"end":{"line":96,"column":3}},"line":92},"3":{"name":"(anonymous_3)","decl":{"start":{"line":104,"column":2},"end":{"line":104,"column":3}},"loc":{"start":{"line":104,"column":39},"end":{"line":107,"column":3}},"line":104},"4":{"name":"(anonymous_4)","decl":{"start":{"line":114,"column":2},"end":{"line":114,"column":3}},"loc":{"start":{"line":114,"column":35},"end":{"line":118,"column":3}},"line":114}},"branchMap":{"0":{"loc":{"start":{"line":58,"column":12},"end":{"line":58,"column":20}},"type":"default-arg","locations":[{"start":{"line":58,"column":19},"end":{"line":58,"column":20}}],"line":58},"1":{"loc":{"start":{"line":58,"column":22},"end":{"line":58,"column":32}},"type":"default-arg","locations":[{"start":{"line":58,"column":30},"end":{"line":58,"column":32}}],"line":58},"2":{"loc":{"start":{"line":58,"column":51},"end":{"line":58,"column":64}},"type":"default-arg","locations":[{"start":{"line":58,"column":60},"end":{"line":58,"column":64}}],"line":58},"3":{"loc":{"start":{"line":58,"column":66},"end":{"line":58,"column":80}},"type":"default-arg","locations":[{"start":{"line":58,"column":74},"end":{"line":58,"column":80}}],"line":58},"4":{"loc":{"start":{"line":63,"column":4},"end":{"line":63,"column":47}},"type":"if","locations":[{"start":{"line":63,"column":4},"end":{"line":63,"column":47}},{"start":{},"end":{}}],"line":63},"5":{"loc":{"start":{"line":64,"column":4},"end":{"line":64,"column":42}},"type":"if","locations":[{"start":{"line":64,"column":4},"end":{"line":64,"column":42}},{"start":{},"end":{}}],"line":64},"6":{"loc":{"start":{"line":65,"column":4},"end":{"line":68,"column":6}},"type":"if","locations":[{"start":{"line":65,"column":4},"end":{"line":68,"column":6}},{"start":{},"end":{}}],"line":65},"7":{"loc":{"start":{"line":75,"column":23},"end":{"line":75,"column":69}},"type":"cond-expr","locations":[{"start":{"line":75,"column":55},"end":{"line":75,"column":60}},{"start":{"line":75,"column":63},"end":{"line":75,"column":69}}],"line":75},"8":{"loc":{"start":{"line":94,"column":4},"end":{"line":94,"column":59}},"type":"if","locations":[{"start":{"line":94,"column":4},"end":{"line":94,"column":59}},{"start":{},"end":{}}],"line":94}},"s":{"0":11,"1":11,"2":1,"3":2,"4":2,"5":2,"6":2,"7":0,"8":2,"9":0,"10":2,"11":1,"12":2,"13":2,"14":2,"15":2,"16":0,"17":2,"18":1,"19":1,"20":1,"21":1,"22":1,"23":11},"f":{"0":1,"1":2,"2":2,"3":1,"4":1},"b":{"0":[1],"1":[1],"2":[2],"3":[2],"4":[0,2],"5":[0,2],"6":[1,1],"7":[0,2],"8":[0,2]},"_coverageSchema":"1a1c01bbd47fc00a2c39e90264f33305004495a9","hash":"bd98c872cc2ea8b085d4875a2f0368350ca3159a"}
,"C:\\Users\\DELL9\\Videos\\basura\\FULLSTACK\\backend\\services\\UploadService.js": {"path":"C:\\Users\\DELL9\\Videos\\basura\\FULLSTACK\\backend\\services\\UploadService.js","statementMap":{"0":{"start":{"line":1,"column":19},"end":{"line":1,"column":43}},"1":{"start":{"line":2,"column":30},"end":{"line":2,"column":66}},"2":{"start":{"line":3,"column":15},"end":{"line":3,"column":32}},"3":{"start":{"line":6,"column":21},"end":{"line":10,"column":1}},"4":{"start":{"line":7,"column":2},"end":{"line":9,"column":47}},"5":{"start":{"line":12,"column":0},"end":{"line":18,"column":1}},"6":{"start":{"line":13,"column":2},"end":{"line":17,"column":5}},"7":{"start":{"line":24,"column":0},"end":{"line":47,"column":1}},"8":{"start":{"line":25,"column":2},"end":{"line":32,"column":5}},"9":{"start":{"line":34,"column":15},"end":{"line":34,"column":30}},"10":{"start":{"line":35,"column":13},"end":{"line":35,"column":26}},"11":{"start":{"line":36,"column":21},"end":{"line":36,"column":58}},"12":{"start":{"line":37,"column":2},"end":{"line":39,"column":3}},"13":{"start":{"line":38,"column":4},"end":{"line":38,"column":50}},"14":{"start":{"line":40,"column":2},"end":{"line":46,"column":5}},"15":{"start":{"line":41,"column":36},"end":{"line":41,"column":56}},"16":{"start":{"line":43,"column":21},"end":{"line":43,"column":71}},"17":{"start":{"line":44,"column":6},"end":{"line":44,"column":57}},"18":{"start":{"line":49,"column":0},"end":{"line":60,"column":3}},"19":{"start":{"line":53,"column":20},"end":{"line":53,"column":74}},"20":{"start":{"line":54,"column":4},"end":{"line":58,"column":5}},"21":{"start":{"line":55,"column":6},"end":{"line":55,"column":21}},"22":{"start":{"line":57,"column":6},"end":{"line":57,"column":78}},"23":{"start":{"line":67,"column":19},"end":{"line":74,"column":1}},"24":{"start":{"line":68,"column":2},"end":{"line":70,"column":3}},"25":{"start":{"line":69,"column":4},"end":{"line":69,"column":21}},"26":{"start":{"line":72,"column":18},"end":{"line":72,"column":88}},"27":{"start":{"line":73,"column":2},"end":{"line":73,"column":47}},"28":{"start":{"line":76,"column":0},"end":{"line":76,"column":54}}},"fnMap":{"0":{"name":"(anonymous_0)","decl":{"start":{"line":6,"column":21},"end":{"line":6,"column":22}},"loc":{"start":{"line":6,"column":27},"end":{"line":10,"column":1}},"line":6},"1":{"name":"(anonymous_1)","decl":{"start":{"line":41,"column":17},"end":{"line":41,"column":18}},"loc":{"start":{"line":41,"column":36},"end":{"line":41,"column":56}},"line":41},"2":{"name":"(anonymous_2)","decl":{"start":{"line":42,"column":14},"end":{"line":42,"column":15}},"loc":{"start":{"line":42,"column":33},"end":{"line":45,"column":5}},"line":42},"3":{"name":"(anonymous_3)","decl":{"start":{"line":52,"column":14},"end":{"line":52,"column":15}},"loc":{"start":{"line":52,"column":33},"end":{"line":59,"column":3}},"line":52},"4":{"name":"(anonymous_4)","decl":{"start":{"line":67,"column":19},"end":{"line":67,"column":20}},"loc":{"start":{"line":67,"column":35},"end":{"line":74,"column":1}},"line":67}},"branchMap":{"0":{"loc":{"start":{"line":7,"column":12},"end":{"line":9,"column":45}},"type":"binary-expr","locations":[{"start":{"line":7,"column":12},"end":{"line":7,"column":45}},{"start":{"line":8,"column":12},"end":{"line":8,"column":42}},{"start":{"line":9,"column":12},"end":{"line":9,"column":45}}],"line":7},"1":{"loc":{"start":{"line":12,"column":0},"end":{"line":18,"column":1}},"type":"if","locations":[{"start":{"line":12,"column":0},"end":{"line":18,"column":1}},{"start":{},"end":{}}],"line":12},"2":{"loc":{"start":{"line":24,"column":0},"end":{"line":47,"column":1}},"type":"if","locations":[{"start":{"line":24,"column":0},"end":{"line":47,"column":1}},{"start":{"line":33,"column":7},"end":{"line":47,"column":1}}],"line":24},"3":{"loc":{"start":{"line":37,"column":2},"end":{"line":39,"column":3}},"type":"if","locations":[{"start":{"line":37,"column":2},"end":{"line":39,"column":3}},{"start":{},"end":{}}],"line":37},"4":{"loc":{"start":{"line":54,"column":4},"end":{"line":58,"column":5}},"type":"if","locations":[{"start":{"line":54,"column":4},"end":{"line":58,"column":5}},{"start":{"line":56,"column":11},"end":{"line":58,"column":5}}],"line":54},"5":{"loc":{"start":{"line":68,"column":2},"end":{"line":70,"column":3}},"type":"if","locations":[{"start":{"line":68,"column":2},"end":{"line":70,"column":3}},{"start":{},"end":{}}],"line":68},"6":{"loc":{"start":{"line":72,"column":18},"end":{"line":72,"column":88}},"type":"binary-expr","locations":[{"start":{"line":72,"column":18},"end":{"line":72,"column":38}},{"start":{"line":72,"column":42},"end":{"line":72,"column":88}}],"line":72},"7":{"loc":{"start":{"line":72,"column":62},"end":{"line":72,"column":86}},"type":"binary-expr","locations":[{"start":{"line":72,"column":62},"end":{"line":72,"column":78}},{"start":{"line":72,"column":82},"end":{"line":72,"column":86}}],"line":72}},"s":{"0":11,"1":11,"2":11,"3":11,"4":22,"5":11,"6":0,"7":11,"8":0,"9":11,"10":11,"11":11,"12":11,"13":0,"14":11,"15":0,"16":0,"17":0,"18":11,"19":0,"20":0,"21":0,"22":0,"23":11,"24":0,"25":0,"26":0,"27":0,"28":11},"f":{"0":22,"1":0,"2":0,"3":0,"4":0},"b":{"0":[22,0,0],"1":[0,11],"2":[0,11],"3":[0,11],"4":[0,0],"5":[0,0],"6":[0,0],"7":[0,0]},"_coverageSchema":"1a1c01bbd47fc00a2c39e90264f33305004495a9","hash":"2466d7b1c04ef7caaa4ef1594fa040c0ec7b815f"}
,"C:\\Users\\DELL9\\Videos\\basura\\FULLSTACK\\backend\\services\\UserService.js": {"path":"C:\\Users\\DELL9\\Videos\\basura\\FULLSTACK\\backend\\services\\UserService.js","statementMap":{"0":{"start":{"line":29,"column":17},"end":{"line":29,"column":37}},"1":{"start":{"line":30,"column":17},"end":{"line":30,"column":34}},"2":{"start":{"line":40,"column":71},"end":{"line":40,"column":75}},"3":{"start":{"line":44,"column":29},"end":{"line":44,"column":65}},"4":{"start":{"line":46,"column":20},"end":{"line":52,"column":6}},"5":{"start":{"line":55,"column":28},"end":{"line":55,"column":44}},"6":{"start":{"line":56,"column":4},"end":{"line":56,"column":41}},"7":{"start":{"line":57,"column":4},"end":{"line":57,"column":27}},"8":{"start":{"line":65,"column":4},"end":{"line":67,"column":7}},"9":{"start":{"line":77,"column":20},"end":{"line":77,"column":43}},"10":{"start":{"line":78,"column":4},"end":{"line":78,"column":59}},"11":{"start":{"line":78,"column":18},"end":{"line":78,"column":59}},"12":{"start":{"line":79,"column":4},"end":{"line":79,"column":19}},"13":{"start":{"line":90,"column":71},"end":{"line":90,"column":75}},"14":{"start":{"line":94,"column":4},"end":{"line":96,"column":5}},"15":{"start":{"line":95,"column":6},"end":{"line":95,"column":87}},"16":{"start":{"line":98,"column":20},"end":{"line":98,"column":54}},"17":{"start":{"line":101,"column":21},"end":{"line":101,"column":55}},"18":{"start":{"line":104,"column":4},"end":{"line":106,"column":5}},"19":{"start":{"line":105,"column":6},"end":{"line":105,"column":70}},"20":{"start":{"line":108,"column":4},"end":{"line":108,"column":37}},"21":{"start":{"line":111,"column":28},"end":{"line":111,"column":44}},"22":{"start":{"line":112,"column":4},"end":{"line":112,"column":41}},"23":{"start":{"line":113,"column":4},"end":{"line":113,"column":27}},"24":{"start":{"line":123,"column":20},"end":{"line":123,"column":54}},"25":{"start":{"line":124,"column":4},"end":{"line":124,"column":28}},"26":{"start":{"line":125,"column":4},"end":{"line":125,"column":16}},"27":{"start":{"line":129,"column":0},"end":{"line":129,"column":29}}},"fnMap":{"0":{"name":"(anonymous_0)","decl":{"start":{"line":39,"column":2},"end":{"line":39,"column":3}},"loc":{"start":{"line":39,"column":34},"end":{"line":58,"column":3}},"line":39},"1":{"name":"(anonymous_1)","decl":{"start":{"line":64,"column":2},"end":{"line":64,"column":3}},"loc":{"start":{"line":64,"column":33},"end":{"line":68,"column":3}},"line":64},"2":{"name":"(anonymous_2)","decl":{"start":{"line":76,"column":2},"end":{"line":76,"column":3}},"loc":{"start":{"line":76,"column":39},"end":{"line":80,"column":3}},"line":76},"3":{"name":"(anonymous_3)","decl":{"start":{"line":89,"column":2},"end":{"line":89,"column":3}},"loc":{"start":{"line":89,"column":43},"end":{"line":114,"column":3}},"line":89},"4":{"name":"(anonymous_4)","decl":{"start":{"line":122,"column":2},"end":{"line":122,"column":3}},"loc":{"start":{"line":122,"column":35},"end":{"line":126,"column":3}},"line":122}},"branchMap":{"0":{"loc":{"start":{"line":78,"column":4},"end":{"line":78,"column":59}},"type":"if","locations":[{"start":{"line":78,"column":4},"end":{"line":78,"column":59}},{"start":{},"end":{}}],"line":78},"1":{"loc":{"start":{"line":94,"column":4},"end":{"line":96,"column":5}},"type":"if","locations":[{"start":{"line":94,"column":4},"end":{"line":96,"column":5}},{"start":{},"end":{}}],"line":94},"2":{"loc":{"start":{"line":104,"column":4},"end":{"line":106,"column":5}},"type":"if","locations":[{"start":{"line":104,"column":4},"end":{"line":106,"column":5}},{"start":{},"end":{}}],"line":104}},"s":{"0":11,"1":11,"2":5,"3":5,"4":5,"5":5,"6":5,"7":5,"8":1,"9":2,"10":2,"11":0,"12":2,"13":2,"14":2,"15":1,"16":1,"17":1,"18":1,"19":1,"20":1,"21":1,"22":1,"23":1,"24":1,"25":1,"26":1,"27":11},"f":{"0":5,"1":1,"2":2,"3":2,"4":1},"b":{"0":[0,2],"1":[1,1],"2":[1,0]},"_coverageSchema":"1a1c01bbd47fc00a2c39e90264f33305004495a9","hash":"7876bab21ab98f4f9a4018f79171b082a9c29019"}
}
