TN:
SF:app.js
FN:22,(anonymous_0)
FN:43,(anonymous_1)
FN:59,(anonymous_2)
FNF:3
FNH:0
FNDA:0,(anonymous_0)
FNDA:0,(anonymous_1)
FNDA:0,(anonymous_2)
DA:1,10
DA:2,10
DA:3,10
DA:4,10
DA:5,10
DA:6,10
DA:7,10
DA:8,10
DA:9,10
DA:10,10
DA:11,10
DA:12,10
DA:13,10
DA:15,10
DA:16,10
DA:22,10
DA:23,0
DA:27,10
DA:28,10
DA:29,10
DA:30,10
DA:31,10
DA:32,10
DA:33,10
DA:34,10
DA:35,10
DA:36,10
DA:37,10
DA:40,10
DA:42,10
DA:43,0
DA:44,0
DA:47,0
DA:48,0
DA:49,0
DA:53,0
DA:55,0
DA:59,0
DA:60,0
DA:61,0
DA:62,0
DA:65,0
DA:66,0
DA:70,10
LF:44
LH:30
BRDA:40,0,0,10
BRDA:40,0,1,0
BRDA:42,1,0,0
BRDA:42,1,1,10
BRDA:60,2,0,0
BRDA:60,2,1,0
BRF:6
BRH:2
end_of_record
TN:
SF:config\config.js
FNF:0
FNH:0
DA:1,10
DA:3,10
LF:2
LH:2
BRDA:5,0,0,10
BRDA:5,0,1,0
BRDA:6,1,0,10
BRDA:6,1,1,0
BRDA:7,2,0,10
BRDA:7,2,1,0
BRDA:8,3,0,10
BRDA:8,3,1,0
BRF:8
BRH:4
end_of_record
TN:
SF:config\db.js
FN:15,(anonymous_0)
FNF:1
FNH:1
FNDA:10,(anonymous_0)
DA:1,10
DA:2,10
DA:4,10
DA:15,10
DA:16,10
DA:17,10
DA:18,10
DA:20,0
DA:24,10
DA:26,10
LF:10
LH:9
BRDA:2,0,0,10
BRDA:2,0,1,0
BRF:2
BRH:1
end_of_record
TN:
SF:controllers\AceleradoraController.js
FN:3,(anonymous_0)
FN:12,(anonymous_1)
FN:21,(anonymous_2)
FN:33,(anonymous_3)
FNF:4
FNH:4
FNDA:1,(anonymous_0)
FNDA:1,(anonymous_1)
FNDA:1,(anonymous_2)
FNDA:1,(anonymous_3)
DA:1,10
DA:3,10
DA:4,1
DA:5,1
DA:6,1
DA:8,0
DA:12,10
DA:13,1
DA:14,1
DA:15,1
DA:17,0
DA:21,10
DA:22,1
DA:23,1
DA:24,1
DA:26,0
DA:27,0
DA:29,0
DA:33,10
DA:34,1
DA:35,1
DA:36,1
DA:38,0
DA:39,0
DA:41,0
DA:45,10
LF:26
LH:18
BRDA:26,0,0,0
BRDA:26,0,1,0
BRDA:38,1,0,0
BRDA:38,1,1,0
BRF:4
BRH:0
end_of_record
TN:
SF:controllers\AuthController.js
FN:3,(anonymous_0)
FN:24,(anonymous_1)
FN:42,(anonymous_2)
FNF:3
FNH:3
FNDA:2,(anonymous_0)
FNDA:1,(anonymous_1)
FNDA:1,(anonymous_2)
DA:1,10
DA:3,10
DA:4,2
DA:5,2
DA:6,2
DA:8,1
DA:14,1
DA:15,1
DA:17,0
DA:24,10
DA:25,1
DA:26,1
DA:27,1
DA:29,1
DA:30,1
DA:32,0
DA:33,0
DA:35,0
DA:42,10
DA:43,1
DA:44,1
DA:45,1
DA:50,0
DA:51,0
DA:53,0
DA:57,10
LF:26
LH:19
BRDA:14,0,0,1
BRDA:14,0,1,0
BRDA:14,1,0,1
BRDA:14,1,1,1
BRDA:15,2,0,1
BRDA:15,2,1,0
BRDA:27,3,0,1
BRDA:27,3,1,1
BRDA:32,4,0,0
BRDA:32,4,1,0
BRDA:32,5,0,0
BRDA:32,5,1,0
BRDA:50,6,0,0
BRDA:50,6,1,0
BRF:14
BRH:6
end_of_record
TN:
SF:controllers\CommunicationCotroller.js
FN:3,(anonymous_0)
FN:12,(anonymous_1)
FN:21,(anonymous_2)
FN:33,(anonymous_3)
FN:45,(anonymous_4)
FN:54,(anonymous_5)
FN:63,(anonymous_6)
FN:75,(anonymous_7)
FNF:8
FNH:7
FNDA:1,(anonymous_0)
FNDA:1,(anonymous_1)
FNDA:1,(anonymous_2)
FNDA:1,(anonymous_3)
FNDA:1,(anonymous_4)
FNDA:1,(anonymous_5)
FNDA:1,(anonymous_6)
FNDA:0,(anonymous_7)
DA:1,10
DA:3,10
DA:4,1
DA:5,1
DA:6,1
DA:8,0
DA:12,10
DA:13,1
DA:14,1
DA:15,1
DA:17,0
DA:21,10
DA:22,1
DA:23,1
DA:24,1
DA:26,0
DA:27,0
DA:29,0
DA:33,10
DA:34,1
DA:35,1
DA:36,1
DA:38,0
DA:39,0
DA:41,0
DA:45,10
DA:46,1
DA:47,1
DA:48,1
DA:50,0
DA:54,10
DA:55,1
DA:56,1
DA:57,1
DA:59,0
DA:63,10
DA:64,1
DA:65,1
DA:66,1
DA:68,0
DA:69,0
DA:71,0
DA:75,10
DA:76,0
DA:77,0
DA:78,0
DA:80,0
DA:81,0
DA:83,0
DA:87,10
LF:50
LH:31
BRDA:26,0,0,0
BRDA:26,0,1,0
BRDA:38,1,0,0
BRDA:38,1,1,0
BRDA:68,2,0,0
BRDA:68,2,1,0
BRDA:80,3,0,0
BRDA:80,3,1,0
BRF:8
BRH:0
end_of_record
TN:
SF:controllers\EcosystemController.js
FN:3,(anonymous_0)
FN:12,(anonymous_1)
FN:21,(anonymous_2)
FN:33,(anonymous_3)
FN:45,(anonymous_4)
FN:54,(anonymous_5)
FN:63,(anonymous_6)
FN:75,(anonymous_7)
FN:87,(anonymous_8)
FN:96,(anonymous_9)
FN:105,(anonymous_10)
FN:117,(anonymous_11)
FN:129,(anonymous_12)
FN:141,(anonymous_13)
FN:153,(anonymous_14)
FN:162,(anonymous_15)
FN:171,(anonymous_16)
FN:183,(anonymous_17)
FNF:18
FNH:16
FNDA:1,(anonymous_0)
FNDA:1,(anonymous_1)
FNDA:1,(anonymous_2)
FNDA:1,(anonymous_3)
FNDA:1,(anonymous_4)
FNDA:1,(anonymous_5)
FNDA:1,(anonymous_6)
FNDA:0,(anonymous_7)
FNDA:1,(anonymous_8)
FNDA:1,(anonymous_9)
FNDA:1,(anonymous_10)
FNDA:1,(anonymous_11)
FNDA:1,(anonymous_12)
FNDA:1,(anonymous_13)
FNDA:1,(anonymous_14)
FNDA:1,(anonymous_15)
FNDA:0,(anonymous_16)
FNDA:1,(anonymous_17)
DA:1,10
DA:3,10
DA:4,1
DA:5,1
DA:6,1
DA:8,0
DA:12,10
DA:13,1
DA:14,1
DA:15,1
DA:17,0
DA:21,10
DA:22,1
DA:23,1
DA:24,1
DA:26,0
DA:27,0
DA:29,0
DA:33,10
DA:34,1
DA:35,1
DA:36,1
DA:38,0
DA:39,0
DA:41,0
DA:45,10
DA:46,1
DA:47,1
DA:48,1
DA:50,0
DA:54,10
DA:55,1
DA:56,1
DA:57,1
DA:59,0
DA:63,10
DA:64,1
DA:65,1
DA:66,1
DA:68,0
DA:69,0
DA:71,0
DA:75,10
DA:76,0
DA:77,0
DA:78,0
DA:80,0
DA:81,0
DA:83,0
DA:87,10
DA:88,1
DA:89,1
DA:90,1
DA:92,0
DA:96,10
DA:97,1
DA:98,1
DA:99,1
DA:101,0
DA:105,10
DA:106,1
DA:107,1
DA:108,1
DA:110,0
DA:111,0
DA:113,0
DA:117,10
DA:118,1
DA:119,1
DA:120,1
DA:122,0
DA:123,0
DA:125,0
DA:129,10
DA:130,1
DA:131,1
DA:132,1
DA:134,0
DA:135,0
DA:137,0
DA:141,10
DA:142,1
DA:143,1
DA:144,1
DA:146,0
DA:147,0
DA:149,0
DA:153,10
DA:154,1
DA:155,1
DA:156,1
DA:158,0
DA:162,10
DA:163,1
DA:164,1
DA:165,1
DA:167,0
DA:171,10
DA:172,0
DA:173,0
DA:174,0
DA:176,0
DA:177,0
DA:179,0
DA:183,10
DA:184,1
DA:185,1
DA:186,1
DA:188,0
DA:189,0
DA:191,0
DA:195,10
LF:112
LH:68
BRDA:26,0,0,0
BRDA:26,0,1,0
BRDA:38,1,0,0
BRDA:38,1,1,0
BRDA:68,2,0,0
BRDA:68,2,1,0
BRDA:80,3,0,0
BRDA:80,3,1,0
BRDA:110,4,0,0
BRDA:110,4,1,0
BRDA:122,5,0,0
BRDA:122,5,1,0
BRDA:134,6,0,0
BRDA:134,6,1,0
BRDA:146,7,0,0
BRDA:146,7,1,0
BRDA:176,8,0,0
BRDA:176,8,1,0
BRDA:188,9,0,0
BRDA:188,9,1,0
BRF:20
BRH:0
end_of_record
TN:
SF:controllers\InversorController.js
FN:3,(anonymous_0)
FN:12,(anonymous_1)
FN:21,(anonymous_2)
FN:33,(anonymous_3)
FNF:4
FNH:4
FNDA:1,(anonymous_0)
FNDA:1,(anonymous_1)
FNDA:1,(anonymous_2)
FNDA:1,(anonymous_3)
DA:1,10
DA:3,10
DA:4,1
DA:5,1
DA:6,1
DA:8,0
DA:12,10
DA:13,1
DA:14,1
DA:15,1
DA:17,0
DA:21,10
DA:22,1
DA:23,1
DA:24,1
DA:26,0
DA:27,0
DA:29,0
DA:33,10
DA:34,1
DA:35,1
DA:36,1
DA:38,0
DA:39,0
DA:41,0
DA:45,10
LF:26
LH:18
BRDA:26,0,0,0
BRDA:26,0,1,0
BRDA:38,1,0,0
BRDA:38,1,1,0
BRF:4
BRH:0
end_of_record
TN:
SF:controllers\RoleController.js
FN:3,(anonymous_0)
FN:12,(anonymous_1)
FN:21,(anonymous_2)
FN:33,(anonymous_3)
FNF:4
FNH:4
FNDA:1,(anonymous_0)
FNDA:1,(anonymous_1)
FNDA:1,(anonymous_2)
FNDA:1,(anonymous_3)
DA:1,10
DA:3,10
DA:4,1
DA:5,1
DA:6,1
DA:8,0
DA:12,10
DA:13,1
DA:14,1
DA:15,1
DA:17,0
DA:21,10
DA:22,1
DA:23,1
DA:24,1
DA:26,0
DA:27,0
DA:29,0
DA:33,10
DA:34,1
DA:35,1
DA:36,1
DA:38,0
DA:39,0
DA:41,0
DA:45,10
LF:26
LH:18
BRDA:26,0,0,0
BRDA:26,0,1,0
BRDA:38,1,0,0
BRDA:38,1,1,0
BRF:4
BRH:0
end_of_record
TN:
SF:controllers\SectorCotroller.js
FN:3,(anonymous_0)
FN:12,(anonymous_1)
FN:21,(anonymous_2)
FN:33,(anonymous_3)
FNF:4
FNH:4
FNDA:1,(anonymous_0)
FNDA:1,(anonymous_1)
FNDA:1,(anonymous_2)
FNDA:1,(anonymous_3)
DA:1,10
DA:3,10
DA:4,1
DA:5,1
DA:6,1
DA:8,0
DA:12,10
DA:13,1
DA:14,1
DA:15,1
DA:17,0
DA:21,10
DA:22,1
DA:23,1
DA:24,1
DA:26,0
DA:27,0
DA:29,0
DA:33,10
DA:34,1
DA:35,1
DA:36,1
DA:38,0
DA:39,0
DA:41,0
DA:45,10
LF:26
LH:18
BRDA:26,0,0,0
BRDA:26,0,1,0
BRDA:38,1,0,0
BRDA:38,1,1,0
BRF:4
BRH:0
end_of_record
TN:
SF:controllers\SessionController.js
FN:3,(anonymous_0)
FN:12,(anonymous_1)
FN:21,(anonymous_2)
FN:33,(anonymous_3)
FNF:4
FNH:4
FNDA:1,(anonymous_0)
FNDA:1,(anonymous_1)
FNDA:1,(anonymous_2)
FNDA:1,(anonymous_3)
DA:1,10
DA:3,10
DA:4,1
DA:5,1
DA:6,1
DA:8,0
DA:12,10
DA:13,1
DA:14,1
DA:15,1
DA:17,0
DA:21,10
DA:22,1
DA:23,1
DA:24,1
DA:26,0
DA:27,0
DA:29,0
DA:33,10
DA:34,1
DA:35,1
DA:36,1
DA:38,0
DA:39,0
DA:41,0
DA:45,10
LF:26
LH:18
BRDA:26,0,0,0
BRDA:26,0,1,0
BRDA:38,1,0,0
BRDA:38,1,1,0
BRF:4
BRH:0
end_of_record
TN:
SF:controllers\StartupCotroller.js
FN:3,(anonymous_0)
FN:12,(anonymous_1)
FN:21,(anonymous_2)
FN:33,(anonymous_3)
FNF:4
FNH:4
FNDA:1,(anonymous_0)
FNDA:1,(anonymous_1)
FNDA:1,(anonymous_2)
FNDA:1,(anonymous_3)
DA:1,10
DA:3,10
DA:4,1
DA:5,1
DA:6,1
DA:8,0
DA:12,10
DA:13,1
DA:14,1
DA:15,1
DA:17,0
DA:21,10
DA:22,1
DA:23,1
DA:24,1
DA:26,0
DA:27,0
DA:29,0
DA:33,10
DA:34,1
DA:35,1
DA:36,1
DA:38,0
DA:39,0
DA:41,0
DA:45,10
LF:26
LH:18
BRDA:26,0,0,0
BRDA:26,0,1,0
BRDA:38,1,0,0
BRDA:38,1,1,0
BRF:4
BRH:0
end_of_record
TN:
SF:controllers\UserController.js
FN:3,(anonymous_0)
FN:18,(anonymous_1)
FN:27,(anonymous_2)
FN:39,(anonymous_3)
FNF:4
FNH:4
FNDA:1,(anonymous_0)
FNDA:1,(anonymous_1)
FNDA:1,(anonymous_2)
FNDA:2,(anonymous_3)
DA:1,10
DA:3,10
DA:4,1
DA:5,1
DA:6,1
DA:11,0
DA:18,10
DA:19,1
DA:20,1
DA:21,1
DA:23,0
DA:27,10
DA:28,1
DA:29,1
DA:30,1
DA:32,0
DA:33,0
DA:35,0
DA:39,10
DA:40,2
DA:41,2
DA:42,1
DA:44,1
DA:45,0
DA:47,1
DA:48,1
DA:50,0
DA:54,10
LF:28
LH:21
BRDA:32,0,0,0
BRDA:32,0,1,0
BRDA:44,1,0,0
BRDA:44,1,1,1
BRDA:47,2,0,1
BRDA:47,2,1,0
BRF:6
BRH:2
end_of_record
TN:
SF:middlewares\authMiddleware.js
FN:5,(anonymous_0)
FNF:1
FNH:1
FNDA:4,(anonymous_0)
DA:1,10
DA:2,10
DA:5,10
DA:6,4
DA:8,4
DA:9,4
DA:11,4
DA:12,0
DA:16,4
DA:17,4
DA:20,3
DA:27,3
DA:28,1
DA:32,2
DA:33,2
DA:34,0
DA:38,2
DA:39,2
DA:42,1
DA:43,1
DA:45,0
DA:46,0
DA:48,0
DA:52,10
LF:24
LH:19
BRDA:9,0,0,4
BRDA:9,0,1,4
BRDA:11,1,0,0
BRDA:11,1,1,4
BRDA:16,2,0,4
BRDA:16,2,1,4
BRDA:27,3,0,1
BRDA:27,3,1,2
BRDA:33,4,0,0
BRDA:33,4,1,2
BRDA:42,5,0,1
BRDA:42,5,1,0
BRDA:45,6,0,0
BRDA:45,6,1,0
BRF:14
BRH:9
end_of_record
TN:
SF:middlewares\errorHandler.js
FN:1,(anonymous_0)
FNF:1
FNH:0
FNDA:0,(anonymous_0)
DA:1,10
DA:2,0
DA:3,0
DA:6,0
DA:9,0
LF:5
LH:1
BRDA:6,0,0,0
BRDA:6,0,1,0
BRDA:6,0,2,0
BRDA:11,1,0,0
BRDA:11,1,1,0
BRDA:12,2,0,0
BRDA:12,2,1,0
BRF:7
BRH:0
end_of_record
TN:
SF:middlewares\validators.js
FN:3,(anonymous_0)
FNF:1
FNH:1
FNDA:11,(anonymous_0)
DA:1,10
DA:3,10
DA:4,11
DA:5,11
DA:6,2
DA:8,9
DA:11,10
DA:19,10
DA:29,10
DA:38,10
DA:47,10
DA:55,10
LF:12
LH:12
BRDA:5,0,0,2
BRDA:5,0,1,9
BRF:2
BRH:2
end_of_record
TN:
SF:models\Aceleradora.js
FNF:0
FNH:0
DA:1,10
DA:2,10
DA:4,10
DA:15,10
LF:4
LH:4
BRF:0
BRH:0
end_of_record
TN:
SF:models\Communication.js
FNF:0
FNH:0
DA:1,10
DA:2,10
DA:3,10
DA:5,10
DA:18,10
DA:29,10
LF:6
LH:6
BRF:0
BRH:0
end_of_record
TN:
SF:models\Ecosystem.js
FNF:0
FNH:0
DA:1,10
DA:2,10
DA:3,10
DA:4,10
DA:6,10
DA:14,10
DA:21,10
DA:29,10
DA:37,10
LF:9
LH:9
BRF:0
BRH:0
end_of_record
TN:
SF:models\Inversor.js
FNF:0
FNH:0
DA:1,10
DA:2,10
DA:4,10
DA:16,10
LF:4
LH:4
BRF:0
BRH:0
end_of_record
TN:
SF:models\Role.js
FNF:0
FNH:0
DA:1,10
DA:2,10
DA:4,10
DA:20,10
LF:4
LH:4
BRF:0
BRH:0
end_of_record
TN:
SF:models\Sector.js
FNF:0
FNH:0
DA:1,10
DA:2,10
DA:4,10
DA:23,10
LF:4
LH:4
BRF:0
BRH:0
end_of_record
TN:
SF:models\Session.js
FNF:0
FNH:0
DA:1,10
DA:2,10
DA:4,10
DA:15,10
LF:4
LH:4
BRF:0
BRH:0
end_of_record
TN:
SF:models\Startup.js
FNF:0
FNH:0
DA:1,10
DA:2,10
DA:4,10
DA:20,10
LF:4
LH:4
BRF:0
BRH:0
end_of_record
TN:
SF:models\User.js
FN:45,(anonymous_0)
FN:50,(anonymous_1)
FNF:2
FNH:1
FNDA:1,(anonymous_0)
FNDA:0,(anonymous_1)
DA:1,10
DA:2,10
DA:4,10
DA:46,1
DA:47,0
DA:51,0
DA:52,0
DA:58,10
LF:8
LH:5
BRDA:46,0,0,0
BRDA:46,0,1,1
BRDA:51,1,0,0
BRDA:51,1,1,0
BRDA:51,2,0,0
BRDA:51,2,1,0
BRF:6
BRH:1
end_of_record
TN:
SF:models\index.js
FNF:0
FNH:0
DA:1,10
DA:3,10
DA:4,10
DA:5,10
DA:6,10
DA:7,10
DA:8,10
DA:9,10
DA:10,10
DA:11,10
DA:13,10
LF:11
LH:11
BRF:0
BRH:0
end_of_record
TN:
SF:routes\AceleradoraRoutes.js
FNF:0
FNH:0
DA:1,10
DA:2,10
DA:3,10
DA:4,10
DA:6,10
DA:7,10
DA:8,10
DA:9,10
DA:11,10
LF:9
LH:9
BRF:0
BRH:0
end_of_record
TN:
SF:routes\AuthRoutes.js
FNF:0
FNH:0
DA:1,10
DA:2,10
DA:3,10
DA:4,10
DA:7,10
DA:10,10
DA:13,10
DA:15,10
LF:8
LH:8
BRF:0
BRH:0
end_of_record
TN:
SF:routes\CommunicationRoutes.js
FNF:0
FNH:0
DA:1,10
DA:2,10
DA:3,10
DA:5,10
DA:6,10
DA:7,10
DA:8,10
DA:10,10
DA:11,10
DA:12,10
DA:13,10
DA:15,10
LF:12
LH:12
BRF:0
BRH:0
end_of_record
TN:
SF:routes\EcosystemRoutes.js
FNF:0
FNH:0
DA:1,10
DA:2,10
DA:22,10
DA:24,10
DA:25,10
DA:26,10
DA:27,10
DA:30,10
DA:31,10
DA:32,10
DA:33,10
DA:36,10
DA:37,10
DA:38,10
DA:39,10
DA:42,10
DA:43,10
DA:44,10
DA:45,10
DA:46,10
DA:47,10
DA:49,10
LF:22
LH:22
BRF:0
BRH:0
end_of_record
TN:
SF:routes\InversorRoutes.js
FNF:0
FNH:0
DA:1,10
DA:2,10
DA:3,10
DA:4,10
DA:6,10
DA:7,10
DA:8,10
DA:9,10
DA:11,10
LF:9
LH:9
BRF:0
BRH:0
end_of_record
TN:
SF:routes\RoleRoutes.js
FNF:0
FNH:0
DA:1,10
DA:2,10
DA:3,10
DA:5,10
DA:6,10
DA:7,10
DA:8,10
DA:10,10
LF:8
LH:8
BRF:0
BRH:0
end_of_record
TN:
SF:routes\SectorRoutes.js
FNF:0
FNH:0
DA:1,10
DA:2,10
DA:3,10
DA:5,10
DA:6,10
DA:7,10
DA:8,10
DA:10,10
LF:8
LH:8
BRF:0
BRH:0
end_of_record
TN:
SF:routes\SessionRoutes.js
FNF:0
FNH:0
DA:1,10
DA:2,10
DA:3,10
DA:5,10
DA:6,10
DA:7,10
DA:8,10
DA:10,10
LF:8
LH:8
BRF:0
BRH:0
end_of_record
TN:
SF:routes\StartupRoutes.js
FNF:0
FNH:0
DA:1,10
DA:2,10
DA:3,10
DA:4,10
DA:6,10
DA:7,10
DA:8,10
DA:9,10
DA:11,10
LF:9
LH:9
BRF:0
BRH:0
end_of_record
TN:
SF:routes\UserRoutes.js
FNF:0
FNH:0
DA:1,10
DA:2,10
DA:3,10
DA:4,10
DA:7,10
DA:8,10
DA:9,10
DA:10,10
DA:12,10
LF:9
LH:9
BRF:0
BRH:0
end_of_record
TN:
SF:services\AceleradoraService.js
FN:4,(anonymous_0)
FN:8,(anonymous_1)
FN:12,(anonymous_2)
FN:18,(anonymous_3)
FN:23,(anonymous_4)
FNF:5
FNH:5
FNDA:1,(anonymous_0)
FNDA:1,(anonymous_1)
FNDA:2,(anonymous_2)
FNDA:1,(anonymous_3)
FNDA:1,(anonymous_4)
DA:1,10
DA:5,1
DA:9,1
DA:13,2
DA:14,2
DA:15,2
DA:19,1
DA:20,1
DA:24,1
DA:25,1
DA:26,1
DA:30,10
LF:12
LH:12
BRDA:14,0,0,0
BRDA:14,0,1,2
BRF:2
BRH:1
end_of_record
TN:
SF:services\AuthService.js
FN:6,(anonymous_0)
FN:48,(anonymous_1)
FN:68,(anonymous_2)
FNF:3
FNH:3
FNDA:2,(anonymous_0)
FNDA:1,(anonymous_1)
FNDA:1,(anonymous_2)
DA:1,10
DA:2,10
DA:3,10
DA:7,2
DA:8,0
DA:11,2
DA:12,2
DA:13,0
DA:16,2
DA:17,2
DA:18,1
DA:21,1
DA:23,1
DA:29,1
DA:31,1
DA:32,1
DA:39,0
DA:42,1
DA:43,1
DA:45,1
DA:49,1
DA:50,0
DA:53,1
DA:60,1
DA:61,0
DA:64,1
DA:65,1
DA:69,1
DA:73,1
DA:74,0
DA:77,1
DA:81,10
LF:32
LH:26
BRDA:7,0,0,0
BRDA:7,0,1,2
BRDA:7,1,0,2
BRDA:7,1,1,2
BRDA:12,2,0,0
BRDA:12,2,1,2
BRDA:17,3,0,1
BRDA:17,3,1,1
BRDA:21,4,0,1
BRDA:21,4,1,1
BRDA:49,5,0,0
BRDA:49,5,1,1
BRDA:60,6,0,0
BRDA:60,6,1,1
BRDA:73,7,0,0
BRDA:73,7,1,1
BRF:16
BRH:11
end_of_record
TN:
SF:services\CommunicationService.js
FN:4,(anonymous_0)
FN:8,(anonymous_1)
FN:12,(anonymous_2)
FN:18,(anonymous_3)
FN:23,(anonymous_4)
FN:29,(anonymous_5)
FN:33,(anonymous_6)
FN:37,(anonymous_7)
FN:43,(anonymous_8)
FN:48,(anonymous_9)
FNF:10
FNH:9
FNDA:1,(anonymous_0)
FNDA:1,(anonymous_1)
FNDA:2,(anonymous_2)
FNDA:1,(anonymous_3)
FNDA:1,(anonymous_4)
FNDA:1,(anonymous_5)
FNDA:1,(anonymous_6)
FNDA:1,(anonymous_7)
FNDA:0,(anonymous_8)
FNDA:1,(anonymous_9)
DA:1,10
DA:5,1
DA:9,1
DA:13,2
DA:14,2
DA:15,2
DA:19,1
DA:20,1
DA:24,1
DA:25,1
DA:26,1
DA:30,1
DA:34,1
DA:38,1
DA:39,1
DA:40,1
DA:44,0
DA:45,0
DA:49,1
DA:50,1
DA:51,1
DA:55,10
LF:22
LH:20
BRDA:14,0,0,0
BRDA:14,0,1,2
BRDA:39,1,0,0
BRDA:39,1,1,1
BRF:4
BRH:2
end_of_record
TN:
SF:services\EcosystemService.js
FN:5,(anonymous_0)
FN:9,(anonymous_1)
FN:13,(anonymous_2)
FN:19,(anonymous_3)
FN:24,(anonymous_4)
FN:31,(anonymous_5)
FN:35,(anonymous_6)
FN:39,(anonymous_7)
FN:45,(anonymous_8)
FN:50,(anonymous_9)
FN:57,(anonymous_10)
FN:61,(anonymous_11)
FN:65,(anonymous_12)
FN:71,(anonymous_13)
FN:76,(anonymous_14)
FN:82,(anonymous_15)
FN:87,(anonymous_16)
FN:93,(anonymous_17)
FN:97,(anonymous_18)
FN:101,(anonymous_19)
FN:107,(anonymous_20)
FN:112,(anonymous_21)
FNF:22
FNH:20
FNDA:1,(anonymous_0)
FNDA:1,(anonymous_1)
FNDA:2,(anonymous_2)
FNDA:1,(anonymous_3)
FNDA:1,(anonymous_4)
FNDA:1,(anonymous_5)
FNDA:1,(anonymous_6)
FNDA:1,(anonymous_7)
FNDA:0,(anonymous_8)
FNDA:1,(anonymous_9)
FNDA:1,(anonymous_10)
FNDA:1,(anonymous_11)
FNDA:4,(anonymous_12)
FNDA:1,(anonymous_13)
FNDA:1,(anonymous_14)
FNDA:1,(anonymous_15)
FNDA:1,(anonymous_16)
FNDA:1,(anonymous_17)
FNDA:1,(anonymous_18)
FNDA:1,(anonymous_19)
FNDA:0,(anonymous_20)
FNDA:1,(anonymous_21)
DA:1,10
DA:6,1
DA:10,1
DA:14,2
DA:15,2
DA:16,2
DA:20,1
DA:21,1
DA:25,1
DA:26,1
DA:27,1
DA:32,1
DA:36,1
DA:40,1
DA:41,1
DA:42,1
DA:46,0
DA:47,0
DA:51,1
DA:52,1
DA:53,1
DA:58,1
DA:62,1
DA:66,4
DA:67,4
DA:68,4
DA:72,1
DA:73,1
DA:77,1
DA:78,1
DA:79,1
DA:83,1
DA:84,1
DA:88,1
DA:89,1
DA:94,1
DA:98,1
DA:102,1
DA:103,1
DA:104,1
DA:108,0
DA:109,0
DA:113,1
DA:114,1
DA:115,1
DA:119,10
LF:46
LH:42
BRDA:15,0,0,0
BRDA:15,0,1,2
BRDA:41,1,0,0
BRDA:41,1,1,1
BRDA:67,2,0,0
BRDA:67,2,1,4
BRDA:103,3,0,0
BRDA:103,3,1,1
BRF:8
BRH:4
end_of_record
TN:
SF:services\InversorService.js
FN:4,(anonymous_0)
FN:8,(anonymous_1)
FN:12,(anonymous_2)
FN:18,(anonymous_3)
FN:23,(anonymous_4)
FNF:5
FNH:5
FNDA:1,(anonymous_0)
FNDA:1,(anonymous_1)
FNDA:2,(anonymous_2)
FNDA:1,(anonymous_3)
FNDA:1,(anonymous_4)
DA:1,10
DA:5,1
DA:9,1
DA:13,2
DA:14,2
DA:15,2
DA:19,1
DA:20,1
DA:24,1
DA:25,1
DA:26,1
DA:30,10
LF:12
LH:12
BRDA:14,0,0,0
BRDA:14,0,1,2
BRF:2
BRH:1
end_of_record
TN:
SF:services\RoleService.js
FN:4,(anonymous_0)
FN:8,(anonymous_1)
FN:12,(anonymous_2)
FN:18,(anonymous_3)
FN:23,(anonymous_4)
FNF:5
FNH:5
FNDA:1,(anonymous_0)
FNDA:1,(anonymous_1)
FNDA:2,(anonymous_2)
FNDA:1,(anonymous_3)
FNDA:1,(anonymous_4)
DA:1,10
DA:5,1
DA:9,1
DA:13,2
DA:14,2
DA:15,2
DA:19,1
DA:20,1
DA:24,1
DA:25,1
DA:26,1
DA:30,10
LF:12
LH:12
BRDA:14,0,0,0
BRDA:14,0,1,2
BRF:2
BRH:1
end_of_record
TN:
SF:services\SectorService.js
FN:4,(anonymous_0)
FN:8,(anonymous_1)
FN:12,(anonymous_2)
FN:18,(anonymous_3)
FN:23,(anonymous_4)
FNF:5
FNH:5
FNDA:1,(anonymous_0)
FNDA:1,(anonymous_1)
FNDA:2,(anonymous_2)
FNDA:1,(anonymous_3)
FNDA:1,(anonymous_4)
DA:1,10
DA:5,1
DA:9,1
DA:13,2
DA:14,2
DA:15,2
DA:19,1
DA:20,1
DA:24,1
DA:25,1
DA:26,1
DA:30,10
LF:12
LH:12
BRDA:14,0,0,0
BRDA:14,0,1,2
BRF:2
BRH:1
end_of_record
TN:
SF:services\SessionService.js
FN:4,(anonymous_0)
FN:8,(anonymous_1)
FN:12,(anonymous_2)
FN:18,(anonymous_3)
FN:23,(anonymous_4)
FNF:5
FNH:5
FNDA:1,(anonymous_0)
FNDA:1,(anonymous_1)
FNDA:2,(anonymous_2)
FNDA:1,(anonymous_3)
FNDA:1,(anonymous_4)
DA:1,10
DA:5,1
DA:9,1
DA:13,2
DA:14,2
DA:15,2
DA:19,1
DA:20,1
DA:24,1
DA:25,1
DA:26,1
DA:30,10
LF:12
LH:12
BRDA:14,0,0,0
BRDA:14,0,1,2
BRF:2
BRH:1
end_of_record
TN:
SF:services\StartupService.js
FN:4,(anonymous_0)
FN:8,(anonymous_1)
FN:31,(anonymous_2)
FN:37,(anonymous_3)
FN:42,(anonymous_4)
FNF:5
FNH:5
FNDA:1,(anonymous_0)
FNDA:1,(anonymous_1)
FNDA:2,(anonymous_2)
FNDA:1,(anonymous_3)
FNDA:1,(anonymous_4)
DA:1,10
DA:5,1
DA:9,1
DA:10,1
DA:12,1
DA:13,1
DA:14,1
DA:16,1
DA:23,1
DA:32,2
DA:33,2
DA:34,2
DA:38,1
DA:39,1
DA:43,1
DA:44,1
DA:45,1
DA:49,10
LF:18
LH:18
BRDA:9,0,0,0
BRDA:9,1,0,0
BRDA:9,2,0,1
BRDA:9,3,0,1
BRDA:13,4,0,0
BRDA:13,4,1,1
BRDA:14,5,0,0
BRDA:14,5,1,1
BRDA:20,6,0,0
BRDA:20,6,1,1
BRDA:33,7,0,0
BRDA:33,7,1,2
BRF:12
BRH:6
end_of_record
TN:
SF:services\UserService.js
FN:5,(anonymous_0)
FN:22,(anonymous_1)
FN:28,(anonymous_2)
FN:34,(anonymous_3)
FN:55,(anonymous_4)
FNF:5
FNH:5
FNDA:1,(anonymous_0)
FNDA:1,(anonymous_1)
FNDA:2,(anonymous_2)
FNDA:2,(anonymous_3)
FNDA:1,(anonymous_4)
DA:1,10
DA:2,10
DA:6,1
DA:7,1
DA:9,1
DA:17,1
DA:18,1
DA:19,1
DA:23,1
DA:29,2
DA:30,2
DA:31,2
DA:35,2
DA:37,2
DA:38,1
DA:41,1
DA:43,1
DA:44,1
DA:45,1
DA:48,1
DA:50,1
DA:51,1
DA:52,1
DA:56,1
DA:57,1
DA:58,1
DA:62,10
LF:27
LH:27
BRDA:30,0,0,0
BRDA:30,0,1,2
BRDA:37,1,0,1
BRDA:37,1,1,1
BRDA:44,2,0,1
BRDA:44,2,1,0
BRF:6
BRH:4
end_of_record
