TN:
SF:app.js
FN:66,(anonymous_0)
FN:72,(anonymous_1)
FN:81,(anonymous_2)
FNF:3
FNH:1
FNDA:0,(anonymous_0)
FNDA:0,(anonymous_1)
FNDA:24,(anonymous_2)
DA:28,12
DA:29,12
DA:30,12
DA:31,12
DA:32,12
DA:33,12
DA:35,12
DA:36,12
DA:37,12
DA:38,12
DA:39,12
DA:40,12
DA:41,12
DA:42,12
DA:43,12
DA:44,12
DA:45,12
DA:46,12
DA:47,12
DA:48,12
DA:50,12
DA:52,12
DA:56,12
DA:59,12
DA:60,12
DA:63,12
DA:66,12
DA:67,0
DA:71,12
DA:72,12
DA:78,12
DA:79,12
DA:81,12
DA:82,24
DA:83,24
DA:84,24
DA:85,24
DA:86,24
DA:87,24
DA:88,24
DA:89,24
DA:90,24
DA:91,24
DA:92,24
DA:93,24
DA:94,24
DA:95,24
DA:96,24
DA:99,12
DA:101,12
LF:50
LH:49
BRDA:53,0,0,12
BRDA:53,0,1,0
BRF:2
BRH:1
end_of_record
TN:
SF:index.js
FNF:0
FNH:0
DA:1,12
DA:4,12
DA:6,12
DA:7,12
DA:8,12
DA:9,12
DA:10,12
DA:11,12
DA:12,12
DA:19,12
DA:21,12
DA:22,12
DA:23,12
DA:25,12
DA:26,12
DA:28,12
DA:29,12
DA:31,12
DA:32,12
DA:34,12
DA:35,12
DA:37,12
DA:38,12
DA:40,12
DA:41,12
DA:43,12
DA:44,12
DA:46,12
DA:47,12
DA:48,12
DA:49,12
DA:51,12
DA:52,12
DA:54,12
DA:55,12
DA:57,12
DA:58,12
DA:60,12
DA:61,12
DA:63,12
DA:64,12
DA:66,12
LF:42
LH:42
BRF:0
BRH:0
end_of_record
TN:
SF:config\config.js
FNF:0
FNH:0
DA:1,12
DA:3,12
LF:2
LH:2
BRDA:5,0,0,12
BRDA:5,0,1,0
BRDA:6,1,0,12
BRDA:6,1,1,0
BRDA:7,2,0,12
BRDA:7,2,1,0
BRDA:8,3,0,12
BRDA:8,3,1,0
BRF:8
BRH:4
end_of_record
TN:
SF:config\db.js
FN:25,(anonymous_0)
FN:25,(anonymous_1)
FN:27,(anonymous_2)
FNF:3
FNH:1
FNDA:0,(anonymous_0)
FNDA:0,(anonymous_1)
FNDA:12,(anonymous_2)
DA:1,12
DA:3,12
DA:5,12
DA:6,12
DA:8,12
DA:25,12
DA:27,12
DA:28,12
DA:29,12
DA:30,12
DA:31,12
DA:32,0
DA:33,0
DA:35,12
DA:37,0
DA:38,0
DA:39,0
DA:40,0
DA:41,0
DA:43,0
DA:44,0
DA:46,0
DA:51,12
DA:53,12
LF:24
LH:14
BRDA:3,0,0,12
BRDA:3,0,1,0
BRDA:5,1,0,12
BRDA:5,1,1,12
BRDA:6,2,0,12
BRDA:6,2,1,12
BRDA:27,3,0,12
BRDA:31,4,0,0
BRDA:31,4,1,12
BRDA:37,5,0,0
BRDA:37,5,1,0
BRDA:43,6,0,0
BRDA:43,6,1,0
BRF:13
BRH:7
end_of_record
TN:
SF:config\swagger.js
FNF:0
FNH:0
DA:1,12
DA:3,12
DA:416,12
LF:3
LH:3
BRF:0
BRH:0
end_of_record
TN:
SF:controllers\AceleradoraController.js
FN:2,(anonymous_0)
FN:4,(anonymous_1)
FN:13,(anonymous_2)
FN:22,(anonymous_3)
FN:34,(anonymous_4)
FNF:5
FNH:5
FNDA:2,(anonymous_0)
FNDA:1,(anonymous_1)
FNDA:2,(anonymous_2)
FNDA:1,(anonymous_3)
FNDA:1,(anonymous_4)
DA:1,12
DA:2,12
DA:4,12
DA:5,1
DA:6,1
DA:7,1
DA:9,0
DA:13,12
DA:14,2
DA:15,2
DA:16,2
DA:18,0
DA:22,12
DA:23,1
DA:24,1
DA:25,1
DA:27,0
DA:28,0
DA:30,0
DA:34,12
DA:35,1
DA:36,1
DA:37,1
DA:39,0
DA:40,0
DA:42,0
DA:46,12
LF:27
LH:19
BRDA:2,0,0,2
BRDA:2,0,1,2
BRDA:27,1,0,0
BRDA:27,1,1,0
BRDA:39,2,0,0
BRDA:39,2,1,0
BRF:6
BRH:2
end_of_record
TN:
SF:controllers\AuthController.js
FN:39,(anonymous_0)
FN:67,(anonymous_1)
FN:93,(anonymous_2)
FN:116,(anonymous_3)
FN:132,(anonymous_4)
FNF:5
FNH:3
FNDA:12,(anonymous_0)
FNDA:0,(anonymous_1)
FNDA:1,(anonymous_2)
FNDA:1,(anonymous_3)
FNDA:0,(anonymous_4)
DA:34,12
DA:39,12
DA:40,12
DA:41,12
DA:42,12
DA:44,11
DA:54,1
DA:55,0
DA:57,1
DA:58,1
DA:60,0
DA:67,12
DA:68,0
DA:69,0
DA:70,0
DA:72,0
DA:74,0
DA:78,0
DA:81,0
DA:83,0
DA:93,12
DA:94,1
DA:96,1
DA:97,1
DA:99,1
DA:100,1
DA:102,0
DA:104,0
DA:106,0
DA:116,12
DA:117,1
DA:119,1
DA:120,1
DA:125,0
DA:126,0
DA:128,0
DA:132,12
DA:133,0
DA:134,0
DA:135,0
DA:137,0
DA:139,0
DA:144,0
DA:146,0
DA:148,0
DA:155,12
LF:46
LH:22
BRDA:54,0,0,0
BRDA:54,0,1,1
BRDA:57,1,0,1
BRDA:57,1,1,0
BRDA:78,2,0,0
BRDA:78,2,1,0
BRDA:78,3,0,0
BRDA:78,3,1,0
BRDA:78,3,2,0
BRDA:97,4,0,1
BRDA:97,4,1,1
BRDA:102,5,0,0
BRDA:102,5,1,0
BRDA:102,6,0,0
BRDA:102,6,1,0
BRDA:125,7,0,0
BRDA:125,7,1,0
BRDA:144,8,0,0
BRDA:144,8,1,0
BRDA:144,9,0,0
BRDA:144,9,1,0
BRF:21
BRH:4
end_of_record
TN:
SF:controllers\ChatbotController.js
FN:4,(anonymous_0)
FN:26,(anonymous_1)
FNF:2
FNH:2
FNDA:5,(anonymous_0)
FNDA:3,(anonymous_1)
DA:1,12
DA:5,5
DA:6,5
DA:8,5
DA:9,1
DA:12,4
DA:14,3
DA:19,1
DA:20,1
DA:27,3
DA:28,3
DA:29,3
DA:31,3
DA:32,1
DA:35,2
DA:37,1
DA:39,1
DA:40,1
DA:47,12
LF:19
LH:19
BRDA:8,0,0,1
BRDA:8,0,1,4
BRDA:29,1,0,3
BRDA:29,1,1,1
BRDA:29,1,2,1
BRDA:31,2,0,1
BRDA:31,2,1,2
BRF:7
BRH:7
end_of_record
TN:
SF:controllers\CommunicationController.js
FN:3,(anonymous_0)
FN:12,(anonymous_1)
FN:21,(anonymous_2)
FN:30,(anonymous_3)
FN:39,(anonymous_4)
FN:48,(anonymous_5)
FN:57,(anonymous_6)
FN:67,(anonymous_7)
FN:77,(anonymous_8)
FN:89,(anonymous_9)
FN:101,(anonymous_10)
FN:113,(anonymous_11)
FN:126,(anonymous_12)
FN:135,(anonymous_13)
FN:144,(anonymous_14)
FN:156,(anonymous_15)
FNF:16
FNH:14
FNDA:0,(anonymous_0)
FNDA:1,(anonymous_1)
FNDA:1,(anonymous_2)
FNDA:2,(anonymous_3)
FNDA:1,(anonymous_4)
FNDA:9,(anonymous_5)
FNDA:1,(anonymous_6)
FNDA:9,(anonymous_7)
FNDA:1,(anonymous_8)
FNDA:1,(anonymous_9)
FNDA:2,(anonymous_10)
FNDA:2,(anonymous_11)
FNDA:3,(anonymous_12)
FNDA:1,(anonymous_13)
FNDA:1,(anonymous_14)
FNDA:0,(anonymous_15)
DA:1,12
DA:3,12
DA:4,0
DA:5,0
DA:6,0
DA:8,0
DA:12,12
DA:13,1
DA:14,1
DA:15,1
DA:17,0
DA:21,12
DA:22,1
DA:23,1
DA:24,1
DA:26,0
DA:30,12
DA:31,2
DA:32,2
DA:33,2
DA:35,0
DA:39,12
DA:40,1
DA:41,1
DA:42,1
DA:44,0
DA:48,12
DA:49,9
DA:50,9
DA:51,9
DA:53,0
DA:57,12
DA:58,1
DA:59,1
DA:60,1
DA:61,1
DA:63,0
DA:67,12
DA:68,9
DA:69,9
DA:70,9
DA:71,9
DA:73,0
DA:77,12
DA:78,1
DA:79,1
DA:80,1
DA:82,0
DA:83,0
DA:85,0
DA:89,12
DA:90,1
DA:91,1
DA:92,1
DA:94,0
DA:95,0
DA:97,0
DA:101,12
DA:102,2
DA:103,2
DA:104,1
DA:106,1
DA:107,1
DA:109,0
DA:113,12
DA:114,2
DA:115,2
DA:116,2
DA:117,1
DA:119,1
DA:120,1
DA:122,0
DA:126,12
DA:127,3
DA:128,3
DA:129,3
DA:131,0
DA:135,12
DA:136,1
DA:137,1
DA:138,1
DA:140,0
DA:144,12
DA:145,1
DA:146,1
DA:147,1
DA:149,0
DA:150,0
DA:152,0
DA:156,12
DA:157,0
DA:158,0
DA:159,0
DA:161,0
DA:162,0
DA:164,0
DA:168,12
LF:97
LH:67
BRDA:82,0,0,0
BRDA:82,0,1,0
BRDA:94,1,0,0
BRDA:94,1,1,0
BRDA:106,2,0,1
BRDA:106,2,1,0
BRDA:116,3,0,1
BRDA:116,3,1,1
BRDA:149,4,0,0
BRDA:149,4,1,0
BRDA:161,5,0,0
BRDA:161,5,1,0
BRF:12
BRH:3
end_of_record
TN:
SF:controllers\DashboardController.js
FN:3,(anonymous_0)
FN:35,(anonymous_1)
FN:62,(anonymous_2)
FN:89,(anonymous_3)
FNF:4
FNH:0
FNDA:0,(anonymous_0)
FNDA:0,(anonymous_1)
FNDA:0,(anonymous_2)
FNDA:0,(anonymous_3)
DA:1,12
DA:3,12
DA:4,0
DA:5,0
DA:7,0
DA:13,0
DA:31,0
DA:35,12
DA:36,0
DA:37,0
DA:38,0
DA:40,0
DA:58,0
DA:62,12
DA:63,0
DA:64,0
DA:65,0
DA:67,0
DA:85,0
DA:89,12
DA:90,0
DA:91,0
DA:92,0
DA:93,0
DA:95,0
DA:112,0
DA:116,12
LF:27
LH:6
BRDA:16,0,0,0
BRDA:16,0,1,0
BRDA:17,1,0,0
BRDA:17,1,1,0
BRDA:19,2,0,0
BRDA:19,2,1,0
BRDA:19,3,0,0
BRDA:19,3,1,0
BRDA:43,4,0,0
BRDA:43,4,1,0
BRDA:44,5,0,0
BRDA:44,5,1,0
BRDA:70,6,0,0
BRDA:70,6,1,0
BRDA:70,7,0,0
BRDA:70,7,1,0
BRDA:71,8,0,0
BRDA:71,8,1,0
BRDA:73,9,0,0
BRDA:73,9,1,0
BRDA:73,10,0,0
BRDA:73,10,1,0
BRF:22
BRH:0
end_of_record
TN:
SF:controllers\EcosystemController.js
FN:46,(anonymous_0)
FN:56,(anonymous_1)
FN:66,(anonymous_2)
FN:77,(anonymous_3)
FN:90,(anonymous_4)
FN:100,(anonymous_5)
FN:110,(anonymous_6)
FN:121,(anonymous_7)
FN:134,(anonymous_8)
FN:144,(anonymous_9)
FN:154,(anonymous_10)
FN:165,(anonymous_11)
FN:176,(anonymous_12)
FN:187,(anonymous_13)
FN:200,(anonymous_14)
FN:210,(anonymous_15)
FN:220,(anonymous_16)
FN:231,(anonymous_17)
FNF:18
FNH:16
FNDA:1,(anonymous_0)
FNDA:1,(anonymous_1)
FNDA:1,(anonymous_2)
FNDA:1,(anonymous_3)
FNDA:1,(anonymous_4)
FNDA:1,(anonymous_5)
FNDA:1,(anonymous_6)
FNDA:0,(anonymous_7)
FNDA:1,(anonymous_8)
FNDA:1,(anonymous_9)
FNDA:1,(anonymous_10)
FNDA:1,(anonymous_11)
FNDA:1,(anonymous_12)
FNDA:1,(anonymous_13)
FNDA:1,(anonymous_14)
FNDA:1,(anonymous_15)
FNDA:0,(anonymous_16)
FNDA:1,(anonymous_17)
DA:41,12
DA:46,12
DA:47,1
DA:48,1
DA:49,1
DA:51,0
DA:56,12
DA:57,1
DA:58,1
DA:59,1
DA:61,0
DA:66,12
DA:67,1
DA:68,1
DA:69,1
DA:71,0
DA:72,0
DA:77,12
DA:78,1
DA:79,1
DA:80,1
DA:82,0
DA:83,0
DA:90,12
DA:91,1
DA:92,1
DA:93,1
DA:95,0
DA:100,12
DA:101,1
DA:102,1
DA:103,1
DA:105,0
DA:110,12
DA:111,1
DA:112,1
DA:113,1
DA:115,0
DA:116,0
DA:121,12
DA:122,0
DA:123,0
DA:124,0
DA:126,0
DA:127,0
DA:134,12
DA:135,1
DA:136,1
DA:137,1
DA:139,0
DA:144,12
DA:145,1
DA:146,1
DA:147,1
DA:149,0
DA:154,12
DA:155,1
DA:156,1
DA:157,1
DA:159,0
DA:160,0
DA:165,12
DA:166,1
DA:167,1
DA:168,1
DA:170,0
DA:171,0
DA:176,12
DA:177,1
DA:178,1
DA:179,1
DA:181,0
DA:182,0
DA:187,12
DA:188,1
DA:189,1
DA:190,1
DA:192,0
DA:193,0
DA:200,12
DA:201,1
DA:202,1
DA:203,1
DA:205,0
DA:210,12
DA:211,1
DA:212,1
DA:213,1
DA:215,0
DA:220,12
DA:221,0
DA:222,0
DA:223,0
DA:225,0
DA:226,0
DA:231,12
DA:232,1
DA:233,1
DA:234,1
DA:236,0
DA:237,0
DA:241,12
LF:102
LH:68
BRDA:71,0,0,0
BRDA:71,0,1,0
BRDA:82,1,0,0
BRDA:82,1,1,0
BRDA:115,2,0,0
BRDA:115,2,1,0
BRDA:126,3,0,0
BRDA:126,3,1,0
BRDA:159,4,0,0
BRDA:159,4,1,0
BRDA:170,5,0,0
BRDA:170,5,1,0
BRDA:181,6,0,0
BRDA:181,6,1,0
BRDA:192,7,0,0
BRDA:192,7,1,0
BRDA:225,8,0,0
BRDA:225,8,1,0
BRDA:236,9,0,0
BRDA:236,9,1,0
BRF:20
BRH:0
end_of_record
TN:
SF:controllers\IdentityController.js
FN:3,(anonymous_0)
FNF:1
FNH:0
FNDA:0,(anonymous_0)
DA:1,12
DA:3,12
DA:4,0
DA:5,0
DA:6,0
DA:7,0
DA:9,0
DA:10,0
DA:12,0
DA:19,12
LF:10
LH:3
BRDA:6,0,0,0
BRDA:6,0,1,0
BRF:2
BRH:0
end_of_record
TN:
SF:controllers\InversorController.js
FN:2,(anonymous_0)
FN:4,(anonymous_1)
FN:13,(anonymous_2)
FN:22,(anonymous_3)
FN:34,(anonymous_4)
FNF:5
FNH:5
FNDA:2,(anonymous_0)
FNDA:1,(anonymous_1)
FNDA:1,(anonymous_2)
FNDA:1,(anonymous_3)
FNDA:1,(anonymous_4)
DA:1,12
DA:2,12
DA:4,12
DA:5,1
DA:6,1
DA:7,1
DA:9,0
DA:13,12
DA:14,1
DA:15,1
DA:16,1
DA:18,0
DA:22,12
DA:23,1
DA:24,1
DA:25,1
DA:27,0
DA:28,0
DA:30,0
DA:34,12
DA:35,1
DA:36,1
DA:37,1
DA:39,0
DA:40,0
DA:42,0
DA:46,12
LF:27
LH:19
BRDA:2,0,0,2
BRDA:2,0,1,2
BRDA:27,1,0,0
BRDA:27,1,1,0
BRDA:39,2,0,0
BRDA:39,2,1,0
BRF:6
BRH:2
end_of_record
TN:
SF:controllers\NotificationController.js
FN:3,(anonymous_0)
FN:13,(anonymous_1)
FN:23,(anonymous_2)
FN:36,(anonymous_3)
FN:46,(anonymous_4)
FNF:5
FNH:5
FNDA:1,(anonymous_0)
FNDA:2,(anonymous_1)
FNDA:2,(anonymous_2)
FNDA:1,(anonymous_3)
FNDA:2,(anonymous_4)
DA:1,12
DA:3,12
DA:4,1
DA:5,1
DA:6,1
DA:7,1
DA:9,0
DA:13,12
DA:14,2
DA:15,2
DA:16,2
DA:17,2
DA:19,0
DA:23,12
DA:24,2
DA:25,2
DA:26,2
DA:27,1
DA:29,1
DA:30,1
DA:32,0
DA:36,12
DA:37,1
DA:38,1
DA:39,1
DA:40,1
DA:42,0
DA:46,12
DA:47,2
DA:48,2
DA:49,2
DA:50,1
DA:52,1
DA:53,1
DA:55,0
DA:59,12
LF:36
LH:31
BRDA:29,0,0,1
BRDA:29,0,1,0
BRDA:52,1,0,1
BRDA:52,1,1,0
BRF:4
BRH:2
end_of_record
TN:
SF:controllers\RoleController.js
FN:2,(anonymous_0)
FN:4,(anonymous_1)
FN:13,(anonymous_2)
FN:22,(anonymous_3)
FN:34,(anonymous_4)
FNF:5
FNH:5
FNDA:2,(anonymous_0)
FNDA:3,(anonymous_1)
FNDA:1,(anonymous_2)
FNDA:1,(anonymous_3)
FNDA:1,(anonymous_4)
DA:1,12
DA:2,12
DA:4,12
DA:5,3
DA:6,3
DA:7,3
DA:9,0
DA:13,12
DA:14,1
DA:15,1
DA:16,1
DA:18,0
DA:22,12
DA:23,1
DA:24,1
DA:25,1
DA:27,0
DA:28,0
DA:30,0
DA:34,12
DA:35,1
DA:36,1
DA:37,1
DA:39,0
DA:40,0
DA:42,0
DA:46,12
LF:27
LH:19
BRDA:2,0,0,2
BRDA:2,0,1,2
BRDA:27,1,0,0
BRDA:27,1,1,0
BRDA:39,2,0,0
BRDA:39,2,1,0
BRF:6
BRH:2
end_of_record
TN:
SF:controllers\SectorController.js
FN:2,(anonymous_0)
FN:4,(anonymous_1)
FN:13,(anonymous_2)
FN:22,(anonymous_3)
FN:34,(anonymous_4)
FNF:5
FNH:5
FNDA:2,(anonymous_0)
FNDA:3,(anonymous_1)
FNDA:1,(anonymous_2)
FNDA:1,(anonymous_3)
FNDA:1,(anonymous_4)
DA:1,12
DA:2,12
DA:4,12
DA:5,3
DA:6,3
DA:7,3
DA:9,0
DA:13,12
DA:14,1
DA:15,1
DA:16,1
DA:18,0
DA:22,12
DA:23,1
DA:24,1
DA:25,1
DA:27,0
DA:28,0
DA:30,0
DA:34,12
DA:35,1
DA:36,1
DA:37,1
DA:39,0
DA:40,0
DA:42,0
DA:46,12
LF:27
LH:19
BRDA:2,0,0,2
BRDA:2,0,1,2
BRDA:27,1,0,0
BRDA:27,1,1,0
BRDA:39,2,0,0
BRDA:39,2,1,0
BRF:6
BRH:2
end_of_record
TN:
SF:controllers\SessionController.js
FN:2,(anonymous_0)
FN:4,(anonymous_1)
FN:13,(anonymous_2)
FN:22,(anonymous_3)
FN:34,(anonymous_4)
FNF:5
FNH:5
FNDA:2,(anonymous_0)
FNDA:3,(anonymous_1)
FNDA:1,(anonymous_2)
FNDA:1,(anonymous_3)
FNDA:1,(anonymous_4)
DA:1,12
DA:2,12
DA:4,12
DA:5,3
DA:6,3
DA:7,3
DA:9,0
DA:13,12
DA:14,1
DA:15,1
DA:16,1
DA:18,0
DA:22,12
DA:23,1
DA:24,1
DA:25,1
DA:27,0
DA:28,0
DA:30,0
DA:34,12
DA:35,1
DA:36,1
DA:37,1
DA:39,0
DA:40,0
DA:42,0
DA:46,12
LF:27
LH:19
BRDA:2,0,0,2
BRDA:2,0,1,2
BRDA:27,1,0,0
BRDA:27,1,1,0
BRDA:39,2,0,0
BRDA:39,2,1,0
BRF:6
BRH:2
end_of_record
TN:
SF:controllers\StartupController.js
FN:2,(anonymous_0)
FN:4,(anonymous_1)
FN:13,(anonymous_2)
FN:22,(anonymous_3)
FN:34,(anonymous_4)
FNF:5
FNH:5
FNDA:2,(anonymous_0)
FNDA:1,(anonymous_1)
FNDA:2,(anonymous_2)
FNDA:1,(anonymous_3)
FNDA:1,(anonymous_4)
DA:1,12
DA:2,12
DA:4,12
DA:5,1
DA:6,1
DA:7,1
DA:9,0
DA:13,12
DA:14,2
DA:15,2
DA:16,2
DA:18,0
DA:22,12
DA:23,1
DA:24,1
DA:25,1
DA:27,0
DA:28,0
DA:30,0
DA:34,12
DA:35,1
DA:36,1
DA:37,1
DA:39,0
DA:40,0
DA:42,0
DA:46,12
LF:27
LH:19
BRDA:2,0,0,2
BRDA:2,0,1,2
BRDA:27,1,0,0
BRDA:27,1,1,0
BRDA:39,2,0,0
BRDA:39,2,1,0
BRF:6
BRH:2
end_of_record
TN:
SF:controllers\UploadController.js
FN:4,(anonymous_0)
FNF:1
FNH:0
FNDA:0,(anonymous_0)
DA:1,12
DA:2,12
DA:4,12
DA:5,0
DA:6,0
DA:7,0
DA:9,0
DA:10,0
DA:11,0
DA:12,0
DA:14,0
DA:15,0
DA:17,0
DA:21,12
LF:14
LH:4
BRDA:6,0,0,0
BRDA:6,0,1,0
BRDA:9,1,0,0
BRDA:9,1,1,0
BRDA:14,2,0,0
BRDA:14,2,1,0
BRF:6
BRH:0
end_of_record
TN:
SF:controllers\UserController.js
FN:34,(anonymous_0)
FN:36,(anonymous_1)
FN:52,(anonymous_2)
FN:65,(anonymous_3)
FN:80,(anonymous_4)
FNF:5
FNH:5
FNDA:3,(anonymous_0)
FNDA:5,(anonymous_1)
FNDA:1,(anonymous_2)
FNDA:1,(anonymous_3)
FNDA:2,(anonymous_4)
DA:33,12
DA:34,12
DA:36,12
DA:37,5
DA:38,5
DA:39,5
DA:45,0
DA:52,12
DA:53,1
DA:54,1
DA:55,1
DA:57,0
DA:65,12
DA:66,1
DA:67,1
DA:68,1
DA:70,0
DA:71,0
DA:73,0
DA:80,12
DA:81,2
DA:82,2
DA:83,1
DA:85,1
DA:86,0
DA:89,1
DA:90,1
DA:92,0
DA:96,12
LF:29
LH:22
BRDA:34,0,0,3
BRDA:34,0,1,3
BRDA:70,1,0,0
BRDA:70,1,1,0
BRDA:85,2,0,0
BRDA:85,2,1,1
BRDA:89,3,0,1
BRDA:89,3,1,0
BRF:8
BRH:4
end_of_record
TN:
SF:middlewares\authMiddleware.js
FN:36,(anonymous_0)
FN:97,(anonymous_1)
FN:97,(anonymous_2)
FNF:3
FNH:3
FNDA:91,(anonymous_0)
FNDA:228,(anonymous_1)
FNDA:22,(anonymous_2)
DA:24,12
DA:25,12
DA:36,12
DA:37,91
DA:40,91
DA:41,91
DA:43,91
DA:44,3
DA:48,88
DA:49,88
DA:54,87
DA:61,87
DA:62,1
DA:67,86
DA:68,86
DA:69,0
DA:74,86
DA:75,86
DA:79,1
DA:80,1
DA:82,0
DA:83,0
DA:86,0
DA:97,228
DA:98,22
DA:99,0
DA:101,22
DA:102,0
DA:104,22
DA:107,12
LF:30
LH:24
BRDA:41,0,0,91
BRDA:41,0,1,88
BRDA:43,1,0,3
BRDA:43,1,1,88
BRDA:48,2,0,88
BRDA:48,2,1,88
BRDA:61,3,0,1
BRDA:61,3,1,86
BRDA:68,4,0,0
BRDA:68,4,1,86
BRDA:79,5,0,1
BRDA:79,5,1,0
BRDA:82,6,0,0
BRDA:82,6,1,0
BRDA:98,7,0,0
BRDA:98,7,1,22
BRDA:101,8,0,0
BRDA:101,8,1,22
BRF:18
BRH:12
end_of_record
TN:
SF:middlewares\errorHandler.js
FN:28,(anonymous_0)
FNF:1
FNH:0
FNDA:0,(anonymous_0)
DA:28,12
DA:30,0
DA:31,0
DA:36,0
DA:40,0
LF:5
LH:1
BRDA:36,0,0,0
BRDA:36,0,1,0
BRDA:36,0,2,0
BRDA:42,1,0,0
BRDA:42,1,1,0
BRDA:45,2,0,0
BRDA:45,2,1,0
BRF:7
BRH:0
end_of_record
TN:
SF:middlewares\responseFormatter.js
FN:13,(anonymous_0)
FN:16,(anonymous_1)
FN:67,(anonymous_2)
FNF:3
FNH:3
FNDA:129,(anonymous_0)
FNDA:129,(anonymous_1)
FNDA:582,(anonymous_2)
DA:13,12
DA:14,129
DA:16,129
DA:18,129
DA:26,0
DA:30,129
DA:31,129
DA:34,129
DA:35,129
DA:36,129
DA:38,129
DA:40,129
DA:41,129
DA:42,10
DA:45,129
DA:47,15
DA:48,114
DA:50,114
DA:51,87
DA:52,27
DA:53,4
DA:57,114
DA:59,114
DA:60,17
DA:61,17
DA:62,4
DA:66,97
DA:67,97
DA:68,582
DA:69,12
DA:73,97
DA:77,0
DA:84,129
DA:85,129
DA:88,15
DA:89,15
DA:90,15
DA:91,15
DA:92,15
DA:95,114
DA:101,114
DA:102,97
DA:104,114
DA:105,114
DA:110,0
DA:118,129
DA:121,129
LF:47
LH:44
BRDA:18,0,0,0
BRDA:18,0,1,129
BRDA:19,1,0,129
BRDA:19,1,1,129
BRDA:19,1,2,129
BRDA:19,1,3,0
BRDA:19,1,4,0
BRDA:19,1,5,0
BRDA:31,2,0,17
BRDA:31,2,1,112
BRDA:34,3,0,17
BRDA:34,3,1,112
BRDA:38,4,0,129
BRDA:38,4,1,0
BRDA:38,5,0,129
BRDA:38,5,1,129
BRDA:41,6,0,10
BRDA:41,6,1,119
BRDA:45,7,0,15
BRDA:45,7,1,114
BRDA:48,8,0,114
BRDA:48,8,1,0
BRDA:50,9,0,87
BRDA:50,9,1,27
BRDA:52,10,0,4
BRDA:52,10,1,23
BRDA:59,11,0,17
BRDA:59,11,1,97
BRDA:61,12,0,4
BRDA:61,12,1,13
BRDA:68,13,0,12
BRDA:68,13,1,570
BRDA:84,14,0,129
BRDA:84,14,1,0
BRDA:85,15,0,15
BRDA:85,15,1,114
BRDA:101,16,0,97
BRDA:101,16,1,17
BRDA:101,17,0,114
BRDA:101,17,1,97
BRDA:104,18,0,114
BRDA:104,18,1,0
BRDA:104,19,0,114
BRDA:104,19,1,114
BRF:44
BRH:36
end_of_record
TN:
SF:middlewares\validators.js
FN:28,(anonymous_0)
FNF:1
FNH:1
FNDA:15,(anonymous_0)
DA:19,12
DA:28,12
DA:29,15
DA:30,15
DA:32,2
DA:34,13
DA:45,12
DA:63,12
DA:82,12
DA:100,12
DA:125,12
DA:134,12
LF:12
LH:12
BRDA:30,0,0,2
BRDA:30,0,1,13
BRF:2
BRH:2
end_of_record
TN:
SF:models\Aceleradora.js
FNF:0
FNH:0
DA:1,12
DA:2,12
DA:4,12
DA:15,12
LF:4
LH:4
BRF:0
BRH:0
end_of_record
TN:
SF:models\Communication.js
FNF:0
FNH:0
DA:36,12
DA:37,12
DA:40,12
DA:54,12
DA:65,12
LF:5
LH:5
BRF:0
BRH:0
end_of_record
TN:
SF:models\ContactPublicMessage.js
FNF:0
FNH:0
DA:1,12
DA:2,12
DA:4,12
DA:18,12
LF:4
LH:4
BRF:0
BRH:0
end_of_record
TN:
SF:models\Ecosystem.js
FNF:0
FNH:0
DA:40,12
DA:41,12
DA:44,12
DA:53,12
DA:67,12
DA:79,12
DA:87,12
LF:7
LH:7
BRF:0
BRH:0
end_of_record
TN:
SF:models\Inversor.js
FNF:0
FNH:0
DA:1,12
DA:2,12
DA:4,12
DA:16,12
LF:4
LH:4
BRF:0
BRH:0
end_of_record
TN:
SF:models\Notification.js
FNF:0
FNH:0
DA:1,12
DA:2,12
DA:4,12
DA:18,12
LF:4
LH:4
BRF:0
BRH:0
end_of_record
TN:
SF:models\Profiles.js
FN:14,(anonymous_0)
FN:15,(anonymous_1)
FNF:2
FNH:2
FNDA:36,(anonymous_0)
FNDA:23,(anonymous_1)
DA:1,12
DA:2,12
DA:3,12
DA:4,12
DA:5,12
DA:6,12
DA:8,12
DA:14,12
DA:15,36
DA:16,23
DA:18,23
DA:19,23
DA:20,0
DA:23,23
DA:24,23
DA:25,0
DA:28,23
DA:29,0
DA:34,12
DA:35,12
DA:36,12
DA:38,12
LF:22
LH:19
BRDA:16,0,0,0
BRDA:16,0,1,23
BRDA:19,1,0,0
BRDA:19,1,1,23
BRDA:24,2,0,0
BRDA:24,2,1,23
BRDA:28,3,0,0
BRDA:28,3,1,23
BRF:8
BRH:4
end_of_record
TN:
SF:models\Role.js
FNF:0
FNH:0
DA:26,12
DA:27,12
DA:29,12
DA:45,12
LF:4
LH:4
BRF:0
BRH:0
end_of_record
TN:
SF:models\Sector.js
FNF:0
FNH:0
DA:23,12
DA:24,12
DA:26,12
DA:45,12
LF:4
LH:4
BRF:0
BRH:0
end_of_record
TN:
SF:models\Session.js
FNF:0
FNH:0
DA:1,12
DA:2,12
DA:4,12
DA:15,12
LF:4
LH:4
BRF:0
BRH:0
end_of_record
TN:
SF:models\Startup.js
FNF:0
FNH:0
DA:1,12
DA:2,12
DA:4,12
DA:20,12
LF:4
LH:4
BRF:0
BRH:0
end_of_record
TN:
SF:models\User.js
FN:112,(anonymous_0)
FN:123,(anonymous_1)
FNF:2
FNH:1
FNDA:12,(anonymous_0)
FNDA:0,(anonymous_1)
DA:37,12
DA:38,12
DA:40,12
DA:113,12
DA:114,0
DA:124,0
DA:125,0
DA:131,12
LF:8
LH:5
BRDA:113,0,0,0
BRDA:113,0,1,12
BRDA:124,1,0,0
BRDA:124,1,1,0
BRDA:124,2,0,0
BRDA:124,2,1,0
BRF:6
BRH:1
end_of_record
TN:
SF:models\index.js
FNF:0
FNH:0
DA:1,12
LF:1
LH:1
BRF:0
BRH:0
end_of_record
TN:
SF:routes\AceleradoraRoutes.js
FNF:0
FNH:0
DA:1,12
DA:2,12
DA:3,12
DA:4,12
DA:5,12
DA:8,12
DA:9,12
DA:12,12
DA:13,12
DA:14,12
DA:17,12
DA:18,12
DA:19,12
DA:21,12
LF:14
LH:14
BRF:0
BRH:0
end_of_record
TN:
SF:routes\AuthRoutes.js
FNF:0
FNH:0
DA:13,12
DA:14,12
DA:15,12
DA:16,12
DA:19,12
DA:22,12
DA:25,12
DA:28,12
DA:31,12
DA:33,12
LF:10
LH:10
BRF:0
BRH:0
end_of_record
TN:
SF:routes\ChatbotRoutes.js
FNF:0
FNH:0
DA:1,12
DA:2,12
DA:3,12
DA:9,12
DA:10,12
DA:11,12
DA:13,12
LF:7
LH:7
BRF:0
BRH:0
end_of_record
TN:
SF:routes\CommunicationRoutes.js
FNF:0
FNH:0
DA:1,12
DA:2,12
DA:20,12
DA:21,12
DA:24,12
DA:28,12
DA:31,12
DA:32,12
DA:33,12
DA:34,12
DA:36,12
DA:37,12
DA:38,12
DA:39,12
DA:40,12
DA:41,12
DA:44,12
DA:45,12
DA:46,12
DA:47,12
DA:49,12
LF:21
LH:21
BRF:0
BRH:0
end_of_record
TN:
SF:routes\DashboardRoutes.js
FNF:0
FNH:0
DA:1,12
DA:2,12
DA:3,12
DA:9,12
DA:12,12
DA:13,12
DA:14,12
DA:15,12
DA:17,12
LF:9
LH:9
BRF:0
BRH:0
end_of_record
TN:
SF:routes\EcosystemRoutes.js
FNF:0
FNH:0
DA:32,12
DA:33,12
DA:40,12
DA:42,12
DA:45,12
DA:46,12
DA:47,12
DA:48,12
DA:51,12
DA:52,12
DA:53,12
DA:54,12
DA:57,12
DA:58,12
DA:59,12
DA:60,12
DA:63,12
DA:64,12
DA:65,12
DA:66,12
DA:68,12
DA:69,12
DA:71,12
LF:23
LH:23
BRF:0
BRH:0
end_of_record
TN:
SF:routes\IdentityRoutes.js
FNF:0
FNH:0
DA:1,12
DA:2,12
DA:3,12
DA:6,12
DA:8,12
LF:5
LH:5
BRF:0
BRH:0
end_of_record
TN:
SF:routes\InversorRoutes.js
FNF:0
FNH:0
DA:1,12
DA:2,12
DA:3,12
DA:4,12
DA:5,12
DA:8,12
DA:9,12
DA:12,12
DA:13,12
DA:14,12
DA:17,12
DA:18,12
DA:19,12
DA:21,12
LF:14
LH:14
BRF:0
BRH:0
end_of_record
TN:
SF:routes\NotificationRoutes.js
FNF:0
FNH:0
DA:1,12
DA:2,12
DA:3,12
DA:10,12
DA:13,12
DA:16,12
DA:17,12
DA:18,12
DA:21,12
DA:22,12
DA:24,12
LF:11
LH:11
BRF:0
BRH:0
end_of_record
TN:
SF:routes\RoleRoutes.js
FNF:0
FNH:0
DA:1,12
DA:2,12
DA:3,12
DA:4,12
DA:7,12
DA:10,12
DA:11,12
DA:12,12
DA:13,12
DA:16,12
DA:17,12
DA:18,12
DA:19,12
DA:21,12
LF:14
LH:14
BRF:0
BRH:0
end_of_record
TN:
SF:routes\SectorRoutes.js
FNF:0
FNH:0
DA:1,12
DA:2,12
DA:3,12
DA:4,12
DA:7,12
DA:8,12
DA:11,12
DA:12,12
DA:13,12
DA:16,12
DA:17,12
DA:18,12
DA:20,12
LF:13
LH:13
BRF:0
BRH:0
end_of_record
TN:
SF:routes\SessionRoutes.js
FNF:0
FNH:0
DA:1,12
DA:2,12
DA:3,12
DA:4,12
DA:7,12
DA:10,12
DA:11,12
DA:12,12
DA:13,12
DA:16,12
DA:17,12
DA:18,12
DA:19,12
DA:21,12
LF:14
LH:14
BRF:0
BRH:0
end_of_record
TN:
SF:routes\StartupRoutes.js
FNF:0
FNH:0
DA:1,12
DA:2,12
DA:3,12
DA:4,12
DA:5,12
DA:6,12
DA:7,12
DA:10,12
DA:11,12
DA:14,12
DA:15,12
DA:16,12
DA:19,12
DA:20,12
DA:23,12
DA:24,12
DA:25,12
DA:27,12
LF:18
LH:18
BRF:0
BRH:0
end_of_record
TN:
SF:routes\UserRoutes.js
FNF:0
FNH:0
DA:1,12
DA:2,12
DA:3,12
DA:4,12
DA:5,12
DA:8,12
DA:9,12
DA:10,12
DA:14,12
DA:15,12
DA:17,12
DA:18,12
DA:20,12
DA:21,12
DA:23,12
LF:15
LH:15
BRF:0
BRH:0
end_of_record
TN:
SF:services\AceleradoraService.js
FN:5,(anonymous_0)
FN:9,(anonymous_1)
FN:34,(anonymous_2)
FN:40,(anonymous_3)
FN:45,(anonymous_4)
FNF:5
FNH:5
FNDA:1,(anonymous_0)
FNDA:2,(anonymous_1)
FNDA:2,(anonymous_2)
FNDA:1,(anonymous_3)
FNDA:1,(anonymous_4)
DA:1,12
DA:2,12
DA:6,1
DA:10,2
DA:11,2
DA:13,2
DA:14,2
DA:19,2
DA:26,2
DA:35,2
DA:36,2
DA:37,2
DA:41,1
DA:42,1
DA:46,1
DA:47,1
DA:48,1
DA:52,12
LF:18
LH:18
BRDA:9,0,0,0
BRDA:10,1,0,2
BRDA:10,2,0,2
BRDA:10,3,0,2
BRDA:10,4,0,2
BRDA:14,5,0,1
BRDA:14,5,1,1
BRDA:23,6,0,0
BRDA:23,6,1,2
BRDA:36,7,0,0
BRDA:36,7,1,2
BRF:11
BRH:8
end_of_record
TN:
SF:services\AuthService.js
FN:44,(anonymous_0)
FN:113,(anonymous_1)
FN:131,(anonymous_2)
FN:144,(anonymous_3)
FN:178,(anonymous_4)
FN:203,(anonymous_5)
FN:221,(anonymous_6)
FNF:7
FNH:5
FNDA:12,(anonymous_0)
FNDA:11,(anonymous_1)
FNDA:11,(anonymous_2)
FNDA:0,(anonymous_3)
FNDA:1,(anonymous_4)
FNDA:1,(anonymous_5)
FNDA:0,(anonymous_6)
DA:31,12
DA:32,12
DA:33,12
DA:46,12
DA:47,0
DA:51,12
DA:52,12
DA:53,1
DA:57,11
DA:58,11
DA:59,0
DA:63,11
DA:64,11
DA:71,11
DA:73,11
DA:75,11
DA:82,0
DA:86,11
DA:87,11
DA:89,11
DA:96,11
DA:97,11
DA:99,11
DA:101,11
DA:114,11
DA:115,11
DA:116,11
DA:117,0
DA:118,0
DA:119,0
DA:121,11
DA:122,11
DA:123,44
DA:125,11
DA:132,11
DA:133,11
DA:134,0
DA:135,0
DA:136,0
DA:137,0
DA:145,0
DA:146,0
DA:149,0
DA:150,0
DA:151,0
DA:155,0
DA:156,0
DA:160,0
DA:161,0
DA:165,0
DA:169,0
DA:179,1
DA:180,0
DA:184,1
DA:188,1
DA:189,0
DA:193,1
DA:194,1
DA:204,1
DA:208,1
DA:209,0
DA:212,1
DA:222,0
DA:223,0
DA:226,0
DA:227,0
DA:228,0
DA:232,0
DA:233,0
DA:234,0
DA:238,0
DA:239,0
DA:241,0
DA:247,0
DA:251,12
LF:75
LH:39
BRDA:46,0,0,0
BRDA:46,0,1,12
BRDA:46,1,0,12
BRDA:46,1,1,12
BRDA:52,2,0,1
BRDA:52,2,1,11
BRDA:58,3,0,0
BRDA:58,3,1,11
BRDA:63,4,0,11
BRDA:63,4,1,11
BRDA:116,5,0,11
BRDA:116,5,1,0
BRDA:117,6,0,0
BRDA:117,6,1,0
BRDA:118,7,0,0
BRDA:118,7,1,0
BRDA:119,8,0,0
BRDA:119,8,1,0
BRDA:132,9,0,11
BRDA:132,9,1,0
BRDA:132,9,2,0
BRDA:132,9,3,0
BRDA:132,9,4,0
BRDA:145,10,0,0
BRDA:145,10,1,0
BRDA:150,11,0,0
BRDA:150,11,1,0
BRDA:155,12,0,0
BRDA:155,12,1,0
BRDA:160,13,0,0
BRDA:160,13,1,0
BRDA:160,14,0,0
BRDA:160,14,1,0
BRDA:179,15,0,0
BRDA:179,15,1,1
BRDA:188,16,0,0
BRDA:188,16,1,1
BRDA:208,17,0,0
BRDA:208,17,1,1
BRDA:222,18,0,0
BRDA:222,18,1,0
BRDA:227,19,0,0
BRDA:227,19,1,0
BRDA:233,20,0,0
BRDA:233,20,1,0
BRF:45
BRH:13
end_of_record
TN:
SF:services\ChatbotService.js
FN:7,(anonymous_0)
FN:23,(anonymous_1)
FN:108,(anonymous_2)
FN:133,(anonymous_3)
FN:158,(anonymous_4)
FN:168,(anonymous_5)
FN:178,(anonymous_6)
FN:186,(anonymous_7)
FN:191,(anonymous_8)
FN:194,(anonymous_9)
FN:201,(anonymous_10)
FN:212,(anonymous_11)
FN:216,(anonymous_12)
FN:225,(anonymous_13)
FN:236,(anonymous_14)
FN:246,(anonymous_15)
FN:270,(anonymous_16)
FN:281,(anonymous_17)
FN:295,(anonymous_18)
FN:296,(anonymous_19)
FN:301,(anonymous_20)
FN:303,(anonymous_21)
FN:316,(anonymous_22)
FN:338,(anonymous_23)
FN:362,(anonymous_24)
FN:414,(anonymous_25)
FNF:26
FNH:2
FNDA:12,(anonymous_0)
FNDA:12,(anonymous_1)
FNDA:0,(anonymous_2)
FNDA:0,(anonymous_3)
FNDA:0,(anonymous_4)
FNDA:0,(anonymous_5)
FNDA:0,(anonymous_6)
FNDA:0,(anonymous_7)
FNDA:0,(anonymous_8)
FNDA:0,(anonymous_9)
FNDA:0,(anonymous_10)
FNDA:0,(anonymous_11)
FNDA:0,(anonymous_12)
FNDA:0,(anonymous_13)
FNDA:0,(anonymous_14)
FNDA:0,(anonymous_15)
FNDA:0,(anonymous_16)
FNDA:0,(anonymous_17)
FNDA:0,(anonymous_18)
FNDA:0,(anonymous_19)
FNDA:0,(anonymous_20)
FNDA:0,(anonymous_21)
FNDA:0,(anonymous_22)
FNDA:0,(anonymous_23)
FNDA:0,(anonymous_24)
FNDA:0,(anonymous_25)
DA:1,12
DA:2,12
DA:3,12
DA:8,12
DA:9,12
DA:10,12
DA:16,0
DA:24,12
DA:109,0
DA:110,0
DA:112,0
DA:114,0
DA:116,0
DA:118,0
DA:120,0
DA:122,0
DA:123,0
DA:126,0
DA:127,0
DA:134,0
DA:135,0
DA:136,0
DA:138,0
DA:139,0
DA:141,0
DA:142,0
DA:145,0
DA:150,0
DA:151,0
DA:154,0
DA:157,0
DA:158,0
DA:169,0
DA:170,0
DA:171,0
DA:173,0
DA:174,0
DA:177,0
DA:178,0
DA:187,0
DA:188,0
DA:190,0
DA:191,0
DA:193,0
DA:194,0
DA:195,0
DA:196,0
DA:197,0
DA:200,0
DA:201,0
DA:202,0
DA:203,0
DA:204,0
DA:205,0
DA:209,0
DA:211,0
DA:212,0
DA:216,0
DA:226,0
DA:227,0
DA:228,0
DA:229,0
DA:231,0
DA:236,0
DA:247,0
DA:248,0
DA:249,0
DA:252,0
DA:259,0
DA:271,0
DA:273,0
DA:274,0
DA:275,0
DA:276,0
DA:278,0
DA:282,0
DA:283,0
DA:289,0
DA:295,0
DA:296,0
DA:297,0
DA:301,0
DA:302,0
DA:303,0
DA:305,0
DA:317,0
DA:318,0
DA:319,0
DA:320,0
DA:322,0
DA:323,0
DA:326,0
DA:334,0
DA:339,0
DA:341,0
DA:342,0
DA:345,0
DA:346,0
DA:353,0
DA:354,0
DA:355,0
DA:357,0
DA:358,0
DA:363,0
DA:365,0
DA:366,0
DA:367,0
DA:375,0
DA:376,0
DA:377,0
DA:385,0
DA:386,0
DA:387,0
DA:395,0
DA:396,0
DA:397,0
DA:405,0
DA:415,0
DA:416,0
DA:417,0
DA:420,0
DA:421,0
DA:427,0
DA:428,0
DA:429,0
DA:432,0
DA:433,0
DA:434,0
DA:435,0
DA:436,0
DA:440,0
DA:441,0
DA:448,0
DA:449,0
DA:451,0
DA:452,0
DA:459,0
DA:468,0
DA:469,0
DA:471,0
DA:477,0
DA:478,0
DA:479,0
DA:487,12
LF:144
LH:8
BRDA:8,0,0,12
BRDA:8,0,1,0
BRDA:110,1,0,0
BRDA:110,1,1,0
BRDA:110,1,2,0
BRDA:110,1,3,0
BRDA:110,1,4,0
BRDA:110,1,5,0
BRDA:135,2,0,0
BRDA:135,2,1,0
BRDA:138,3,0,0
BRDA:138,3,1,0
BRDA:141,4,0,0
BRDA:141,4,1,0
BRDA:150,5,0,0
BRDA:150,5,1,0
BRDA:164,6,0,0
BRDA:164,6,1,0
BRDA:170,7,0,0
BRDA:170,7,1,0
BRDA:173,8,0,0
BRDA:173,8,1,0
BRDA:190,9,0,0
BRDA:190,9,1,0
BRDA:193,10,0,0
BRDA:193,10,1,0
BRDA:195,11,0,0
BRDA:195,11,1,0
BRDA:196,12,0,0
BRDA:196,12,1,0
BRDA:197,13,0,0
BRDA:197,13,1,0
BRDA:200,14,0,0
BRDA:200,14,1,0
BRDA:202,15,0,0
BRDA:202,15,1,0
BRDA:205,16,0,0
BRDA:205,16,1,0
BRDA:211,17,0,0
BRDA:211,17,1,0
BRDA:227,18,0,0
BRDA:227,18,1,0
BRDA:228,19,0,0
BRDA:228,19,1,0
BRDA:229,20,0,0
BRDA:229,20,1,0
BRDA:239,21,0,0
BRDA:239,21,1,0
BRDA:248,22,0,0
BRDA:248,22,1,0
BRDA:256,23,0,0
BRDA:256,23,1,0
BRDA:271,24,0,0
BRDA:271,24,1,0
BRDA:274,25,0,0
BRDA:274,25,1,0
BRDA:275,26,0,0
BRDA:275,26,1,0
BRDA:276,27,0,0
BRDA:276,27,1,0
BRDA:276,28,0,0
BRDA:276,28,1,0
BRDA:297,29,0,0
BRDA:297,29,1,0
BRDA:306,30,0,0
BRDA:306,30,1,0
BRDA:307,31,0,0
BRDA:307,31,1,0
BRDA:308,32,0,0
BRDA:308,32,1,0
BRDA:311,33,0,0
BRDA:311,33,1,0
BRDA:322,34,0,0
BRDA:322,34,1,0
BRDA:328,35,0,0
BRDA:328,35,1,0
BRDA:328,35,2,0
BRDA:329,36,0,0
BRDA:329,36,1,0
BRDA:329,36,2,0
BRDA:341,37,0,0
BRDA:341,37,1,0
BRDA:355,38,0,0
BRDA:355,38,1,0
BRDA:365,39,0,0
BRDA:365,39,1,0
BRDA:368,40,0,0
BRDA:368,40,1,0
BRDA:375,41,0,0
BRDA:375,41,1,0
BRDA:378,42,0,0
BRDA:378,42,1,0
BRDA:385,43,0,0
BRDA:385,43,1,0
BRDA:385,44,0,0
BRDA:385,44,1,0
BRDA:388,45,0,0
BRDA:388,45,1,0
BRDA:395,46,0,0
BRDA:395,46,1,0
BRDA:398,47,0,0
BRDA:398,47,1,0
BRDA:416,48,0,0
BRDA:416,48,1,0
BRDA:420,49,0,0
BRDA:420,49,1,0
BRDA:420,50,0,0
BRDA:420,50,1,0
BRDA:433,51,0,0
BRDA:433,51,1,0
BRDA:434,52,0,0
BRDA:434,52,1,0
BRDA:435,53,0,0
BRDA:435,53,1,0
BRDA:440,54,0,0
BRDA:440,54,1,0
BRDA:451,55,0,0
BRDA:451,55,1,0
BRDA:473,56,0,0
BRDA:473,56,1,0
BRF:120
BRH:1
end_of_record
TN:
SF:services\CommunicationService.js
FN:36,(anonymous_0)
FN:43,(anonymous_1)
FN:65,(anonymous_2)
FN:72,(anonymous_3)
FN:96,(anonymous_4)
FN:107,(anonymous_5)
FN:114,(anonymous_6)
FN:123,(anonymous_7)
FN:130,(anonymous_8)
FN:138,(anonymous_9)
FN:150,(anonymous_10)
FN:160,(anonymous_11)
FN:170,(anonymous_12)
FN:182,(anonymous_13)
FN:195,(anonymous_14)
FN:200,(anonymous_15)
FN:221,(anonymous_16)
FN:233,(anonymous_17)
FN:243,(anonymous_18)
FNF:19
FNH:17
FNDA:0,(anonymous_0)
FNDA:1,(anonymous_1)
FNDA:2,(anonymous_2)
FNDA:1,(anonymous_3)
FNDA:1,(anonymous_4)
FNDA:2,(anonymous_5)
FNDA:9,(anonymous_6)
FNDA:1,(anonymous_7)
FNDA:9,(anonymous_8)
FNDA:4,(anonymous_9)
FNDA:1,(anonymous_10)
FNDA:2,(anonymous_11)
FNDA:1,(anonymous_12)
FNDA:1,(anonymous_13)
FNDA:3,(anonymous_14)
FNDA:1,(anonymous_15)
FNDA:1,(anonymous_16)
FNDA:0,(anonymous_17)
FNDA:1,(anonymous_18)
DA:25,12
DA:37,0
DA:44,1
DA:45,1
DA:46,1
DA:48,0
DA:49,0
DA:50,0
DA:51,0
DA:52,0
DA:66,2
DA:73,1
DA:74,1
DA:75,1
DA:77,0
DA:78,0
DA:79,0
DA:80,0
DA:85,0
DA:97,1
DA:107,2
DA:115,9
DA:119,9
DA:120,9
DA:124,1
DA:131,9
DA:139,4
DA:140,4
DA:141,3
DA:151,1
DA:152,1
DA:161,2
DA:162,1
DA:171,1
DA:174,1
DA:183,1
DA:184,1
DA:185,1
DA:196,3
DA:201,1
DA:202,1
DA:203,1
DA:205,0
DA:206,0
DA:207,0
DA:208,0
DA:209,0
DA:222,1
DA:223,1
DA:224,1
DA:234,0
DA:235,0
DA:244,1
DA:245,1
DA:246,1
DA:250,12
LF:56
LH:38
BRDA:43,0,0,0
BRDA:45,1,0,1
BRDA:45,1,1,0
BRDA:45,2,0,1
BRDA:45,2,1,1
BRDA:48,3,0,0
BRDA:48,3,1,0
BRDA:49,4,0,0
BRDA:49,4,1,0
BRDA:72,5,0,0
BRDA:74,6,0,1
BRDA:74,6,1,0
BRDA:74,7,0,1
BRDA:74,7,1,1
BRDA:77,8,0,0
BRDA:77,8,1,0
BRDA:78,9,0,0
BRDA:78,9,1,0
BRDA:119,10,0,9
BRDA:119,10,1,2
BRDA:140,11,0,1
BRDA:140,11,1,3
BRDA:200,12,0,0
BRDA:202,13,0,1
BRDA:202,13,1,0
BRDA:202,14,0,1
BRDA:202,14,1,1
BRDA:205,15,0,0
BRDA:205,15,1,0
BRDA:206,16,0,0
BRDA:206,16,1,0
BRDA:223,17,0,0
BRDA:223,17,1,1
BRF:33
BRH:14
end_of_record
TN:
SF:services\EcosystemService.js
FN:30,(anonymous_0)
FN:35,(anonymous_1)
FN:56,(anonymous_2)
FN:63,(anonymous_3)
FN:69,(anonymous_4)
FN:80,(anonymous_5)
FN:85,(anonymous_6)
FN:106,(anonymous_7)
FN:113,(anonymous_8)
FN:119,(anonymous_9)
FN:130,(anonymous_10)
FN:135,(anonymous_11)
FN:158,(anonymous_12)
FN:165,(anonymous_13)
FN:171,(anonymous_14)
FN:181,(anonymous_15)
FN:199,(anonymous_16)
FN:216,(anonymous_17)
FN:231,(anonymous_18)
FN:236,(anonymous_19)
FN:257,(anonymous_20)
FN:264,(anonymous_21)
FN:270,(anonymous_22)
FNF:23
FNH:21
FNDA:1,(anonymous_0)
FNDA:1,(anonymous_1)
FNDA:2,(anonymous_2)
FNDA:1,(anonymous_3)
FNDA:1,(anonymous_4)
FNDA:1,(anonymous_5)
FNDA:1,(anonymous_6)
FNDA:1,(anonymous_7)
FNDA:0,(anonymous_8)
FNDA:1,(anonymous_9)
FNDA:1,(anonymous_10)
FNDA:1,(anonymous_11)
FNDA:4,(anonymous_12)
FNDA:1,(anonymous_13)
FNDA:1,(anonymous_14)
FNDA:1,(anonymous_15)
FNDA:1,(anonymous_16)
FNDA:2,(anonymous_17)
FNDA:1,(anonymous_18)
FNDA:1,(anonymous_19)
FNDA:1,(anonymous_20)
FNDA:0,(anonymous_21)
FNDA:1,(anonymous_22)
DA:21,12
DA:22,12
DA:23,12
DA:31,1
DA:36,1
DA:37,1
DA:38,1
DA:40,0
DA:41,0
DA:42,0
DA:43,0
DA:44,0
DA:57,2
DA:58,2
DA:59,2
DA:64,1
DA:65,1
DA:70,1
DA:71,1
DA:72,1
DA:81,1
DA:86,1
DA:87,1
DA:88,1
DA:90,0
DA:91,0
DA:92,0
DA:93,0
DA:94,0
DA:107,1
DA:108,1
DA:109,1
DA:114,0
DA:115,0
DA:120,1
DA:121,1
DA:122,1
DA:131,1
DA:136,1
DA:137,1
DA:138,1
DA:140,0
DA:141,0
DA:142,0
DA:143,0
DA:144,0
DA:145,0
DA:146,0
DA:159,4
DA:160,4
DA:161,4
DA:166,1
DA:167,1
DA:172,1
DA:173,1
DA:174,1
DA:182,1
DA:183,1
DA:184,1
DA:185,1
DA:186,1
DA:187,1
DA:188,1
DA:190,0
DA:191,0
DA:200,1
DA:201,1
DA:202,1
DA:203,1
DA:204,1
DA:205,1
DA:206,1
DA:208,0
DA:209,0
DA:217,2
DA:218,2
DA:219,2
DA:220,2
DA:223,0
DA:232,1
DA:237,1
DA:238,1
DA:239,1
DA:241,0
DA:242,0
DA:243,0
DA:244,0
DA:245,0
DA:258,1
DA:259,1
DA:260,1
DA:265,0
DA:266,0
DA:271,1
DA:272,1
DA:273,1
DA:277,12
LF:97
LH:66
BRDA:35,0,0,0
BRDA:37,1,0,1
BRDA:37,1,1,0
BRDA:37,2,0,1
BRDA:37,2,1,1
BRDA:40,3,0,0
BRDA:40,3,1,0
BRDA:41,4,0,0
BRDA:41,4,1,0
BRDA:58,5,0,0
BRDA:58,5,1,2
BRDA:85,6,0,0
BRDA:87,7,0,1
BRDA:87,7,1,0
BRDA:87,8,0,1
BRDA:87,8,1,1
BRDA:90,9,0,0
BRDA:90,9,1,0
BRDA:91,10,0,0
BRDA:91,10,1,0
BRDA:108,11,0,0
BRDA:108,11,1,1
BRDA:135,12,0,0
BRDA:137,13,0,1
BRDA:137,13,1,0
BRDA:137,14,0,1
BRDA:137,14,1,1
BRDA:137,14,2,1
BRDA:140,15,0,0
BRDA:140,15,1,0
BRDA:141,16,0,0
BRDA:141,16,1,0
BRDA:144,17,0,0
BRDA:144,17,1,0
BRDA:160,18,0,0
BRDA:160,18,1,4
BRDA:219,19,0,2
BRDA:219,19,1,0
BRDA:219,20,0,2
BRDA:219,20,1,2
BRDA:236,21,0,0
BRDA:238,22,0,1
BRDA:238,22,1,0
BRDA:238,23,0,1
BRDA:238,23,1,1
BRDA:241,24,0,0
BRDA:241,24,1,0
BRDA:242,25,0,0
BRDA:242,25,1,0
BRDA:259,26,0,0
BRDA:259,26,1,1
BRF:51
BRH:20
end_of_record
TN:
SF:services\EmailService.js
FN:3,(anonymous_0)
FN:9,(anonymous_1)
FN:29,(anonymous_2)
FN:49,(anonymous_3)
FNF:4
FNH:4
FNDA:2,(anonymous_0)
FNDA:2,(anonymous_1)
FNDA:2,(anonymous_2)
FNDA:2,(anonymous_3)
DA:1,12
DA:3,12
DA:4,2
DA:7,12
DA:9,12
DA:10,2
DA:11,2
DA:12,0
DA:21,0
DA:29,12
DA:30,2
DA:31,2
DA:32,0
DA:33,0
DA:39,0
DA:41,0
DA:42,0
DA:49,12
DA:50,2
DA:51,2
DA:52,2
DA:53,2
DA:61,2
DA:64,12
LF:24
LH:17
BRDA:4,0,0,2
BRDA:4,0,1,0
BRDA:4,0,2,0
BRDA:10,1,0,0
BRDA:10,1,1,2
BRDA:11,2,0,2
BRDA:11,2,1,0
BRDA:14,3,0,0
BRDA:14,3,1,0
BRDA:31,4,0,2
BRDA:31,4,1,0
BRDA:34,5,0,0
BRDA:34,5,1,0
BRDA:52,6,0,1
BRDA:52,6,1,1
BRDA:56,7,0,1
BRDA:56,7,1,1
BRDA:57,8,0,2
BRDA:57,8,1,0
BRF:19
BRH:9
end_of_record
TN:
SF:services\HaciendaService.js
FN:7,(anonymous_0)
FNF:1
FNH:0
FNDA:0,(anonymous_0)
DA:8,0
DA:9,0
DA:10,0
DA:12,0
DA:13,0
DA:16,0
DA:17,0
DA:18,0
DA:21,0
DA:23,0
DA:24,0
DA:29,12
LF:12
LH:1
BRDA:12,0,0,0
BRDA:12,0,1,0
BRDA:17,1,0,0
BRDA:17,1,1,0
BRDA:17,2,0,0
BRDA:17,2,1,0
BRF:6
BRH:0
end_of_record
TN:
SF:services\InversorService.js
FN:5,(anonymous_0)
FN:9,(anonymous_1)
FN:41,(anonymous_2)
FN:47,(anonymous_3)
FN:52,(anonymous_4)
FNF:5
FNH:5
FNDA:1,(anonymous_0)
FNDA:1,(anonymous_1)
FNDA:2,(anonymous_2)
FNDA:1,(anonymous_3)
FNDA:1,(anonymous_4)
DA:1,12
DA:2,12
DA:6,1
DA:10,1
DA:12,1
DA:13,1
DA:16,0
DA:17,0
DA:18,0
DA:20,0
DA:21,0
DA:26,0
DA:33,0
DA:42,2
DA:43,2
DA:44,2
DA:48,1
DA:49,1
DA:53,1
DA:54,1
DA:55,1
DA:59,12
LF:22
LH:15
BRDA:9,0,0,0
BRDA:10,1,0,1
BRDA:10,2,0,1
BRDA:12,3,0,1
BRDA:12,3,1,0
BRDA:12,4,0,1
BRDA:12,4,1,1
BRDA:12,4,2,1
BRDA:16,5,0,0
BRDA:16,5,1,0
BRDA:17,6,0,0
BRDA:17,6,1,0
BRDA:21,7,0,0
BRDA:21,7,1,0
BRDA:30,8,0,0
BRDA:30,8,1,0
BRDA:43,9,0,0
BRDA:43,9,1,2
BRF:18
BRH:7
end_of_record
TN:
SF:services\NotificationService.js
FN:4,(anonymous_0)
FN:8,(anonymous_1)
FN:15,(anonymous_2)
FN:22,(anonymous_3)
FN:31,(anonymous_4)
FN:38,(anonymous_5)
FNF:6
FNH:5
FNDA:0,(anonymous_0)
FNDA:1,(anonymous_1)
FNDA:2,(anonymous_2)
FNDA:2,(anonymous_3)
FNDA:1,(anonymous_4)
FNDA:2,(anonymous_5)
DA:1,12
DA:5,0
DA:9,1
DA:16,2
DA:19,2
DA:23,2
DA:26,2
DA:27,1
DA:28,1
DA:32,1
DA:35,1
DA:39,2
DA:42,2
DA:43,1
DA:44,1
DA:48,12
LF:16
LH:15
BRDA:26,0,0,1
BRDA:26,0,1,1
BRDA:42,1,0,1
BRDA:42,1,1,1
BRF:4
BRH:4
end_of_record
TN:
SF:services\RoleService.js
FN:4,(anonymous_0)
FN:8,(anonymous_1)
FN:12,(anonymous_2)
FN:18,(anonymous_3)
FN:23,(anonymous_4)
FNF:5
FNH:5
FNDA:3,(anonymous_0)
FNDA:1,(anonymous_1)
FNDA:2,(anonymous_2)
FNDA:1,(anonymous_3)
FNDA:1,(anonymous_4)
DA:1,12
DA:5,3
DA:9,1
DA:13,2
DA:14,2
DA:15,2
DA:19,1
DA:20,1
DA:24,1
DA:25,1
DA:26,1
DA:30,12
LF:12
LH:12
BRDA:14,0,0,0
BRDA:14,0,1,2
BRF:2
BRH:1
end_of_record
TN:
SF:services\SectorService.js
FN:4,(anonymous_0)
FN:8,(anonymous_1)
FN:12,(anonymous_2)
FN:18,(anonymous_3)
FN:23,(anonymous_4)
FNF:5
FNH:5
FNDA:3,(anonymous_0)
FNDA:1,(anonymous_1)
FNDA:2,(anonymous_2)
FNDA:1,(anonymous_3)
FNDA:1,(anonymous_4)
DA:1,12
DA:5,3
DA:9,1
DA:13,2
DA:14,2
DA:15,2
DA:19,1
DA:20,1
DA:24,1
DA:25,1
DA:26,1
DA:30,12
LF:12
LH:12
BRDA:14,0,0,0
BRDA:14,0,1,2
BRF:2
BRH:1
end_of_record
TN:
SF:services\SessionService.js
FN:4,(anonymous_0)
FN:8,(anonymous_1)
FN:12,(anonymous_2)
FN:18,(anonymous_3)
FN:23,(anonymous_4)
FNF:5
FNH:5
FNDA:3,(anonymous_0)
FNDA:1,(anonymous_1)
FNDA:2,(anonymous_2)
FNDA:1,(anonymous_3)
FNDA:1,(anonymous_4)
DA:1,12
DA:5,3
DA:9,1
DA:13,2
DA:14,2
DA:15,2
DA:19,1
DA:20,1
DA:24,1
DA:25,1
DA:26,1
DA:30,12
LF:12
LH:12
BRDA:14,0,0,0
BRDA:14,0,1,2
BRF:2
BRH:1
end_of_record
TN:
SF:services\StartupService.js
FN:42,(anonymous_0)
FN:57,(anonymous_1)
FN:92,(anonymous_2)
FN:104,(anonymous_3)
FN:114,(anonymous_4)
FNF:5
FNH:5
FNDA:1,(anonymous_0)
FNDA:2,(anonymous_1)
FNDA:2,(anonymous_2)
FNDA:1,(anonymous_3)
FNDA:1,(anonymous_4)
DA:31,12
DA:32,12
DA:43,1
DA:58,2
DA:59,2
DA:62,2
DA:63,2
DA:64,2
DA:65,2
DA:71,2
DA:78,2
DA:93,2
DA:94,2
DA:95,2
DA:105,1
DA:106,1
DA:115,1
DA:116,1
DA:117,1
DA:121,12
LF:20
LH:20
BRDA:58,0,0,1
BRDA:58,1,0,1
BRDA:58,2,0,2
BRDA:58,3,0,2
BRDA:63,4,0,0
BRDA:63,4,1,2
BRDA:64,5,0,0
BRDA:64,5,1,2
BRDA:65,6,0,1
BRDA:65,6,1,1
BRDA:75,7,0,0
BRDA:75,7,1,2
BRDA:94,8,0,0
BRDA:94,8,1,2
BRF:14
BRH:10
end_of_record
TN:
SF:services\UploadService.js
FN:6,(anonymous_0)
FN:41,(anonymous_1)
FN:42,(anonymous_2)
FN:52,(anonymous_3)
FN:67,(anonymous_4)
FNF:5
FNH:1
FNDA:24,(anonymous_0)
FNDA:0,(anonymous_1)
FNDA:0,(anonymous_2)
FNDA:0,(anonymous_3)
FNDA:0,(anonymous_4)
DA:1,12
DA:2,12
DA:3,12
DA:6,12
DA:7,24
DA:12,12
DA:13,0
DA:24,12
DA:25,0
DA:34,12
DA:35,12
DA:36,12
DA:37,12
DA:38,0
DA:40,12
DA:41,0
DA:43,0
DA:44,0
DA:49,12
DA:53,0
DA:54,0
DA:55,0
DA:57,0
DA:67,12
DA:68,0
DA:69,0
DA:72,0
DA:73,0
DA:76,12
LF:29
LH:15
BRDA:7,0,0,24
BRDA:7,0,1,0
BRDA:7,0,2,0
BRDA:12,1,0,0
BRDA:12,1,1,12
BRDA:24,2,0,0
BRDA:24,2,1,12
BRDA:37,3,0,0
BRDA:37,3,1,12
BRDA:54,4,0,0
BRDA:54,4,1,0
BRDA:68,5,0,0
BRDA:68,5,1,0
BRDA:72,6,0,0
BRDA:72,6,1,0
BRDA:72,7,0,0
BRDA:72,7,1,0
BRF:17
BRH:4
end_of_record
TN:
SF:services\UserService.js
FN:39,(anonymous_0)
FN:83,(anonymous_1)
FN:95,(anonymous_2)
FN:108,(anonymous_3)
FN:145,(anonymous_4)
FNF:5
FNH:5
FNDA:5,(anonymous_0)
FNDA:1,(anonymous_1)
FNDA:2,(anonymous_2)
FNDA:2,(anonymous_3)
FNDA:1,(anonymous_4)
DA:29,12
DA:30,12
DA:40,5
DA:44,5
DA:47,5
DA:48,5
DA:49,5
DA:50,5
DA:51,0
DA:52,0
DA:54,5
DA:55,5
DA:56,20
DA:58,5
DA:59,5
DA:61,5
DA:74,5
DA:75,5
DA:76,5
DA:84,1
DA:96,2
DA:97,2
DA:98,2
DA:109,2
DA:113,2
DA:114,1
DA:117,1
DA:120,1
DA:122,1
DA:123,0
DA:127,1
DA:128,1
DA:131,1
DA:134,1
DA:135,1
DA:136,1
DA:146,1
DA:147,1
DA:148,1
DA:152,12
LF:40
LH:37
BRDA:49,0,0,0
BRDA:49,0,1,5
BRDA:49,1,0,5
BRDA:49,1,1,5
BRDA:50,2,0,5
BRDA:50,2,1,0
BRDA:50,3,0,5
BRDA:50,3,1,0
BRDA:51,4,0,0
BRDA:51,4,1,0
BRDA:51,5,0,0
BRDA:51,5,1,0
BRDA:52,6,0,0
BRDA:52,6,1,0
BRDA:52,7,0,0
BRDA:52,7,1,0
BRDA:97,8,0,0
BRDA:97,8,1,2
BRDA:113,9,0,1
BRDA:113,9,1,1
BRDA:122,10,0,0
BRDA:122,10,1,1
BRDA:127,11,0,1
BRDA:127,11,1,0
BRF:24
BRH:10
end_of_record
